{
  "30-seconds/30-seconds-of-css": [],
  "necolas/normalize.css": [
    {
      "title": "Problem with tailwindcss v4",
      "url": "https://github.com/necolas/normalize.css/issues/925",
      "bodyText": "After updating my project to version 4 of Tiliwand, I noticed that tags like h1 and ... had a margin, even though I didn't put anything like that on the tag.\nI even tested it in a new, raw project and found that removing the normalize package solved the problem.",
      "createdAt": "2025-03-08T18:30:21Z",
      "number": 925,
      "labels": {
        "nodes": []
      },
      "author": {
        "login": "alireza-asgharii"
      }
    },
    {
      "title": "cloud't install",
      "url": "https://github.com/necolas/normalize.css/issues/923",
      "bodyText": "npm warn EBADENGINE Unsupported engine {\nnpm warn EBADENGINE   package: '@achrinza/node-ipc@9.2.2',\nnpm warn EBADENGINE   required: { node: '8 || 10 || 12 || 14 || 16 || 17' },\nnpm warn EBADENGINE   current: { node: 'v20.18.0', npm: '10.8.2' }\nnpm warn EBADENGINE }",
      "createdAt": "2025-01-24T06:21:13Z",
      "number": 923,
      "labels": {
        "nodes": []
      },
      "author": {
        "login": "laostay"
      }
    },
    {
      "title": "Normalize.css  doesn't work on firefox developer edition",
      "url": "https://github.com/necolas/normalize.css/issues/921",
      "bodyText": "",
      "createdAt": "2024-12-23T14:35:19Z",
      "number": 921,
      "labels": {
        "nodes": []
      },
      "author": {
        "login": "ibra-kdbra"
      }
    },
    {
      "title": "J",
      "url": "https://github.com/necolas/normalize.css/issues/920",
      "bodyText": "<style type=\"text/css\" nonce=\"qqSPQiwy\">html{touch-action:manipulation}body{background:#fff;color:#1c1e21;direction:ltr;line-height:1.34;margin:0px;padding:0px;unicode-bidi:embed}body,button,input,label,select,td,textarea{font-family:-apple-system, BlinkMacSystemFont, \"Segoe UI\", Roboto, Helvetica, Arial, sans-serif;font-size:12px}h1,h2,h3,h4,h5,h6{color:#1c1e21;font-size:13px;font-weight:600;margin:0px;padding:0px}h1{font-size:14px}h4,h5,h6{font-size:12px}p{margin:1em 0}b,strong{font-weight:600}a{color:#385898;cursor:pointer;text-decoration:none}button{margin:0}a:hover{text-decoration:underline}img{border:0px}td,td.label{text-align:left}dd{color:#000}dt{color:#606770}ul{list-style-type:none;margin:0px;padding:0px}abbr{border-bottom:none;text-decoration:none}hr{background:#dadde1;border-width:0;color:#dadde1;height:1px}form{margin:0;padding:0}label{color:#606770;cursor:default;font-weight:600;vertical-align:middle}label input{font-weight:normal}textarea,.inputtext,.inputpassword{border:1px solid #ccd0d5;border-radius:0;margin:0;padding:3px}textarea{max-width:100%}select{border:1px solid #ccd0d5;padding:2px}input,select,textarea{background-color:#fff;color:#1c1e21}.inputtext,.inputpassword{padding-bottom:4px}.inputtext:invalid,.inputpassword:invalid{box-shadow:none}.inputradio{margin:0 5px 0 0;padding:0;vertical-align:middle}.inputcheckbox{border:0;vertical-align:middle}.inputbutton,.inputsubmit{background-color:#4267b2;border-color:#DADDE1 #0e1f5b #0e1f5b #d9dfea;border-style:solid;border-width:1px;color:#fff;padding:2px 15px 3px 15px;text-align:center}.inputaux{background:#ebedf0;border-color:#EBEDF0 #666 #666 #e7e7e7;color:#000}.inputsearch{background:#FFFFFF url(https://static.xx.fbcdn.net/rsrc.php/v3/yL/r/unHwF9CkMyM.png) no-repeat left 4px;padding-left:17px}.clearfix:after{clear:both;content:'.';display:block;font-size:0;height:0;line-height:0;visibility:hidden}.datawrap{word-wrap:break-word}.word_break{display:inline-block}.ellipsis{overflow:hidden;text-overflow:ellipsis;white-space:nowrap}.aero{opacity:.5}.column{float:left}.center{margin-left:auto;margin-right:auto}#facebook .hidden_elem{display:none!important}#facebook .invisible_elem{visibility:hidden}#facebook .accessible_elem{clip:rect(1px, 1px, 1px, 1px);height:1px;overflow:hidden;position:absolute;white-space:nowrap;width:1px}#facebook .accessible_elem_offset{margin:-1px}.direction_ltr{direction:ltr}.direction_rtl{direction:rtl}.text_align_ltr{text-align:left}.text_align_rtl{text-align:right}body{overflow-y:scroll}.mini_iframe{overflow-y:visible}.auto_resize_iframe{height:auto;overflow:hidden}.pipe{color:gray;padding:0 3px}#content{margin:0;outline:none;padding:0;width:auto}.profile #content,.home #content,.search #content{min-height:600px}.UIStandardFrame_Container{margin:0 auto;padding-top:20px;width:960px}.UIStandardFrame_Content{float:left;margin:0;padding:0;width:760px}.UIStandardFrame_SidebarAds{float:right;margin:0;padding:0;width:200px;word-wrap:break-word}.UIFullPage_Container{margin:0 auto;padding:20px 12px 0;width:940px}.empty_message{background:#f5f6f7;font-size:13px;line-height:17px;padding:20px 20px 50px;text-align:center}.see_all{text-align:right}.standard_status_element{visibility:hidden}.standard_status_element.async_saving{visibility:visible}svg{forced-color-adjust:auto}img.tracking_pixel{height:1px;position:absolute;visibility:hidden;width:1px}#globalContainer{margin:0 auto;position:relative}.fbx #globalContainer{width:981px}.sidebarMode #globalContainer{padding-right:205px}.fbx #tab_canvas>div{padding-top:0}.fb_content{min-height:640px;padding-bottom:20px}.fbx .fb_content{padding-bottom:0}.skipto{display:none}.home .skipto{display:block}._li._li._li{overflow:initial}._aj3e,._aj3e video{display:block;height:4px;left:0;position:absolute;top:0;width:2px;z-index:-1}._aowd._li._li._li{overflow:hidden}._9053 ._li._li._li{overflow-x:hidden}._72b0{position:relative;z-index:0}.registration ._li._9bpz{background-color:#f0f2f5}._li ._9bp-{padding-top:5px;text-align:center}._li ._9bp- .fb_logo{height:100px}._li ._a66f{padding-top:5px;text-align:center}._li ._a66f .fb_logo{height:80px;padding-top:72px}._5vb_ #pageFooter{display:none}html body._5vb_ #globalContainer{width:976px}._5vb_.hasLeftCol #headerArea{margin:0;padding-top:0;width:786px}._5vb_,._5vb_ #contentCol{background-color:#e9ebee;color:#1d2129}html ._5vb_.hasLeftCol #contentCol{border-left:0;margin-left:172px;padding-left:11px;padding-top:11px}._5vb_.hasLeftCol #topNav{border-left:0;margin-left:172px;padding:11px 7px 0 11px}._5vb_.hasLeftCol #topNav~#contentCol{padding-top:0}._5vb_.hasLeftCol #leftCol{padding-left:8px;padding-top:12px;width:164px}._5vb_.hasLeftCol #mainContainer{border-right:0;margin-left:0}._5vb_.hasLeftCol #pageFooter{background:none}html ._5vb_._5vb_.hasLeftCol div#contentArea{padding-left:0;padding-right:10px;width:786px}html ._5vb_._5vb_.hasLeftCol .hasRightCol div#contentArea{width:496px}._5vb_.hasLeftCol ._5r-_ div#rightCol{padding:0 7px 0 0;width:280px}._2yq #globalContainer{width:1012px!important}._2yq #headerArea{float:none!important;padding:0 0 12px 0!important;width:auto!important}._2yq #contentArea{margin-right:0;padding:0!important}._2yq #leftCol,._2yq #contentCol{padding:0!important}._2yq #rightCol{float:left;margin-top:0;padding:0!important}.tinyViewport ._2yq #pagelet_navigation.fixed_elem{position:static!important}._2yq .loggedout_menubar_container{min-width:1014px}._a7o5{font-size:15px;margin:auto}._a705{margin:0 auto;max-width:800px;width:100%}._ap67{height:100%;margin:0 auto;overflow:scroll;width:100%}._a706{float:left;margin-bottom:15px;position:relative;width:inherit;word-break:break-word;z-index:0}._a707{clear:both;color:#7f7f7f;margin-bottom:20px;margin-top:10px;text-align:center}._a709{background:#fff;border-radius:8px;display:flex;flex-direction:row;padding:15px}._a70a{background:#fff;border-radius:3px;display:flex;flex-direction:row;padding-bottom:15px;padding-left:2px;padding-right:15px;padding-top:15px}._a70b{background:#fff;border-radius:3px;display:flex;flex-direction:row;padding-bottom:15px;padding-left:2px;padding-right:15px;padding-top:15px}._a70c{border-radius:50%;height:16px;padding:4px;width:16px}._a70d{display:flex;flex-direction:column;justify-content:center;margin-left:8px;width:100%}._a70e{color:#1d2129;font-weight:bold;line-height:18px;margin-bottom:3px}._aoa9{color:#1d2129;line-height:16px;margin-bottom:3px;margin-top:6px}._aoaa{color:#90949c;line-height:16px;margin-top:6px}._a70f{color:#90949c;line-height:16px}._as10{color:#90949c;line-height:16px;margin-top:6px}._a70h{margin-top:4px}._a7cj{background:white;box-shadow:0 1px 7px #ccc;position:fixed;width:100%;z-index:99}._acpq{background:white;border-radius:8px;margin-top:15px;padding:10px}._acpr{font-weight:bold;margin-bottom:3px}._a7co{margin-left:16px}._a7cv{align-items:center;display:flex;justify-content:end}._a7cw{align-items:center;display:flex;margin-right:16px}._a7cx{border-radius:50%;margin-right:8px}._a7cy{font-size:15px;font-weight:600}._a7cz{margin-left:8px;margin-right:16px}._a7c-{color:#000;text-decoration:none}._a7c_{height:70px;width:100%}._alz_{background:#fff;border-radius:8px;border-spacing:0px;table-layout:fixed;text-align:left;width:100%}._al-0{background-color:#f0f2f5;padding:16px 12px;width:150px}._amo-{color:#444950}._al-1{border-top:1px solid #f4faff;padding:16px 12px}._ar4w{list-style-position:inside;list-style-type:disc;margin-left:12px;margin-top:12px}._5aj7{display:flex}._5aj7 ._4bl7{float:none}._5aj7 ._4bl9{flex:1 0 0px}._ikh ._4bl7{float:left;min-height:1px}._4bl7,._4bl9{word-wrap:break-word}._4bl9{overflow:hidden}._4jnw{margin:0px}._3-8h{margin:4px}._3-8i{margin:8px}._3-8j{margin:12px}._3-8k{margin:16px}._3-8l{margin:20px}._2-5b{margin:24px}._1kbd{margin-bottom:0px;margin-top:0px}._3-8m{margin-bottom:4px;margin-top:4px}._3-8n{margin-bottom:8px;margin-top:8px}._3-8o{margin-bottom:12px;margin-top:12px}._3-8p{margin-bottom:16px;margin-top:16px}._3-8q{margin-bottom:20px;margin-top:20px}._2-ox{margin-bottom:24px;margin-top:24px}._1a4i{margin-left:0px;margin-right:0px}._3-8r{margin-left:4px;margin-right:4px}._3-8s{margin-left:8px;margin-right:8px}._3-8t{margin-left:12px;margin-right:12px}._3-8u{margin-left:16px;margin-right:16px}._3-8v{margin-left:20px;margin-right:20px}._6bu9{margin-left:24px;margin-right:24px}._5soe{margin-top:0px}._3-8w{margin-top:4px}._3-8x{margin-top:8px}._3-8y{margin-top:12px}._3-8z{margin-top:16px}._3-8-{margin-top:20px}._4aws{margin-top:24px}._2-jz{margin-right:0px}._3-8_{margin-right:4px}._3-90{margin-right:8px}._3-91{margin-right:12px}._3-92{margin-right:16px}._3-93{margin-right:20px}._y8t{margin-right:24px}._5emk{margin-bottom:0px}._3-94{margin-bottom:4px}._3-95{margin-bottom:8px}._3-96{margin-bottom:12px}._3-97{margin-bottom:16px}._3-98{margin-bottom:20px}._20nr{margin-bottom:24px}._av_{margin-left:0px}._3-99{margin-left:4px}._3-9a{margin-left:8px}._3-9b{margin-left:12px}._3-9c{margin-left:16px}._3-9d{margin-left:20px}._4m0t{margin-left:24px}._a82f{margin-left:28px}._a6-g{background:white;border-radius:8px}._a6-h{color:#1d2129;font-weight:bold;line-height:18px}._a6-i{border-bottom:1px solid #dadde1}._a6-o,._a6-o a{color:#8d949e;line-height:16px}._a72d{padding-bottom:12px;padding-left:12px;padding-right:12px}._a6-p{color:#1d2129;line-height:17px}._a6-q{color:gray}._a6_m{font-weight:bold}._a6_n{line-height:2;text-align:left}._a6_n tbody tr th{padding:5px 5px;text-align:left;vertical-align:top;width:150px}._a6_o{max-width:100%}._a6_p{font-weight:bold}._a6_q{color:#90949c;line-height:20px;min-width:50px}._acpx{color:#90949c}._acq1{line-height:20px;padding-bottom:8px}._a6_r{line-height:20px}._a6_s{word-break:break-all}._a7nf{display:flex;padding-left:5px;margin-bottom:5px}._a7ng{padding-right:5px}._a7nh{width:20%}._8tm{padding:0px}._2phz{padding:4px}._2ph-{padding:8px}._2ph_{padding:12px}._2pi0{padding:16px}._2pi1{padding:20px}._40c7{padding:24px}._2o1j{padding:36px}._6buq{padding-bottom:0px;padding-top:0px}._2pi2{padding-bottom:4px;padding-top:4px}._2pi3{padding-bottom:8px;padding-top:8px}._2pi4{padding-bottom:12px;padding-top:12px}._2pi5{padding-bottom:16px;padding-top:16px}._2pi6{padding-bottom:20px;padding-top:20px}._2o1k{padding-bottom:24px;padding-top:24px}._2o1l{padding-bottom:36px;padding-top:36px}._6bua{padding-left:0px;padding-right:0px}._2pi7{padding-left:4px;padding-right:4px}._2pi8{padding-left:8px;padding-right:8px}._2pi9{padding-left:12px;padding-right:12px}._2pia{padding-left:16px;padding-right:16px}._2pib{padding-left:20px;padding-right:20px}._2o1m{padding-left:24px;padding-right:24px}._2o1n{padding-left:36px;padding-right:36px}._iky{padding-top:0px}._2pic{padding-top:4px}._2pid{padding-top:8px}._2pie{padding-top:12px}._2pif{padding-top:16px}._2pig{padding-top:20px}._2owm{padding-top:24px}._div{padding-right:0px}._2pih{padding-right:4px}._2pii{padding-right:8px}._2pij{padding-right:12px}._2pik{padding-right:16px}._2pil{padding-right:20px}._31wk{padding-right:24px}._2phb{padding-right:32px}._au-{padding-bottom:0px}._2pim{padding-bottom:4px}._2pin{padding-bottom:8px}._2pio{padding-bottom:12px}._2pip{padding-bottom:16px}._2piq{padding-bottom:20px}._2o1p{padding-bottom:24px}._4gao{padding-bottom:32px}._1cvx{padding-left:0px}._2pir{padding-left:4px}._2pis{padding-left:8px}._2pit{padding-left:12px}._2piu{padding-left:16px}._2piv{padding-left:20px}._2o1q{padding-left:24px}._2o1r{padding-left:36px}.uiBoxGray{background-color:#f2f2f2;border:1px solid #ccc}.uiBoxDarkgray{color:#ccc;background-color:#333;border:1px solid #666}.uiBoxGreen{background-color:#d1e6b9;border:1px solid #629824}.uiBoxLightblue{background-color:#edeff4;border:1px solid #d8dfea}.uiBoxRed{background-color:#ffebe8;border:1px solid #dd3c10}.uiBoxWhite{background-color:#fff;border:1px solid #ccc}.uiBoxYellow{background-color:#fff9d7;border:1px solid #e2c822}.uiBoxOverlay{background:rgba(255, 255, 255, .85);border:1px solid #3b5998;border:1px solid rgba(59, 89, 153, .65)}.noborder{border:none}.topborder{border-bottom:none;border-left:none;border-right:none}.bottomborder{border-left:none;border-right:none;border-top:none}.dashedborder{border-style:dashed}.pas{padding:5px}.pa8{padding:8px}.pam{padding:10px}.pa16{padding:16px}.pal{padding:20px}.pts{padding-top:5px}.pt8{padding-top:8px}.ptm{padding-top:10px}.pt16{padding-top:16px}.ptl{padding-top:20px}.prs{padding-right:5px}.pr8{padding-right:8px}.prm{padding-right:10px}.pr16{padding-right:16px}.prl{padding-right:20px}.pbs{padding-bottom:5px}.pb8{padding-bottom:8px}.pbm{padding-bottom:10px}.pb16{padding-bottom:16px}.pbl{padding-bottom:20px}.pls{padding-left:5px}.pl8{padding-left:8px}.plm{padding-left:10px}.pl16{padding-left:16px}.pll{padding-left:20px}.phs{padding-left:5px;padding-right:5px}.ph8{padding-left:8px;padding-right:8px}.phm{padding-left:10px;padding-right:10px}.ph16{padding-left:16px;padding-right:16px}.phl{padding-left:20px;padding-right:20px}.pvs{padding-top:5px;padding-bottom:5px}.pv8{padding-bottom:8px;padding-top:8px}.pvm{padding-top:10px;padding-bottom:10px}.pv16{padding-bottom:16px;padding-top:16px}.pvl{padding-top:20px;padding-bottom:20px}.mas{margin:5px}.ma8{margin:8px}.mam{margin:10px}.ma16{margin:16px}.mal{margin:20px}.mts{margin-top:5px}.mt8{margin-top:8px}.mtm{margin-top:10px}.mt16{margin-top:16px}.mtl{margin-top:20px}.mrs{margin-right:5px}.mr8{margin-right:8px}.mrm{margin-right:10px}.mr16{margin-right:16px}.mrl{margin-right:20px}.mbs{margin-bottom:5px}.mb8{margin-bottom:8px}.mbm{margin-bottom:10px}.mb16{margin-bottom:16px}.mbl{margin-bottom:20px}.mls{margin-left:5px}.ml8{margin-left:8px}.mlm{margin-left:10px}.ml16{margin-left:16px}.mll{margin-left:20px}.mhs{margin-left:5px;margin-right:5px}.mh8{margin-left:8px;margin-right:8px}.mhm{margin-left:10px;margin-right:10px}.mh16{margin-left:16px;margin-right:16px}.mhl{margin-left:20px;margin-right:20px}.mvs{margin-top:5px;margin-bottom:5px}.mv8{margin-bottom:8px;margin-top:8px}.mvm{margin-top:10px;margin-bottom:10px}.mv16{margin-bottom:16px;margin-top:16px}.mvl{margin-top:20px;margin-bottom:20px}</style><title>Chats</title>Â Â ChatsMessages you've exchangedDominique BronsonInstagram UserKymoramarieeeeMartina L. Gray-AlraeeMatthew HargrovePaul2iu",
      "createdAt": "2024-12-03T03:25:42Z",
      "number": 920,
      "labels": {
        "nodes": []
      },
      "author": {
        "login": "Boss1791"
      }
    },
    {
      "title": "FONT NOT DETECTING OR TRANSLATING IN ANY BROWSER",
      "url": "https://github.com/necolas/normalize.css/issues/919",
      "bodyText": "Hello expert people,\nI am having issue with browsing some specific site. I am on Windows 11 Desktop, Edge or Chrome none of the browser detecting fonts. I would appreciate if anyone can help. From inspect element I can see that they have used following font-family:\nOpen Sans,Inter,-apple-system,BlinkMacSystemFont,\"Segoe UI\",\"Helvetica Neue\",Arial,\"Noto Sans\",sans-serif,\"Apple ColorDef Emoji\",\"Segoe UI Emoji\",\"Segoe UI Symbol\",\"Noto ColorDef Emoji\"\n\nPlease note, when I am changing to Arial in Inspect Element CSS, text are displaying fine. It seems to me, font-family creating trouble. I have already installed into the windows all these fonts available in the font-family but no luck. For your kind information, I don't own the site, I am an end-user.\n\nHere's 02 screenshots:\n\n\nThank you in advance\nRahman",
      "createdAt": "2024-11-18T23:57:05Z",
      "number": 919,
      "labels": {
        "nodes": []
      },
      "author": {
        "login": "AlfieTitu78"
      }
    }
  ],
  "animate-css/animate.css": [
    {
      "title": "Suggestion to Add New Features for Scroll-based, 3D, and Mouse Interactions Animations",
      "url": "https://github.com/animate-css/animate.css/issues/1851",
      "bodyText": "Is your feature request related to a problem? Please describe.\nCurrently, animations in animate.css trigger automatically based on time. I suggest adding the ability to trigger animations only when the user scrolls to a specific section of the page. This feature would be especially useful for creating more engaging, interactive user experiences on long pages or specific sections.\nSuggestion: Implement features that trigger animations based on the user's scroll position.\nDescribe the solution you'd like.\n\nScroll-based Animations\nSupport for 3D Animations\nMouse and Touch-based Animations\nChaining Animations\n\nDescribe alternatives you've considered.\n\nScroll-based Animations\nSupport for 3D Animations\nMouse and Touch-based Animations\nChaining Animations\n\nAdditional Context\nHello animate.css team,\nIâ€™ve been using your library and I really love the simple and efficient animations you provide. However, I have a few suggestions that could improve the library and make it even more attractive and useful.\nCurrently, animations in animate.css trigger automatically based on time. I suggest adding the ability to trigger animations only when the user scrolls to a specific section of the page. This feature would be especially useful for creating more engaging, interactive user experiences on long pages or specific sections.\nSuggestion: Implement features that trigger animations based on the user's scroll position.\nThe library primarily focuses on 2D animations, but for more complex projects, 3D animations can be extremely helpful. I suggest adding effects like rotateX, rotateY, and perspective to support 3D animations.\nSuggestion: Add support for 3D animations to provide more depth and engaging effects in user interactions.\nTo enhance interactivity, adding mouse or touch-based animations would be beneficial. This feature would allow users to see animations dynamically based on mouse movements or touches.\nSuggestion: Add support for triggering animations when the mouse or finger is hovering over or moving on an element.\nCurrently, animations run independently. I suggest adding the ability to chain multiple animations so they can play consecutively or simultaneously. This would allow more complex animation sequences.\nSuggestion: Implement a chaining feature that allows users to combine multiple animations to run in sequence or at the same time.\nThese features could make animate.css a much more powerful and flexible tool for a wider range of projects.\nThanks for the amazing library youâ€™ve created! I hope these suggestions can help improve it even further.",
      "createdAt": "2025-04-12T04:19:42Z",
      "number": 1851,
      "labels": {
        "nodes": [
          {
            "name": "feature request"
          }
        ]
      },
      "author": {
        "login": "alighasemi889"
      }
    },
    {
      "title": "Unable to install",
      "url": "https://github.com/animate-css/animate.css/issues/1850",
      "bodyText": "Describe The Bug\nrunning 'npm install animate.css --save' shows a bunch of 'deprecation' messages then throws about 50 errors and will not install.\nI am guessing that this CSS is no longer being updated or maintained.\nI also tried install with yarn and it gives erros also and doen't install\n\"error eslint-plugin-jsdoc@36.1.1: The engine \"node\" is incompatible with this module. Expected version \"^12 || ^14 || ^16\". Got \"22.14.0\"\nerror Found incompatible module.\"\nSteps To Reproduce\nNo response\nExpected Behavior\nNo response\nScreenshots\nNo response\nDesktop\nNo response\nSmartphone\nNo response\nAdditional Context\nNo response",
      "createdAt": "2025-04-01T21:09:06Z",
      "number": 1850,
      "labels": {
        "nodes": [
          {
            "name": "bug"
          }
        ]
      },
      "author": {
        "login": "legiondesigns"
      }
    },
    {
      "title": "My suggestions...",
      "url": "https://github.com/animate-css/animate.css/issues/1846",
      "bodyText": "I'm not sure this project is still active but lately I did a deep dive into this project. Here are some of my suggestions:\n\n\nMany \"Out\"-animations are actually reversed \"In\"-animations. This could drasticly lower the number of animations needed.\n\n\nTo my opinion the \"webkit\"-versions are something of the past.\n\n\nI see things like (for example):\n@Keyframes fadeInLeftBig {\nfrom {opacity: 0;transform: translate3d(-2000px, 0, 0);}\nto {opacity: 1;transform: translate3d(0, 0, 0);}\n}\n\n\nI see what you are trying to accomplish with those -2000px, but it actually works so that in aprox. the first half of the animation nothing happens (depending on the position of the element to animate and viewport width). The actual sortcoming is in CSS itself (I requested a solution for this). In the meanwhile it could be wise to use vw en vh units. This does not solve the problem but makes the problem independent of the screen size.\n\n\nAs a library of animations you should be complete. For example, in the rotations I miss some clockwise and counter clockwise variants.\n\n\nThe slide animations also changes visibility. I took these out because it makes it impossible to run the animation more then once.\n\n\nI made a simple but effective editor to tryout all animations. If interrested i could share this code. For this I need an email adress...\n\n\nI made some 3D animations:\n\n\n@Keyframes doorInLeft{\n0% {transform: perspective(400px) rotate3d(0,1,0,90deg);}\n100% {transform: perspective(400px) rotate3d(0,1,0,0deg);}\n}\n@Keyframes doorInRight{\n0% {transform: perspective(400px) rotate3d(0,1,0,-90deg);}\n100% {transform: perspective(400px) rotate3d(0,1,0,0deg);}\n}\n@Keyframes doorInDown{\n0% {transform: perspective(400px) rotate3d(1,0,0,90deg);}\n100% {transform: perspective(400px) rotate3d(1,0,0,0deg);}\n}\n@Keyframes doorInUp{\n0% {transform: perspective(400px) rotate3d(1,0,0,-90deg);}\n100% {transform: perspective(400px) rotate3d(1,0,0,0deg);}\n}\n@Keyframes doorXYInUp{\n0% {transform: perspective(400px) rotate3d(1,1,0,-90deg);}\n100% {transform: perspective(400px) rotate3d(1,1,0,0deg);}\n}\n@Keyframes doorXYInDown{\n0% {transform: perspective(400px) rotate3d(1,1,0,90deg);}\n100% {transform: perspective(400px) rotate3d(1,1,0,0deg);}\n}\n@Keyframes doorXYZInV{\n0% {transform: perspective(400px) rotate3d(1,1,1,120deg);}\n100% {transform: perspective(400px) rotate3d(1,1,1,0deg);}\n}\n@Keyframes doorXYZInH{\n0% {transform: perspective(400px) rotate3d(1,1,1,-120deg);}\n100% {transform: perspective(400px) rotate3d(1,1,1,0deg);}\n}\nthe \"out\"-variations are just reversed versions. Depending on your origin setting this leads to different animations...\nActually it is a nice set of animations. My complements!",
      "createdAt": "2025-01-27T23:58:02Z",
      "number": 1846,
      "labels": {
        "nodes": []
      },
      "author": {
        "login": "FirstByteFirst"
      }
    },
    {
      "title": "feat: Add Copy Button to Documentation Code Snippets ",
      "url": "https://github.com/animate-css/animate.css/issues/1842",
      "bodyText": "Issue\nThe documentation currently lacks a copy button next to code snippets, which would make it easier for users to copy the code quickly. This feature is common in many technical docs and helps avoid issues like accidentally missing characters when copying.\nscreenshot\n\nReproduce\n\nAdd a small copy button next to each <pre> or <code> block in the docs.\nThis button, when clicked, should copy the code to the clipboard.",
      "createdAt": "2025-01-12T16:18:31Z",
      "number": 1842,
      "labels": {
        "nodes": []
      },
      "author": {
        "login": "dipanshurdev"
      }
    },
    {
      "title": "animate.css & animate.min.css Issues",
      "url": "https://github.com/animate-css/animate.css/issues/1841",
      "bodyText": "When validating some of the versions of Animate.css, there are lots of errors & warnings in the animate.css, and the animate.min.css files.  Is that ever going to be fixed?  Thanks!  :--)",
      "createdAt": "2024-12-02T03:21:43Z",
      "number": 1841,
      "labels": {
        "nodes": []
      },
      "author": {
        "login": "HighlyFavoredBA"
      }
    }
  ],
  "tailwindlabs/tailwindcss": [
    {
      "title": "Circular dependency because of index.css",
      "url": "https://github.com/tailwindlabs/tailwindcss/issues/17706",
      "bodyText": "What version of Tailwind CSS are you using?\nv4.1.3\nWhat build tool (or framework if it abstracts the build tool) are you using?\nVite 6.2.6\nWhat version of Node.js are you using?\nv22.14.0\nWhat browser are you using?\nChrome\nWhat operating system are you using?\nDebian GNU/Linux 12 (bookworm)\nReproduction URL\nhttps://github.com/Nefcanto/TailwindCyclic\nDescribe your issue\nWhen I save my main.jsx in my Vite + React + Tailwind project, I see this warning:\n\nvite:hmr circular imports detected: /src/main.jsx -> /src/index.css -> /src/main.jsx\n\nThe index.css should not cause cyclic dependency.",
      "createdAt": "2025-04-17T07:28:20Z",
      "number": 17706,
      "labels": {
        "nodes": [
          {
            "name": "vite"
          }
        ]
      },
      "author": {
        "login": "Nefcanto"
      }
    },
    {
      "title": "space-x- and space-y- breaking change",
      "url": "https://github.com/tailwindlabs/tailwindcss/issues/17695",
      "bodyText": "What version of Tailwind CSS are you using?\nv4.1.3\nWhat build tool (or framework if it abstracts the build tool) are you using?\nwebpack 5.98.0\npostcss 8.5.3\npostcss-loader 8.1.1\nWhat version of Node.js are you using?\nv20.19.0\nWhat browser are you using?\nChrome\nDescribe your issue\nspace-x- and space-y- don't work with all the values in https://developer.mozilla.org/en-US/docs/Web/CSS/margin-block-start like inherit, initial and revert (space-x-[revert]). It worked in tailwind 3 but it's a breaking change. It's trying to use those words with calc which isn't possible.\n\t\n& > :not(:last-child) {\n  --tw-space-x-reverse: 0;\n  margin-inline-start: calc(<value> * var(--tw-space-x-reverse));\n  margin-inline-end: calc(<value> * calc(1 - var(--tw-space-x-reverse)));\n};",
      "createdAt": "2025-04-16T03:59:37Z",
      "number": 17695,
      "labels": {
        "nodes": [
          {
            "name": "needs reproduction"
          }
        ]
      },
      "author": {
        "login": "kocv59"
      }
    },
    {
      "title": "@reference causing re-renders in non related component with HMR",
      "url": "https://github.com/tailwindlabs/tailwindcss/issues/17693",
      "bodyText": "What version of Tailwind CSS are you using?\nv4.1.3\nWhat build tool (or framework if it abstracts the build tool) are you using?\nVite 6.2.5\nWhat version of Node.js are you using?\nv22.14.0\nWhat browser are you using?\nChrome\nWhat operating system are you using?\nUbuntu\nReproduction URL\nThere is none because it's related to the npm run dev process. But attached is a screenshot where I change only something in ProgressSection.vue, the style is scoped and it re-builds basically all components\n\nDescribe your issue\nWhen running npm run dev, and making a change to one component, instead of the HMR triggering change only for this component, it triggers changes to ALL components that have @reference '@/style.css';\nWe need the @reference, because we want to use @apply instead of writing the styles inline. Falling back to inline is not an option for us, because the project then will not be maintainable and the code not readable.\nIn tailwindcss 3, the apply did not create such issues, because we didn't have to use @reference to use it.\nNow it takes around 5-10 seconds to show a letter change from a vue component over vite, it's like going back to webpack ðŸ˜†\nYes, I have read the documentation that we could use var(--bg-blue-500) or something, but then we can't use spacings, breakspoints etc, all the benefits of tailwind.",
      "createdAt": "2025-04-15T20:31:20Z",
      "number": 17693,
      "labels": {
        "nodes": [
          {
            "name": "needs reproduction"
          }
        ]
      },
      "author": {
        "login": "bigboggy"
      }
    },
    {
      "title": "[4.1.4] Getting parser error : Cannot convert undefined or null to object",
      "url": "https://github.com/tailwindlabs/tailwindcss/issues/17692",
      "bodyText": "What version of Tailwind CSS are you using?\n4.1.4\nWhat build tool (or framework if it abstracts the build tool) are you using?\nVite 6.2.6\nWhat version of Node.js are you using?\nv22.14.1\nWhat browser are you using?\nChrome, Safari\nWhat operating system are you using?\nmacOS\nReproduction URL\nNot Deployed\nDescribe your issue\nGetting below issue when running the application\n@phoenix/panel:dev:   Plugin: @tailwindcss/vite:generate:serve\n@phoenix/panel:dev:   File: /Users/flcn-16/something/apps/panel/src/index.css\n@phoenix/panel:dev:       at M.generate (file:///Users/flcn-16/something/node_modules/.pnpm/@tailwindcss+vite@4.0.6_vite@6.2.6_@types+node@22.14.1_jiti@2.4.2_lightningcss@1.29.3_s_1ee1951df1de3fb2e272ed9875e003cd/node_modules/@tailwindcss/vite/dist/index.mjs:336:24)",
      "createdAt": "2025-04-15T18:34:40Z",
      "number": 17692,
      "labels": {
        "nodes": [
          {
            "name": "needs reproduction"
          }
        ]
      },
      "author": {
        "login": "FLCN-16"
      }
    },
    {
      "title": "[4.1.4] Multiple drop-shadows are still broken",
      "url": "https://github.com/tailwindlabs/tailwindcss/issues/17677",
      "bodyText": "What version of Tailwind CSS are you using?\nv4.1.4\nWhat build tool (or framework if it abstracts the build tool) are you using?\nNext.js v15.3.0\nWhat version of Node.js are you using?\nv22.14.0\nWhat browser are you using?\nEdge\nWhat operating system are you using?\nWindows\nReproduction URL\nhttps://play.tailwindcss.com/CgUI30hrFk?file=css\nDescribe your issue\nSeems like the multiple drop-shadow are still not working after the fix from #17515 (tagging @thecrypticace for awareness).\nGiven this theme token:\n--drop-shadow-multi: 0 0 20px rgb(0 0 0 / 0.2), 0 1px 2px rgb(0 0 0 / 0.25);\n\nYou get the following CSS output:\n.drop-shadow-multi {\n    --tw-drop-shadow-size: drop-shadow(0 0 20px var(--tw-drop-shadow-color, rgb(0 0 0 / 0.2))) drop-shadow(0 1px 2px var(--tw-drop-shadow-color, rgb(0 0 0 / 0.25)));\n    --tw-drop-shadow: drop-shadow(var(--drop-shadow-multi));\n    filter: var(--tw-blur) var(--tw-brightness) var(--tw-contrast) var(--tw-grayscale) var(--tw-hue-rotate) var(--tw-invert) var(--tw-saturate) var(--tw-sepia) var(--tw-drop-shadow);\n}\n\nNote how --tw-drop-shadow-size contains the properly expanded shadows (where each segment is wrapped in drop-shadow(...)), while the resulting --tw-drop-shadow ignores that prior declaration and simply refers to the underlying theme variable (which is comma-separated and does not work).",
      "createdAt": "2025-04-15T00:00:22Z",
      "number": 17677,
      "labels": {
        "nodes": []
      },
      "author": {
        "login": "dmitrc"
      }
    }
  ],
  "daneden/animate.css": [
    {
      "title": "Suggestion to Add New Features for Scroll-based, 3D, and Mouse Interactions Animations",
      "url": "https://github.com/animate-css/animate.css/issues/1851",
      "bodyText": "Is your feature request related to a problem? Please describe.\nCurrently, animations in animate.css trigger automatically based on time. I suggest adding the ability to trigger animations only when the user scrolls to a specific section of the page. This feature would be especially useful for creating more engaging, interactive user experiences on long pages or specific sections.\nSuggestion: Implement features that trigger animations based on the user's scroll position.\nDescribe the solution you'd like.\n\nScroll-based Animations\nSupport for 3D Animations\nMouse and Touch-based Animations\nChaining Animations\n\nDescribe alternatives you've considered.\n\nScroll-based Animations\nSupport for 3D Animations\nMouse and Touch-based Animations\nChaining Animations\n\nAdditional Context\nHello animate.css team,\nIâ€™ve been using your library and I really love the simple and efficient animations you provide. However, I have a few suggestions that could improve the library and make it even more attractive and useful.\nCurrently, animations in animate.css trigger automatically based on time. I suggest adding the ability to trigger animations only when the user scrolls to a specific section of the page. This feature would be especially useful for creating more engaging, interactive user experiences on long pages or specific sections.\nSuggestion: Implement features that trigger animations based on the user's scroll position.\nThe library primarily focuses on 2D animations, but for more complex projects, 3D animations can be extremely helpful. I suggest adding effects like rotateX, rotateY, and perspective to support 3D animations.\nSuggestion: Add support for 3D animations to provide more depth and engaging effects in user interactions.\nTo enhance interactivity, adding mouse or touch-based animations would be beneficial. This feature would allow users to see animations dynamically based on mouse movements or touches.\nSuggestion: Add support for triggering animations when the mouse or finger is hovering over or moving on an element.\nCurrently, animations run independently. I suggest adding the ability to chain multiple animations so they can play consecutively or simultaneously. This would allow more complex animation sequences.\nSuggestion: Implement a chaining feature that allows users to combine multiple animations to run in sequence or at the same time.\nThese features could make animate.css a much more powerful and flexible tool for a wider range of projects.\nThanks for the amazing library youâ€™ve created! I hope these suggestions can help improve it even further.",
      "createdAt": "2025-04-12T04:19:42Z",
      "number": 1851,
      "labels": {
        "nodes": [
          {
            "name": "feature request"
          }
        ]
      },
      "author": {
        "login": "alighasemi889"
      }
    },
    {
      "title": "Unable to install",
      "url": "https://github.com/animate-css/animate.css/issues/1850",
      "bodyText": "Describe The Bug\nrunning 'npm install animate.css --save' shows a bunch of 'deprecation' messages then throws about 50 errors and will not install.\nI am guessing that this CSS is no longer being updated or maintained.\nI also tried install with yarn and it gives erros also and doen't install\n\"error eslint-plugin-jsdoc@36.1.1: The engine \"node\" is incompatible with this module. Expected version \"^12 || ^14 || ^16\". Got \"22.14.0\"\nerror Found incompatible module.\"\nSteps To Reproduce\nNo response\nExpected Behavior\nNo response\nScreenshots\nNo response\nDesktop\nNo response\nSmartphone\nNo response\nAdditional Context\nNo response",
      "createdAt": "2025-04-01T21:09:06Z",
      "number": 1850,
      "labels": {
        "nodes": [
          {
            "name": "bug"
          }
        ]
      },
      "author": {
        "login": "legiondesigns"
      }
    },
    {
      "title": "My suggestions...",
      "url": "https://github.com/animate-css/animate.css/issues/1846",
      "bodyText": "I'm not sure this project is still active but lately I did a deep dive into this project. Here are some of my suggestions:\n\n\nMany \"Out\"-animations are actually reversed \"In\"-animations. This could drasticly lower the number of animations needed.\n\n\nTo my opinion the \"webkit\"-versions are something of the past.\n\n\nI see things like (for example):\n@Keyframes fadeInLeftBig {\nfrom {opacity: 0;transform: translate3d(-2000px, 0, 0);}\nto {opacity: 1;transform: translate3d(0, 0, 0);}\n}\n\n\nI see what you are trying to accomplish with those -2000px, but it actually works so that in aprox. the first half of the animation nothing happens (depending on the position of the element to animate and viewport width). The actual sortcoming is in CSS itself (I requested a solution for this). In the meanwhile it could be wise to use vw en vh units. This does not solve the problem but makes the problem independent of the screen size.\n\n\nAs a library of animations you should be complete. For example, in the rotations I miss some clockwise and counter clockwise variants.\n\n\nThe slide animations also changes visibility. I took these out because it makes it impossible to run the animation more then once.\n\n\nI made a simple but effective editor to tryout all animations. If interrested i could share this code. For this I need an email adress...\n\n\nI made some 3D animations:\n\n\n@Keyframes doorInLeft{\n0% {transform: perspective(400px) rotate3d(0,1,0,90deg);}\n100% {transform: perspective(400px) rotate3d(0,1,0,0deg);}\n}\n@Keyframes doorInRight{\n0% {transform: perspective(400px) rotate3d(0,1,0,-90deg);}\n100% {transform: perspective(400px) rotate3d(0,1,0,0deg);}\n}\n@Keyframes doorInDown{\n0% {transform: perspective(400px) rotate3d(1,0,0,90deg);}\n100% {transform: perspective(400px) rotate3d(1,0,0,0deg);}\n}\n@Keyframes doorInUp{\n0% {transform: perspective(400px) rotate3d(1,0,0,-90deg);}\n100% {transform: perspective(400px) rotate3d(1,0,0,0deg);}\n}\n@Keyframes doorXYInUp{\n0% {transform: perspective(400px) rotate3d(1,1,0,-90deg);}\n100% {transform: perspective(400px) rotate3d(1,1,0,0deg);}\n}\n@Keyframes doorXYInDown{\n0% {transform: perspective(400px) rotate3d(1,1,0,90deg);}\n100% {transform: perspective(400px) rotate3d(1,1,0,0deg);}\n}\n@Keyframes doorXYZInV{\n0% {transform: perspective(400px) rotate3d(1,1,1,120deg);}\n100% {transform: perspective(400px) rotate3d(1,1,1,0deg);}\n}\n@Keyframes doorXYZInH{\n0% {transform: perspective(400px) rotate3d(1,1,1,-120deg);}\n100% {transform: perspective(400px) rotate3d(1,1,1,0deg);}\n}\nthe \"out\"-variations are just reversed versions. Depending on your origin setting this leads to different animations...\nActually it is a nice set of animations. My complements!",
      "createdAt": "2025-01-27T23:58:02Z",
      "number": 1846,
      "labels": {
        "nodes": []
      },
      "author": {
        "login": "FirstByteFirst"
      }
    },
    {
      "title": "feat: Add Copy Button to Documentation Code Snippets ",
      "url": "https://github.com/animate-css/animate.css/issues/1842",
      "bodyText": "Issue\nThe documentation currently lacks a copy button next to code snippets, which would make it easier for users to copy the code quickly. This feature is common in many technical docs and helps avoid issues like accidentally missing characters when copying.\nscreenshot\n\nReproduce\n\nAdd a small copy button next to each <pre> or <code> block in the docs.\nThis button, when clicked, should copy the code to the clipboard.",
      "createdAt": "2025-01-12T16:18:31Z",
      "number": 1842,
      "labels": {
        "nodes": []
      },
      "author": {
        "login": "dipanshurdev"
      }
    },
    {
      "title": "animate.css & animate.min.css Issues",
      "url": "https://github.com/animate-css/animate.css/issues/1841",
      "bodyText": "When validating some of the versions of Animate.css, there are lots of errors & warnings in the animate.css, and the animate.min.css files.  Is that ever going to be fixed?  Thanks!  :--)",
      "createdAt": "2024-12-02T03:21:43Z",
      "number": 1841,
      "labels": {
        "nodes": []
      },
      "author": {
        "login": "HighlyFavoredBA"
      }
    }
  ],
  "30-seconds/30-seconds-of-code": [],
  "getify/You-Dont-Know-JS": [
    {
      "title": "The Final Chapter",
      "url": "https://github.com/getify/You-Dont-Know-JS/issues/1898",
      "bodyText": "Please read this update: https://www.kickstarter.com/projects/getify/you-dont-know-js-yet-second-edition-books/posts/4363072\nAlso: https://leanpub.com/ydkjsy-unbooks",
      "createdAt": "2025-04-16T01:14:41Z",
      "number": 1898,
      "labels": {
        "nodes": [
          {
            "name": "enhancement"
          },
          {
            "name": "for second edition"
          }
        ]
      },
      "author": {
        "login": "getify"
      }
    },
    {
      "title": "objects & classes: cover `Proxy`",
      "url": "https://github.com/getify/You-Dont-Know-JS/issues/1885",
      "bodyText": "Possibly in an appendix instead of its own chapter, as it's a rather niche metaprogramming technique (rarely used outside libraries/frameworks).",
      "createdAt": "2024-09-10T13:28:09Z",
      "number": 1885,
      "labels": {
        "nodes": [
          {
            "name": "for second edition"
          }
        ]
      },
      "author": {
        "login": "getify"
      }
    },
    {
      "title": "types & grammar: cover the weird non-precedence of `??` operator in the presence of `||` / `&&` operators",
      "url": "https://github.com/getify/You-Dont-Know-JS/issues/1884",
      "bodyText": "https://developer.mozilla.org/en-US/docs/Web/JavaScript/Reference/Errors/Cant_use_nullish_coalescing_unparenthesized",
      "createdAt": "2024-09-08T14:40:20Z",
      "number": 1884,
      "labels": {
        "nodes": [
          {
            "name": "for second edition"
          }
        ]
      },
      "author": {
        "login": "getify"
      }
    },
    {
      "title": "todo: fix images to support light mode/dark mode",
      "url": "https://github.com/getify/You-Dont-Know-JS/issues/1767",
      "bodyText": "See: https://twitter.com/stefanjudis/status/1465775940034781186?s=20",
      "createdAt": "2021-11-30T23:33:12Z",
      "number": 1767,
      "labels": {
        "nodes": []
      },
      "author": {
        "login": "getify"
      }
    },
    {
      "title": "Can I replace å¡«å…… to prollyfill on ch5 of async & performance, branch 1ed-zh-CN?",
      "url": "https://github.com/getify/You-Dont-Know-JS/issues/1761",
      "bodyText": "Hi, Kyle, thank you for you books! I already searched for this issue as nobody mentioned \"prollyfill\" in issues.\nEdition: 1st\nBook Title: async & performance\nChapter: 5\nSection Title: SIMD\nProblem:\nI read the paperback version ISBN 9787115431165 and found a typo (or maybe not?), on the note they use prolyfill (shown as the picture below) instead of prollyfill. It might be a little bit off-the-topic but I wonder 1) future Chinese translators might take a glance at issues or 2) other Chinese readers may check and read the 1ed-zh-CN branch, so I made a patch, and here's my thought.\nThe community-translated version uses å¡«è¡¥ (polyfill) with quotation marks, which means it's not a real polyfill. Many Chinese readers may have seen polyfill, but prollyfill is rarely used. I think it could be left alone to reduce misunderstandings, at least people may be able to google the word. I also deleted the duplicated adjective è®¸å¤š.",
      "createdAt": "2021-09-29T08:40:16Z",
      "number": 1761,
      "labels": {
        "nodes": [
          {
            "name": "foreign language translations"
          }
        ]
      },
      "author": {
        "login": "IronBlood"
      }
    }
  ],
  "airbnb/javascript": [
    {
      "title": "[spam]",
      "url": "https://github.com/airbnb/javascript/issues/3088",
      "bodyText": "Project",
      "createdAt": "2025-02-09T04:21:53Z",
      "number": 3088,
      "labels": {
        "nodes": [
          {
            "name": "invalid"
          }
        ]
      },
      "author": {
        "login": "divyanshufr5"
      }
    },
    {
      "title": "New releases for updated peer dependency on eslint-plugin-react",
      "url": "https://github.com/airbnb/javascript/issues/3075",
      "bodyText": "There has not been an update for eslint-config-airbnb and eslint-config-airbnb-base for 3 years. The peer dependencies declarations are quite far behind the latest, however on master these peer dependencies have been updated to newer versions. Can we release the latest on master in new packages so we get rid of peer dependency mismatch warnings?\nFor example:\n> yarn\nâž¤ YN0000: Â· Yarn 4.2.2\nâž¤ YN0000: â”Œ Resolution step\nâž¤ YN0000: â”” Completed\nâž¤ YN0000: â”Œ Post-resolution validation\nâž¤ YN0060: â”‚ eslint-plugin-react-hooks is listed by your project with version 5.1.0, which doesn't satisfy what eslint-config-airbnb (pfeef2) requests (^4.3.0).\n\nThank you!",
      "createdAt": "2025-01-09T01:26:05Z",
      "number": 3075,
      "labels": {
        "nodes": []
      },
      "author": {
        "login": "mikevoets"
      }
    },
    {
      "title": "[eslint-config-airbnb] `jsx-a11y/control-has-associated-label` config does not ignore `td` and `th` HTML elements",
      "url": "https://github.com/airbnb/javascript/issues/3069",
      "bodyText": "At Material UI, we use eslint-config-airbnb, which includes jsx-a11y pre-defined rules. Weâ€™re encountering this error for td and th elements:\nA control must be associated with a text label  jsx-a11y/control-has-associated-label\n\nSince td and th are non-interactive, they should be added to the ignoreElements list here and not parsed by jsx-a11y plugin.\nThis is preventing us from bumping eslint-plugin-jsx-a11y: mui/material-ui#39752.",
      "createdAt": "2024-12-07T08:43:38Z",
      "number": 3069,
      "labels": {
        "nodes": []
      },
      "author": {
        "login": "ZeeshanTamboli"
      }
    },
    {
      "title": "Incorrect constant export example",
      "url": "https://github.com/airbnb/javascript/issues/3032",
      "bodyText": "What about all const variables? - This is unnecessary, so uppercasing should not be used for constants within a file. It should be used for exported constants however.\n\nThere are two points:\n\nBased on the above description the provided example appears incorrect\nAlso, Since const variables can't be changed through reassignment, this example (i.e., variable name) feels odd.\n\nCurrent example:\n// bad\nexport const THING_TO_BE_CHANGED = 'should obviously not be uppercased';\n\nPerhaps it could be:\n// bad\nexport const some_exported_constant = 'should obviously be uppercased';",
      "createdAt": "2024-09-10T08:31:27Z",
      "number": 3032,
      "labels": {
        "nodes": []
      },
      "author": {
        "login": "takrishna"
      }
    },
    {
      "title": "Add Specificity, Responsiveness, and Common Pitfalls Sections to CSS-in-JavaScript Style Guide",
      "url": "https://github.com/airbnb/javascript/issues/3001",
      "bodyText": "I propose adding the following sections to the Airbnb CSS-in-JavaScript Style Guide:\n\n\nSpecificity:\n\nHandling CSS specificity.\nAvoiding the use of !important.\n\n\n\nResponsiveness:\n\nBest practices for media queries.\nTechniques for building responsive components.\n\n\n\nCommon Pitfalls:\n\nCommon mistakes and how to avoid them.\nDebugging tips for CSS-in-JavaScript issues.\n\n\n\nThese additions will provide valuable guidelines to help developers write more effective and maintainable styles.\nRequest:\nI would like to contribute to the guide by drafting these sections. Please let me know if this aligns with the projectâ€™s goals and if I can proceed.\nThank you!",
      "createdAt": "2024-06-24T20:02:43Z",
      "number": 3001,
      "labels": {
        "nodes": []
      },
      "author": {
        "login": "GifftyCode"
      }
    }
  ],
  "ryanmcdermott/clean-code-javascript": [
    {
      "title": "Compiled a live version of this repo on docsify",
      "url": "https://github.com/ryanmcdermott/clean-code-javascript/issues/695",
      "bodyText": "https://kristy-hu.github.io/clean-code-javascript/\nTranslations are welcome!",
      "createdAt": "2024-11-26T08:30:45Z",
      "number": 695,
      "labels": {
        "nodes": []
      },
      "author": {
        "login": "kristy-hu"
      }
    },
    {
      "title": "Code for an online learning management system with three actors ( students , instructor and administrator)",
      "url": "https://github.com/ryanmcdermott/clean-code-javascript/issues/458",
      "bodyText": "",
      "createdAt": "2024-08-07T15:59:42Z",
      "number": 458,
      "labels": {
        "nodes": []
      },
      "author": {
        "login": "CALEBPHIRI7644"
      }
    },
    {
      "title": "I am lerning",
      "url": "https://github.com/ryanmcdermott/clean-code-javascript/issues/452",
      "bodyText": "",
      "createdAt": "2024-03-23T21:34:50Z",
      "number": 452,
      "labels": {
        "nodes": []
      },
      "author": {
        "login": "onichii"
      }
    },
    {
      "title": "JavaScript codes flower",
      "url": "https://github.com/ryanmcdermott/clean-code-javascript/issues/449",
      "bodyText": "",
      "createdAt": "2024-02-24T02:21:47Z",
      "number": 449,
      "labels": {
        "nodes": []
      },
      "author": {
        "login": "Jasiyammmm"
      }
    },
    {
      "title": "CleanCode",
      "url": "https://github.com/ryanmcdermott/clean-code-javascript/issues/446",
      "bodyText": "",
      "createdAt": "2024-01-09T09:20:58Z",
      "number": 446,
      "labels": {
        "nodes": []
      },
      "author": {
        "login": "lrangela"
      }
    }
  ],
  "TheAlgorithms/Python": [
    {
      "title": "Request to Review Pull Request for Issue #12322",
      "url": "https://github.com/TheAlgorithms/Python/issues/12660",
      "bodyText": "What would you like to share?\nHello maintainers! ðŸ‘‹\nIâ€™ve submitted a pull request that implements a Radial Basis Function Neural Network (RBFNN) in response to issue #12322.\nðŸ“‚ File Added: RBFNN/radial_basis_function_network.py\nAdditional information\nâš ï¸ Note on Tests:\nAll doctests and the implementation pass locally on my device (Python 3.11).\nHowever, the CI pipeline is showing failed tests, and Iâ€™m unable to reproduce the failure locally â€” even when using different environments.\nIâ€™ve double-checked type hints, naming conventions, and doctest formatting, but the issue persists in the automated test runs.",
      "createdAt": "2025-04-07T13:48:19Z",
      "number": 12660,
      "labels": {
        "nodes": [
          {
            "name": "awaiting triage"
          }
        ]
      },
      "author": {
        "login": "oxBinaryBrain"
      }
    },
    {
      "title": "Add PID and ADRC algorithm",
      "url": "https://github.com/TheAlgorithms/Python/issues/12622",
      "bodyText": "Feature description\nAdd PID and ADRC algorithm, they belong to control algorithm.",
      "createdAt": "2025-03-17T16:34:33Z",
      "number": 12622,
      "labels": {
        "nodes": [
          {
            "name": "enhancement"
          }
        ]
      },
      "author": {
        "login": "Zoupers"
      }
    },
    {
      "title": "Add a collision detection algorithm",
      "url": "https://github.com/TheAlgorithms/Python/issues/12569",
      "bodyText": "Feature description\nIn the physics section, you can add an algorithm that allows you to detect collisions of different types of primitives. This will be useful when creating games, etc.",
      "createdAt": "2025-02-09T06:39:13Z",
      "number": 12569,
      "labels": {
        "nodes": [
          {
            "name": "enhancement"
          }
        ]
      },
      "author": {
        "login": "Andy666Fox"
      }
    },
    {
      "title": "Added Function and Exmple",
      "url": "https://github.com/TheAlgorithms/Python/issues/12551",
      "bodyText": "Feature description\nFunctions in Python provide numerous benefits that make your code cleaner, more modular, and easier to maintain.",
      "createdAt": "2025-01-31T18:47:06Z",
      "number": 12551,
      "labels": {
        "nodes": [
          {
            "name": "enhancement"
          }
        ]
      },
      "author": {
        "login": "RahulPrasadYadav"
      }
    },
    {
      "title": "Commiting to a fork of this repo on a mac or linux does not work (using git)",
      "url": "https://github.com/TheAlgorithms/Python/issues/12549",
      "bodyText": "What would you like to share?\nCommiting to a fork of this repo on a mac or linux using git cli does not work because of pre-commit\nIn scripts/validate_files.py, the first line is:-\n#!python\nWhen pre-commit runs the validate_files hook, it uses python but python is there on windows.\nOn macos and linux, its python3. I also tried using alias python = python3 but it still does not work\nAdditional information\nNo response",
      "createdAt": "2025-01-30T10:27:10Z",
      "number": 12549,
      "labels": {
        "nodes": [
          {
            "name": "awaiting triage"
          }
        ]
      },
      "author": {
        "login": "XenoBytesX"
      }
    }
  ],
  "keras-team/keras": [
    {
      "title": "stateful=True RNN silently broadcasts input when batch_size mismatch occurs",
      "url": "https://github.com/keras-team/keras/issues/21183",
      "bodyText": "When using a Keras SimpleRNN layer with stateful=True, the documentation states that a fixed batch size is required. However, when a model is built with batch_size=N (e.g. 4), and later called with an input of batch_size=1, no error is raised. Instead, the RNN broadcasts the single input trajectory across all internal state slots, silently overwriting the state for all batches.\nThis violates the expected behavior of stateful=True, where the batch size must remain fixed, and state slot i must map to input sample i.\nThe issue is not documented, leads to incorrect behavior, and can silently corrupt stateful models like ESNs or any RNN with memory across batches.\nStandalone code to reproduce:\nimport tensorflow as tf\nfrom tensorflow.keras import layers, Input, Model\n\n# Build stateful RNN with batch_size=4\ninputs = Input(shape=(5, 3), batch_size=4)\nrnn = layers.SimpleRNN(10, stateful=True, return_sequences=False, name=\"rnn\")\nx = rnn(inputs)\nmodel = Model(inputs, x)\n\n# Manually set initial state to distinguishable values\nstate = rnn.states[0]\nfor i in range(4):\n    state[i].assign(tf.ones_like(state[i]) * i)\n\nprint(\"Initial state:\")\nprint(state.numpy())\n\n# Call model with a different batch size (1)\nprint(\"\\nCalling model with input of batch size 1...\")\n_ = model(tf.random.normal((1, 5, 3)))\n\n# Print new state\nprint(\"\\nState after call:\")\nprint(state.numpy())\nExpected behaviour\nAn exception should be raised when the input batch size does not match the model's fixed batch_size, particularly when stateful=True.\nAdditional Info\n\nTensorflow version: 2.19.0\nKeras version: 3.9.2\nOS: Kde-Neon 6.3 (Ubuntu 24.04 based)\nGPU: NVIDIA GeForce RTX 3060",
      "createdAt": "2025-04-18T11:50:45Z",
      "number": 21183,
      "labels": {
        "nodes": [
          {
            "name": "type:Bug"
          }
        ]
      },
      "author": {
        "login": "El3ssar"
      }
    },
    {
      "title": "TimeDistributed layer computational time",
      "url": "https://github.com/keras-team/keras/issues/21179",
      "bodyText": "Inference with TimeDistributed(Dense(1, activation=\"sigmoid\")) in Keras 3 is a lot slower than in Keras 2 (tf.keras) Profiling shows TimeDistributed is the bottleneck.\nModel: Conv1D â†’ LSTM â†’ Conv1DTranspose â†’ TimeDistributed(Dense(1)).\ninput shape (none,none,1)\nTried: run_eagerly=False, tf.function, TensorFlow/JAX/PyTorch backendsâ€”no significant improvement.\nQuestion\nIs there a solution to fix the TimeDistributed slowdown in Keras 3 without changing the model architecture? Currently using tf_keras as a workaround.\nDetails\nKeras Version: 3.9.0",
      "createdAt": "2025-04-17T20:43:34Z",
      "number": 21179,
      "labels": {
        "nodes": [
          {
            "name": "type:performance"
          }
        ]
      },
      "author": {
        "login": "Moublrs"
      }
    },
    {
      "title": "CSVLogger is setting val_* metrics to nan despite no validation data being provided.",
      "url": "https://github.com/keras-team/keras/issues/21173",
      "bodyText": "#21025 (comment)\nThe following code is tested with keras-nightly.\nBasically two issue.\n\n\n\nimport tensorflow as tf\n\nimport os\nimport numpy as np\nimport keras\nfrom keras import layers\nfrom keras import ops\nkeras.__version__ # 3.8.0\n\ninputs = keras.Input(shape=(784,), name=\"digits\")\nx = layers.Dense(64, activation=\"relu\", name=\"dense_1\")(inputs)\nx = layers.Dense(64, activation=\"relu\", name=\"dense_2\")(x)\noutputs = layers.Dense(10, activation=\"softmax\", name=\"predictions\")(x)\nmodel = keras.Model(inputs=inputs, outputs=outputs)\n\n(x_train, y_train), (x_test, y_test) = keras.datasets.mnist.load_data()\n# Preprocess the data (these are NumPy arrays)\nx_train = x_train.reshape(60000, 784).astype(\"float32\") / 255\nx_test = x_test.reshape(10000, 784).astype(\"float32\") / 255\ny_train = y_train.astype(\"float32\")\ny_test = y_test.astype(\"float32\")\nx_val = x_train[-10000:]\ny_val = y_train[-10000:]\nx_train = x_train[:-10000]\ny_train = y_train[:-10000]\n\nmodel.compile(\n    optimizer=keras.optimizers.RMSprop(),  # Optimizer\n    # Loss function to minimize\n    loss=keras.losses.SparseCategoricalCrossentropy(),\n    # List of metrics to monitor\n    metrics=[keras.metrics.SparseCategoricalAccuracy()],\n)\n\nprint(\"Fit model on training data\")\ncsv_logger = keras.callbacks.CSVLogger('training.csv')\n\nhistory = model.fit(\n    x_train,\n    y_train,\n    batch_size=64,\n    epochs=2,\n    callbacks=[csv_logger]\n)\nimport pandas as pd\nhistory = pd.read_csv('training.csv')\nhistory.head()\n\n\nThe recorded scores for training data in csv file are also wrong.\n\nFit model on training data\nEpoch 1/2\n782/782 â”â”â”â”â”â”â”â”â”â”â”â”â”â”â”â”â”â”â”â” 3s 3ms/step - loss: 0.5810 - sparse_categorical_accuracy: 0.8389\nEpoch 2/2\n782/782 â”â”â”â”â”â”â”â”â”â”â”â”â”â”â”â”â”â”â”â” 2s 3ms/step - loss: 0.1661 - sparse_categorical_accuracy: 0.9494\n\nTraining log says, for first epoch acc: 0.83 but in csv, it is .90. Also with the loss scores.\nIt is a BUG.",
      "createdAt": "2025-04-16T05:49:08Z",
      "number": 21173,
      "labels": {
        "nodes": [
          {
            "name": "type:Bug"
          }
        ]
      },
      "author": {
        "login": "innat"
      }
    },
    {
      "title": "Distributed training with tensorflow doesn't work with Keras 3.7 and above",
      "url": "https://github.com/keras-team/keras/issues/21172",
      "bodyText": "It seems as though distributed training with keras version 3.7 and above with tensorflow isn't supported.\nhttps://stackoverflow.com/questions/79285532/multi-gpu-training-in-tensorflow-results-in-nans?noredirect=1#comment140127186_79285532",
      "createdAt": "2025-04-16T01:40:58Z",
      "number": 21172,
      "labels": {
        "nodes": [
          {
            "name": "stat:awaiting response from contributor"
          },
          {
            "name": "type:Bug"
          }
        ]
      },
      "author": {
        "login": "DarrenR96"
      }
    },
    {
      "title": "RandAugment incorrect behavior in tf graph mode",
      "url": "https://github.com/keras-team/keras/issues/21169",
      "bodyText": "In tensorflow graph mode, RandAugment will repeatedly use the same augmentations, which were sampled during graph tracing.\nIt relies on shuffling a python list using random.shuffle, which only works during eager mode execution. In graph mode the operations are sampled then compiled, but the sampling process itself isn't compiled so the same operations are used repeatedly.\n\n  \n    \n      keras/keras/src/layers/preprocessing/image_preprocessing/rand_augment.py\n    \n    \n         Line 173\n      in\n      44a655b\n    \n  \n  \n    \n\n        \n          \n           random.shuffle(self._AUGMENT_LAYERS) \n        \n    \n  \n\n\nIf I add a tf.print statement to this code:\nrandom.shuffle(self._AUGMENT_LAYERS)\nfor layer_name in self._AUGMENT_LAYERS[: self.num_ops]:\n    tf.print(layer_name, tf.executing_eagerly())  # <----\n    augmentation_layer = getattr(self, layer_name)\n    transformation[layer_name] = (\n        augmentation_layer.get_random_transformation(\n            data,\n            training=training,\n            seed=self._get_seed_generator(self.backend._backend),\n        )\n    )\nthen run this test:\ndef test_graph_issue(self):\n    input_data = np.random.random((10, 8, 8, 3))\n    layer = layers.RandAugment()\n    ds = tf_data.Dataset.from_tensor_slices(input_data).batch(2).map(layer)\n    print()\n    for output in ds:\n        output.numpy()\ni get this output\nequalization False\nrandom_posterization False\nequalization False\nrandom_posterization False\nequalization False\nrandom_posterization False\nequalization False\nrandom_posterization False\nequalization False\nrandom_posterization False",
      "createdAt": "2025-04-15T17:54:29Z",
      "number": 21169,
      "labels": {
        "nodes": [
          {
            "name": "type:Bug"
          }
        ]
      },
      "author": {
        "login": "gregstarr"
      }
    }
  ],
  "psf/requests": [
    {
      "title": "Test regressions with urllib3 2.4.0 on Python 3.13",
      "url": "https://github.com/psf/requests/issues/6934",
      "bodyText": "Expected Result\n(all tests pass)\nActual Result\n====================================== short test summary info =======================================\nFAILED tests/test_requests.py::TestRequests::test_proxy_error - Failed: DID NOT RAISE <class 'requests.exceptions.ProxyError'>\nFAILED tests/test_requests.py::TestRequests::test_pyopenssl_redirect - requests.exceptions.SSLError: HTTPSConnectionPool(host='127.0.0.1', port=36165): Max retries exce...\nFAILED tests/test_requests.py::TestRequests::test_auth_is_stripped_on_http_downgrade - requests.exceptions.SSLError: HTTPSConnectionPool(host='127.0.0.1', port=36165): Max retries exce...\nFAILED tests/test_requests.py::TestPreparingURLs::test_different_connection_pool_for_tls_settings_verify_bundle_unexpired_cert - requests.exceptions.SSLError: HTTPSConnectionPool(host='localhost', port=43243): Max retries exce...\n============ 4 failed, 586 passed, 15 skipped, 1 xfailed, 18 warnings in 71.93s (0:01:11) ============\n\nReproduction Steps\n$ git clone https://github.com/psf/requests\n$ cd requests\n$ git checkout v2.32.3\n$ tox -e py313\n\nObserve the output from â€œActual result,â€ above.\nNow, try upper-bounding the version of urllib3 as an experiment:\ndiff --git a/setup.py b/setup.py\nindex 1b0eb377..97baee5f 100755\n--- a/setup.py\n+++ b/setup.py\n@@ -61,7 +61,7 @@ if sys.argv[-1] == \"publish\":\n requires = [\n     \"charset_normalizer>=2,<4\",\n     \"idna>=2.5,<4\",\n-    \"urllib3>=1.21.1,<3\",\n+    \"urllib3>=1.21.1,<2.4.0\",\n     \"certifi>=2017.4.17\",\n ]\n test_requirements = [\n$ tox -e py313\n====================================== short test summary info =======================================\nFAILED tests/test_requests.py::TestRequests::test_proxy_error - Failed: DID NOT RAISE <class 'requests.exceptions.ProxyError'>\n============ 1 failed, 589 passed, 15 skipped, 1 xfailed, 18 warnings in 77.36s (0:01:17) ============\n\nThis appears to confirm that three of the failing tests are associated with the upgrade from urllib3 2.3.0 to 2.4.0.\nSystem Information\n$ python -m requests.help\n\n{\n  \"chardet\": {\n    \"version\": null\n  },\n  \"charset_normalizer\": {\n    \"version\": \"3.4.1\"\n  },\n  \"cryptography\": {\n    \"version\": \"\"\n  },\n  \"idna\": {\n    \"version\": \"3.10\"\n  },\n  \"implementation\": {\n    \"name\": \"CPython\",\n    \"version\": \"3.13.2\"\n  },\n  \"platform\": {\n    \"release\": \"6.13.9-200.fc41.x86_64\",\n    \"system\": \"Linux\"\n  },\n  \"pyOpenSSL\": {\n    \"openssl_version\": \"\",\n    \"version\": null\n  },\n  \"requests\": {\n    \"version\": \"2.32.3\"\n  },\n  \"system_ssl\": {\n    \"version\": \"30200040\"\n  },\n  \"urllib3\": {\n    \"version\": \"2.4.0\"\n  },\n  \"using_charset_normalizer\": true,\n  \"using_pyopenssl\": false\n}",
      "createdAt": "2025-04-12T14:32:06Z",
      "number": 6934,
      "labels": {
        "nodes": []
      },
      "author": {
        "login": "musicinmybrain"
      }
    },
    {
      "title": "Python 3.13: an unexpected `Authorization` header because of NETRC file",
      "url": "https://github.com/psf/requests/issues/6928",
      "bodyText": "When sending POST request using Python 3.13 with requests v2.32.3 there appear an unexpected Authorization header.\nThis is not the case with Python 3.10 with the same version of requests lib.\nExpected Result\nPOST request does not get updated with an unexpected Authorization header.\nActual Result\nPython 3.13\n> ~/tmp/zzz.py 2>&1 | egrep -m 1 \"^send: \"\nsend: b'POST /oauth2/v1/device/authorize HTTP/1.1\\r\\nHost: okta.oktapreview.com\\r\\nUser-Agent: gimme-aws-creds 2.8.2;linux;3.13.2\\r\\nAccept-Encoding: gzip, deflate\\r\\nAccept: application/json\\r\\nConnection: keep-alive\\r\\nContent-Length: 52\\r\\nContent-Type: application/x-www-form-urlencoded\\r\\nAuthorization: Basic Og==\\r\\n\\r\\n'\nPython 3.10\n> ~/tmp/zzz.py 2>&1 | egrep -m 1 \"^send: \"\nsend: b'POST /oauth2/v1/device/authorize HTTP/1.1\\r\\nHost: okta.oktapreview.com\\r\\nUser-Agent: gimme-aws-creds 2.8.2;linux;3.13.2\\r\\nAccept-Encoding: gzip, deflate, br\\r\\nAccept: application/json\\r\\nConnection: keep-alive\\r\\nContent-Length: 52\\r\\nContent-Type: application/x-www-form-urlencoded\\r\\n\\r\\n'\nReproduction Steps\nimport requests\nimport logging\n\ntry:\n    import http.client as http_client\nexcept ImportError:\n    # Python 2\n    import httplib as http_client\nhttp_client.HTTPConnection.debuglevel = 1\n\nlogging.basicConfig()\nlogging.getLogger().setLevel(logging.DEBUG)\nrequests_log = logging.getLogger(\"requests.packages.urllib3\")\nrequests_log.setLevel(logging.DEBUG)\nrequests_log.propagate = True\n\ndata = {\n    \"client_id\": \"<client_id>\",\n    \"scope\": \"openid okta.apps.sso\"\n}\nurl = \"https://okta.oktapreview.com/oauth2/v1/device/authorize\"\nheaders = {'User-Agent': 'gimme-aws-creds 2.8.2;linux;3.13.2', 'Accept': 'application/json'}\n\nresponse = requests.post(url, data=data, headers=headers, verify=True)\n\nprint(response.text)\nSystem Information\n$ python -m requests.help\n\n{\n  \"chardet\": {\n    \"version\": null\n  },\n  \"charset_normalizer\": {\n    \"version\": \"3.4.1\"\n  },\n  \"cryptography\": {\n    \"version\": \"\"\n  },\n  \"idna\": {\n    \"version\": \"3.10\"\n  },\n  \"implementation\": {\n    \"name\": \"CPython\",\n    \"version\": \"3.13.2\"\n  },\n  \"platform\": {\n    \"release\": \"6.8.0-52-generic\",\n    \"system\": \"Linux\"\n  },\n  \"pyOpenSSL\": {\n    \"openssl_version\": \"\",\n    \"version\": null\n  },\n  \"requests\": {\n    \"version\": \"2.32.3\"\n  },\n  \"system_ssl\": {\n    \"version\": \"30400010\"\n  },\n  \"urllib3\": {\n    \"version\": \"2.3.0\"\n  },\n  \"using_charset_normalizer\": true,\n  \"using_pyopenssl\": false\n}\nRef: Nike-Inc/gimme-aws-creds#485",
      "createdAt": "2025-04-04T22:09:06Z",
      "number": 6928,
      "labels": {
        "nodes": []
      },
      "author": {
        "login": "yermulnik"
      }
    },
    {
      "title": "Incorrect Content-Length header with StringIO body",
      "url": "https://github.com/psf/requests/issues/6917",
      "bodyText": "When requests is used with an io.StringIO as the data type, and the body contains characters whose utf-8 encoding is multiple bytes, the Content-Length header is set incorrectly.\nLooking at the implementation of super_len, it appears that io.StringIO has its length measured using seek and tell.\nIt has been implemented that way since June 2016 (af7729f).\nIt looks like this was fixed for str inputs in #6586 in 2023 but was never fixed for io.StringIO\nI am happy to send a PR if the implementation is straightforward.\nOff the top of my head I don't know how to count the bytes in a utf-8 encoded StringIO without copying, and previous PRs have tried to avoid a copy in super_len\nExpected Result\nContent-Length should match the number of bytes sent when using io.StringIO\nActual Result\nContent-Length is the length of the string, not the bytes sent.\nReproduction Steps\nRun the following script, which shows the problem in detail\nimport io\nimport requests\nfrom urllib3.connection import HTTPConnection\nfrom requests.utils import super_len\nfrom requests.models import PreparedRequest\n\n# A string that is 1 character but 4 bytes in UTF-8.\n# requests will always send 4 bytes, but the Content-Length header depends on the type passed as `data`.\nvalue = \"ðŸ’©\"\n\nbody_types = [{\n  \"name\": \"str\",\n  \"value\": value,\n}, {\n  \"name\": \"bytes\",\n  \"value\": value.encode(\"utf-8\"),\n}, {\n  \"name\": \"io.BytesIO\",\n  \"value\": io.BytesIO(value.encode(\"utf-8\")),\n},\n{\n  \"name\": \"io.StringIO\",\n  \"value\": io.StringIO(value),\n}]\n\nprint(\"## Super Len\")\nfor body_type in body_types:\n  print(\"Body Type:\", body_type[\"name\"])\n  print(\"Super Len:\", super_len(body_type[\"value\"]))\n  p = PreparedRequest()\n  p.prepare(\n      method=\"POST\",\n      url=\"http://example.com\",\n      data=body_type[\"value\"],\n  )\n  print(\"Prepared Headers:\", p.headers)\n\n# Monkey patch to print the data sent.\nold_send = HTTPConnection.send\ndef new_send(self, data):\n  print(\"Sending Data:\", data)\n  old_send(self, data)\nHTTPConnection.send = new_send\n\n\nprint(\"## Requests\")\nfor body_type in body_types:\n  r = requests.post(\n    \"http://example.com\",\n    data=body_type[\"value\"],\n  )\nHere is my output:\n## Super Len\nBody Type: str\nSuper Len: 4\nPrepared Headers: {'Content-Length': '4'}\nBody Type: bytes\nSuper Len: 4\nPrepared Headers: {'Content-Length': '4'}\nBody Type: io.BytesIO\nSuper Len: 4\nPrepared Headers: {'Content-Length': '4'}\nBody Type: io.StringIO\nSuper Len: 1\nPrepared Headers: {'Content-Length': '1'}\n## Requests\nSending Data: b'POST / HTTP/1.1\\r\\nHost: example.com\\r\\nUser-Agent: python-requests/2.32.3\\r\\nAccept-Encoding: gzip, deflate\\r\\nAccept: */*\\r\\nConnection: keep-alive\\r\\nContent-Length: 4\\r\\n\\r\\n'\nSending Data: b'\\xf0\\x9f\\x92\\xa9'\nSending Data: b'POST / HTTP/1.1\\r\\nHost: example.com\\r\\nUser-Agent: python-requests/2.32.3\\r\\nAccept-Encoding: gzip, deflate\\r\\nAccept: */*\\r\\nConnection: keep-alive\\r\\nContent-Length: 4\\r\\n\\r\\n'\nSending Data: b'\\xf0\\x9f\\x92\\xa9'\nSending Data: b'POST / HTTP/1.1\\r\\nHost: example.com\\r\\nUser-Agent: python-requests/2.32.3\\r\\nAccept-Encoding: gzip, deflate\\r\\nAccept: */*\\r\\nConnection: keep-alive\\r\\nContent-Length: 4\\r\\n\\r\\n'\nSending Data: b'\\xf0\\x9f\\x92\\xa9'\nSending Data: b'POST / HTTP/1.1\\r\\nHost: example.com\\r\\nUser-Agent: python-requests/2.32.3\\r\\nAccept-Encoding: gzip, deflate\\r\\nAccept: */*\\r\\nConnection: keep-alive\\r\\nContent-Length: 1\\r\\n\\r\\n'\nSending Data: b'\\xf0\\x9f\\x92\\xa9'\n\nNotice that the request is always the same, except that the Content-Length header is 1 instead of 4 when io.StringIO is used.\nSystem Information\n{\n  \"chardet\": {\n    \"version\": \"5.2.0\"\n  },\n  \"charset_normalizer\": {\n    \"version\": \"3.4.1\"\n  },\n  \"cryptography\": {\n    \"version\": \"\"\n  },\n  \"idna\": {\n    \"version\": \"3.10\"\n  },\n  \"implementation\": {\n    \"name\": \"CPython\",\n    \"version\": \"3.12.9\"\n  },\n  \"platform\": {\n    \"release\": \"22.6.0\",\n    \"system\": \"Darwin\"\n  },\n  \"pyOpenSSL\": {\n    \"openssl_version\": \"\",\n    \"version\": null\n  },\n  \"requests\": {\n    \"version\": \"2.32.3\"\n  },\n  \"system_ssl\": {\n    \"version\": \"30400010\"\n  },\n  \"urllib3\": {\n    \"version\": \"2.3.0\"\n  },\n  \"using_charset_normalizer\": false,\n  \"using_pyopenssl\": false\n}",
      "createdAt": "2025-03-21T08:39:21Z",
      "number": 6917,
      "labels": {
        "nodes": []
      },
      "author": {
        "login": "mgraczyk"
      }
    },
    {
      "title": "Version 2.32.3 takes a long time for \"connectionpool:Starting\"",
      "url": "https://github.com/psf/requests/issues/6910",
      "bodyText": "Using version 2.32.3 takes a very long time (in the order of minutes) at:\nDEBUG:urllib3.connectionpool:Starting new HTTPS connection (1): some/url.com\nHowever, downgrading to version 2.32.2 solves this problem.\nReproduction Steps\nimport requests\n\nurl = 'some/url.com'\nrequests.get(url, timeout=some_timeout)\nSystem Information\n{\n\"chardet\": {\n\"version\": null\n},\n\"charset_normalizer\": {\n\"version\": \"3.4.1\"\n},\n\"cryptography\": {\n\"version\": \"\"\n},\n\"idna\": {\n\"version\": \"3.10\"\n},\n\"implementation\": {\n\"name\": \"CPython\",\n\"version\": \"3.11.10\"\n},\n\"platform\": {\n\"release\": \"23.6.0\",\n\"system\": \"Darwin\"\n},\n\"pyOpenSSL\": {\n\"openssl_version\": \"\",\n\"version\": null\n},\n\"requests\": {\n\"version\": \"2.32.3\"\n},\n\"system_ssl\": {\n\"version\": \"30400010\"\n},\n\"urllib3\": {\n\"version\": \"2.3.0\"\n},\n\"using_charset_normalizer\": true,\n\"using_pyopenssl\": false\n}",
      "createdAt": "2025-03-06T10:09:30Z",
      "number": 6910,
      "labels": {
        "nodes": []
      },
      "author": {
        "login": "florianhitz"
      }
    },
    {
      "title": "Unable to request a private URL endpoint with custom SNI and self-signed CA when the proxy is set",
      "url": "https://github.com/psf/requests/issues/6900",
      "bodyText": "Recently I was using requests_toolbelt alongside the requests library, more specifically,  I was leveraging the HostHeaderSSLAdapter from requests_toolbelt to make sure I could request a private URL endpoint (e.g. https://1.2.3.4:5678/api/check) with the custom SNI and self-signed CA certificate.\nIt works great until I try to request the same thing with a proxy, and it starts to occur the SSL verification exception as follows:\nrequests.exceptions.SSLError: HTTPSConnectionPool(host='1.2.3.4', port=5678): Max retries exceeded with url: /api/check_token (Caused by SSLError(SSLCertVerificationError(1, \"[SSL: CERTIFICATE_VERIFY_FAILED] certificate verify failed: IP address mismatch, certificate is not valid for '1.2.3.4:'. (_ssl.c:1006)\")))\nI thought this was a bug related to the requests_toolbelt at first, like the existing bug report #276, but after doing some digging, I'm pretty sure it is bound to the requests itself, hence I report the bug here and a PR that for it later.\nExpected Result\nEverything works the same way with or without a proxy.\nActual Result\n\nPrivate URL endpoint + custom SNI + self-signed CA  âœ…\nPrivate URL endpoint + custom SNI + self-signed CA + HTTP Proxy âŒ\n\nReproduction Steps\nimport requests\nfrom requests_toolbelt.adapters.host_header_ssl import HostHeaderSSLAdapter\n\nsession = requests.Session()\nsession.trust_env = False\nsession.mount('https://', HostHeaderSSLAdapter())\n# Modify http://127.0.0.1:20809 to your actual proxy url\nsession.proxies.update({'https': 'http://127.0.0.1:20809',\n                        'http': 'http://127.0.0.1:20809'})\n# Modify https://1.2.3.4:5678/api/check to your actual private URL endpoint\nresp = session.get('https://1.2.3.4:5678/api/check',\n                   headers={'Host': '{YOUR_HOST_NAME}'},\n                   verify='{YOUR_SELF_SIGNED_CA_FILE}')\nprint(resp.status_code, resp.content)\nSystem Information\nNo need",
      "createdAt": "2025-02-19T12:07:21Z",
      "number": 6900,
      "labels": {
        "nodes": []
      },
      "author": {
        "login": "bughandler"
      }
    }
  ],
  "python/cpython": [
    {
      "title": "cProfile cannot run code that pickles objects defined in __main__",
      "url": "https://github.com/python/cpython/issues/132737",
      "bodyText": "Bug report\nBug description:\nimport pickle\nimport sys\nfrom dataclasses import dataclass, field\n\n\n@dataclass\nclass State:\n    x: list[int] = field(default_factory=list)\n\nprint(pickle.dumps(State([0])))\nThe following code will run successfully on it's own, but will fail if run with cProfile, with the message that __main__.State could not be found by.\nCPython versions tested on:\nCPython main branch\nOperating systems tested on:\nLinux\n\nLinked PRs\n\ngh-132738",
      "createdAt": "2025-04-19T17:58:27Z",
      "number": 132737,
      "labels": {
        "nodes": [
          {
            "name": "type-bug"
          }
        ]
      },
      "author": {
        "login": "aneeshdurg"
      }
    },
    {
      "title": "Add constants for Bluetooth socket support",
      "url": "https://github.com/python/cpython/issues/132734",
      "bodyText": "The support of Bluetooth sockets was fixed and many new features were added in the last month. But while code was changed, the constants that can be used with it were not always added. The proposed PR adds a lot of constants and updates the documentation.\n\nLinked PRs\n\ngh-132735",
      "createdAt": "2025-04-19T16:47:10Z",
      "number": 132734,
      "labels": {
        "nodes": [
          {
            "name": "type-feature"
          },
          {
            "name": "extension-modules"
          }
        ]
      },
      "author": {
        "login": "serhiy-storchaka"
      }
    },
    {
      "title": "Constant evaluate/propagate pure ops automatically",
      "url": "https://github.com/python/cpython/issues/132732",
      "bodyText": "Feature or enhancement\nProposal:\n@brandtbucher pointed out that we could automatically evaluate pure ops in the JIT.\nBack when I originally envisioned this in the JIT optimizer, it was way simpler. Right now we have stackrefs which complicate things a little.\nThe main idea is that fully pure bytecodes can just run their body in the JIT optimizer, allowing for automatic constant prop/evaluation. This also cuts down code duplication and also the amount of human error from manually writing constant propagation code.\nWe'd have to replace all the stackref functions with the appropriate sym accessing functions, either through macros or the cases generator.\nHas this already been discussed elsewhere?\nNo response given\nLinks to previous discussion of this feature:\nNo response\n\nLinked PRs\n\ngh-132733",
      "createdAt": "2025-04-19T16:20:40Z",
      "number": 132732,
      "labels": {
        "nodes": [
          {
            "name": "type-feature"
          },
          {
            "name": "interpreter-core"
          },
          {
            "name": "topic-JIT"
          }
        ]
      },
      "author": {
        "login": "Fidget-Spinner"
      }
    },
    {
      "title": "JIT refleaks on main",
      "url": "https://github.com/python/cpython/issues/132731",
      "bodyText": "Bug report\nBug description:\nRun ./python -m test -R 3:3 test_capi.test_opt -m test_combine_stack_space_checks_large_framesize\nIt leaks 2 references on my system.\nCPython versions tested on:\nCPython main branch\nOperating systems tested on:\nNo response",
      "createdAt": "2025-04-19T16:16:29Z",
      "number": 132731,
      "labels": {
        "nodes": [
          {
            "name": "type-bug"
          },
          {
            "name": "interpreter-core"
          },
          {
            "name": "topic-JIT"
          }
        ]
      },
      "author": {
        "login": "Fidget-Spinner"
      }
    },
    {
      "title": "Improve `sysconfig` CLI",
      "url": "https://github.com/python/cpython/issues/132726",
      "bodyText": "Proposal:\nCurrently, the sysconfig module's CLI is fairly hidden and inaccessible. I think there are two main issues with the module CLI.\n\nThere is no \"Command Line Interface\" section of the docs (only have example for python -m sysconfig output) like there is with some other modules e.g. random. (It is, however, listed under the Modules command-line interface section)\nThere is no help section when running the platform CLI, the CLI takes argument --generate-posix-vars, which I could only find from looking at the source in ./Lib/sysconfig/__main__.py.\n\nInspired by #131524\nI suggest adding a 1. full-fledged CommandLineTest class to the tests (currently there is only test_main which only checks that the output is present), 2. update the documentation so that it is the same as other command line interaces, 3. use argparse as a quality CLI tool\nP.S.: sysconfig CLI was added in January 2010 for Python 3.2 (edacea3)\nI'm happy to submit a PR if needed.\nHas this already been discussed elsewhere?\nThis is a minor feature, which does not need previous discussion elsewhere\nLinks to previous discussion of this feature:\nNo response",
      "createdAt": "2025-04-19T13:17:57Z",
      "number": 132726,
      "labels": {
        "nodes": [
          {
            "name": "type-feature"
          },
          {
            "name": "stdlib"
          }
        ]
      },
      "author": {
        "login": "donBarbos"
      }
    }
  ],
  "pallets/flask": [
    {
      "title": "Recommend Warning and Safer Defaults for url_for(..., _external=True)",
      "url": "https://github.com/pallets/flask/issues/5718",
      "bodyText": "Hi Flask team,\nWe recently analyzed several Flask-based applications and noticed a recurring security concern related to url_for(..., _external=True) when used in untrusted request contexts. Specifically, since it uses request.host by default to construct the external URL, applications that do not explicitly configure SERVER_NAME or sanitize headers can be vulnerable to host header injection.\nTo improve developer awareness and reduce misuse, we suggest: Add a warning to the url_for documentation about the risk of relying on request.host, and recommend the use of SERVER_NAME or trusted_hosts when generating external URLs.\nWeâ€™d be happy to help draft the relevant documentation or contribute a pull request if this direction aligns with the maintainers' goals.\nBest regards,\nRui Yang and Zhengyu Liu\nJohns Hopkins University",
      "createdAt": "2025-04-14T03:53:08Z",
      "number": 5718,
      "labels": {
        "nodes": []
      },
      "author": {
        "login": "BrookeYangRui"
      }
    },
    {
      "title": "merge app and request contexts into a single context",
      "url": "https://github.com/pallets/flask/issues/5639",
      "bodyText": "Right now we have two separate contexts managed separately, the app and request contexts. This makes the implementation pretty complicated, as we need to maintain two context var stacks, and do a bunch of checks in the request context to make sure we're managing the correct app context. It makes an already confusing topic more complicated to explain: app context is active for requests and cli commands, don't push an app context before making a request, etc.\nI think merging the two contexts could be possible. The single context (ExecutionContext?) would have the g, request, and session attributes, but accessing request or session when not in a request would raise an error.",
      "createdAt": "2024-11-13T16:28:05Z",
      "number": 5639,
      "labels": {
        "nodes": []
      },
      "author": {
        "login": "davidism"
      }
    }
  ],
  "dotnet/aspnetcore": [
    {
      "title": "Blazor WebAssembly browser debugging fails with UriFormatException using recent Chrome versions",
      "url": "https://github.com/dotnet/aspnetcore/issues/61559",
      "bodyText": "Is there an existing issue for this?\n\n I have searched the existing issues\n\nDescribe the bug\nWhen attempting to debug a Blazor WebAssembly standalone app in a recent version of a Chromium browser (Chrome or Edge), an unhandled exception is thrown: System.UriFormatException: Invalid URI: Invalid port specified.\nThis occurs immediately when switching to the \"debug in browser\" mode, even with the default Blazor WebAssembly template, on a completely clean system.\nUpdate\nAfter further testing, the issue appears to be related to recent versions of Chromium-based browsers.\nDebugging works correctly using older versions of Chrome (e.g., version 128 or earlier), but fails with the latest stable version. This suggests the issue may stem from changes in the DevTools protocol or URI handling behavior introduced in Chromium.\nThis regression prevents proper debugging of Blazor WebAssembly apps in all .NET SDK versions tested (6, 8, and 9).\nExpected Behavior\nDebugging should start normally without throwing a UriFormatException.\nSteps To Reproduce\n\nCreate a clean VM with Windows Server 2022\nInstall the latest .NET SDK 9 (reproducible with earlier 8.x versions too)\nRun:\n\ndotnet new blazorwasm -o BlazorWebAssemblyApp\ncd BlazorWebAssemblyApp\ndotnet run\n\n\nStart the browser in debug mode: msedge --remote-debugging-port=9222\nOpen the app in the browser and attempt to start debugging with SHIFT+ALT+D\n\nThe same behavior occurs across different machines and environments.\nExceptions (if any)\nException:  System.UriFormatException\nStack Trace:\nfail: Microsoft.AspNetCore.Diagnostics.DeveloperExceptionPageMiddleware[1]\nAn unhandled exception has occurred while executing the request.\nSystem.UriFormatException: Invalid URI: Invalid port specified.\nat System.Uri.CreateThis(String uri, Boolean dontEscape, UriKind uriKind, UriCreationOptions& creationOptions)\nat System.Uri..ctor(String uriString)\nat Microsoft.AspNetCore.Components.WebAssembly.Server.TargetPickerUi.GetDevToolsUrlWithProxy(HttpRequest request, BrowserTab tabToDebug)\nat Microsoft.AspNetCore.Components.WebAssembly.Server.TargetPickerUi.Display(HttpContext context)\nat Microsoft.AspNetCore.Builder.WebAssemblyNetDebugProxyAppBuilderExtensions.<>c.<b__0_1>d.MoveNext()\n--- End of stack trace from previous location ---\nat Microsoft.AspNetCore.Builder.Extensions.MapMiddleware.InvokeCore(HttpContext context, PathString matchedPath, PathString remainingPath)\nat Microsoft.AspNetCore.Diagnostics.DeveloperExceptionPageMiddleware.Invoke(HttpContext context)\n.NET Version\n9.x.x, 8.x.x., 6.x.x\nAnything else?\nAdditional Diagnostics\nThe output from http://localhost:9222/json is valid (contains a valid webSocketDebuggerUrl)\nThe UriFormatException seems to occur in the debugger infrastructure when trying to parse the WebSocket URL or during the connection phase.\nEnvironment\nOS: Windows Server 2022 (clean install, fully updated)\n.NET SDK: 9.x.x (also tried 8.x.x and 6.x.x)\nBrowsers: Chrome 135.0.7049.96, Edge 135.0.3179.73\nProject type: Blazor WebAssembly standalone\nNotes\nThis issue seems to be systemic and not project-specific. It is reproducible even with a minimal blazorwasm template. It may be related to a regression in the .NET SDK or debug proxy tools.\nPlease advise if there's a patch, fix, or workaround to restore normal debugging support.",
      "createdAt": "2025-04-19T12:50:50Z",
      "number": 61559,
      "labels": {
        "nodes": []
      },
      "author": {
        "login": "stefanomontani"
      }
    },
    {
      "title": "Minimal API Validation fails for DateTimeOffset, DateOnly, and TimeOnly",
      "url": "https://github.com/dotnet/aspnetcore/issues/61558",
      "bodyText": "Is there an existing issue for this?\n\n I have searched the existing issues\n\nDescribe the bug\nWhen the input contains a DateTimeOffset, DateOnly, or TimeOnly property, the validation fails with an exception.\nExpected Behavior\nTurning on validation should not cause failures.\nSteps To Reproduce\nThe following branch is a minimal repro of the problem:\nhttps://github.com/ctyar/Playground/tree/dotnet10_validation_bug/Playground\nYou can run the project and send a request via Swagger to reproduce the exception.\nIf you comment out the AddValidations() call in Program.cs, the request works.\nExceptions (if any)\nfail: Microsoft.AspNetCore.Diagnostics.DeveloperExceptionPageMiddleware[1]\n      An unhandled exception has occurred while executing the request.\n      System.InvalidOperationException: Maximum validation depth of 32 exceeded at 'DueDateTimeOffset.Now.Now.Now.Now.Now.Now.Now.Now.Now.Now.Now.Now.Now.Now.Now.Now.Now.Now.Now.Now.Now.Now.Now.Now.Now.Now.Now.Now.Now.Now.Now' in 'DateTimeOffset'. This is likely caused by a circular reference in the object graph. Consider increasing the MaxDepth in ValidationOptions if deeper validation is required.\n         at Microsoft.AspNetCore.Http.Validation.ValidatableTypeInfo.ValidateAsync(Object value, ValidateContext context, CancellationToken cancellationToken)\n         at Microsoft.AspNetCore.Http.Validation.ValidatablePropertyInfo.ValidateAsync(Object value, ValidateContext context, CancellationToken cancellationToken)\n         at Microsoft.AspNetCore.Http.Validation.ValidatableTypeInfo.ValidateAsync(Object value, ValidateContext context, CancellationToken cancellationToken)\n         at Microsoft.AspNetCore.Http.Validation.ValidatablePropertyInfo.ValidateAsync(Object value, ValidateContext context, CancellationToken cancellationToken)\n         at Microsoft.AspNetCore.Http.Validation.ValidatableTypeInfo.ValidateAsync(Object value, ValidateContext context, CancellationToken cancellationToken)\n         at Microsoft.AspNetCore.Http.Validation.ValidatablePropertyInfo.ValidateAsync(Object value, ValidateContext context, CancellationToken cancellationToken)\n         at Microsoft.AspNetCore.Http.Validation.ValidatableTypeInfo.ValidateAsync(Object value, ValidateContext context, CancellationToken cancellationToken)\n         at Microsoft.AspNetCore.Http.Validation.ValidatablePropertyInfo.ValidateAsync(Object value, ValidateContext context, CancellationToken cancellationToken)\n         at Microsoft.AspNetCore.Http.Validation.ValidatableTypeInfo.ValidateAsync(Object value, ValidateContext context, CancellationToken cancellationToken)\n         at Microsoft.AspNetCore.Http.Validation.ValidatablePropertyInfo.ValidateAsync(Object value, ValidateContext context, CancellationToken cancellationToken)\n         at Microsoft.AspNetCore.Http.Validation.ValidatableTypeInfo.ValidateAsync(Object value, ValidateContext context, CancellationToken cancellationToken)\n         at Microsoft.AspNetCore.Http.Validation.ValidatablePropertyInfo.ValidateAsync(Object value, ValidateContext context, CancellationToken cancellationToken)\n         at Microsoft.AspNetCore.Http.Validation.ValidatableTypeInfo.ValidateAsync(Object value, ValidateContext context, CancellationToken cancellationToken)\n         at Microsoft.AspNetCore.Http.Validation.ValidatablePropertyInfo.ValidateAsync(Object value, ValidateContext context, CancellationToken cancellationToken)\n         at Microsoft.AspNetCore.Http.Validation.ValidatableTypeInfo.ValidateAsync(Object value, ValidateContext context, CancellationToken cancellationToken)\n         at Microsoft.AspNetCore.Http.Validation.ValidatablePropertyInfo.ValidateAsync(Object value, ValidateContext context, CancellationToken cancellationToken)\n         at Microsoft.AspNetCore.Http.Validation.ValidatableTypeInfo.ValidateAsync(Object value, ValidateContext context, CancellationToken cancellationToken)\n         at Microsoft.AspNetCore.Http.Validation.ValidatablePropertyInfo.ValidateAsync(Object value, ValidateContext context, CancellationToken cancellationToken)\n         at Microsoft.AspNetCore.Http.Validation.ValidatableTypeInfo.ValidateAsync(Object value, ValidateContext context, CancellationToken cancellationToken)\n         at Microsoft.AspNetCore.Http.Validation.ValidatablePropertyInfo.ValidateAsync(Object value, ValidateContext context, CancellationToken cancellationToken)\n         at Microsoft.AspNetCore.Http.Validation.ValidatableTypeInfo.ValidateAsync(Object value, ValidateContext context, CancellationToken cancellationToken)\n         at Microsoft.AspNetCore.Http.Validation.ValidatablePropertyInfo.ValidateAsync(Object value, ValidateContext context, CancellationToken cancellationToken)\n         at Microsoft.AspNetCore.Http.Validation.ValidatableTypeInfo.ValidateAsync(Object value, ValidateContext context, CancellationToken cancellationToken)\n         at Microsoft.AspNetCore.Http.Validation.ValidatablePropertyInfo.ValidateAsync(Object value, ValidateContext context, CancellationToken cancellationToken)\n         at Microsoft.AspNetCore.Http.Validation.ValidatableTypeInfo.ValidateAsync(Object value, ValidateContext context, CancellationToken cancellationToken)\n         at Microsoft.AspNetCore.Http.Validation.ValidatablePropertyInfo.ValidateAsync(Object value, ValidateContext context, CancellationToken cancellationToken)\n         at Microsoft.AspNetCore.Http.Validation.ValidatableTypeInfo.ValidateAsync(Object value, ValidateContext context, CancellationToken cancellationToken)\n         at Microsoft.AspNetCore.Http.Validation.ValidatablePropertyInfo.ValidateAsync(Object value, ValidateContext context, CancellationToken cancellationToken)\n         at Microsoft.AspNetCore.Http.Validation.ValidatableTypeInfo.ValidateAsync(Object value, ValidateContext context, CancellationToken cancellationToken)\n         at Microsoft.AspNetCore.Http.Validation.ValidatablePropertyInfo.ValidateAsync(Object value, ValidateContext context, CancellationToken cancellationToken)\n         at Microsoft.AspNetCore.Http.Validation.ValidatableTypeInfo.ValidateAsync(Object value, ValidateContext context, CancellationToken cancellationToken)\n         at Microsoft.AspNetCore.Http.Validation.ValidatablePropertyInfo.ValidateAsync(Object value, ValidateContext context, CancellationToken cancellationToken)\n         at Microsoft.AspNetCore.Http.Validation.ValidatableTypeInfo.ValidateAsync(Object value, ValidateContext context, CancellationToken cancellationToken)\n         at Microsoft.AspNetCore.Http.Validation.ValidatablePropertyInfo.ValidateAsync(Object value, ValidateContext context, CancellationToken cancellationToken)\n         at Microsoft.AspNetCore.Http.Validation.ValidatableTypeInfo.ValidateAsync(Object value, ValidateContext context, CancellationToken cancellationToken)\n         at Microsoft.AspNetCore.Http.Validation.ValidatablePropertyInfo.ValidateAsync(Object value, ValidateContext context, CancellationToken cancellationToken)\n         at Microsoft.AspNetCore.Http.Validation.ValidatableTypeInfo.ValidateAsync(Object value, ValidateContext context, CancellationToken cancellationToken)\n         at Microsoft.AspNetCore.Http.Validation.ValidatablePropertyInfo.ValidateAsync(Object value, ValidateContext context, CancellationToken cancellationToken)\n         at Microsoft.AspNetCore.Http.Validation.ValidatableTypeInfo.ValidateAsync(Object value, ValidateContext context, CancellationToken cancellationToken)\n         at Microsoft.AspNetCore.Http.Validation.ValidatablePropertyInfo.ValidateAsync(Object value, ValidateContext context, CancellationToken cancellationToken)\n         at Microsoft.AspNetCore.Http.Validation.ValidatableTypeInfo.ValidateAsync(Object value, ValidateContext context, CancellationToken cancellationToken)\n         at Microsoft.AspNetCore.Http.Validation.ValidatablePropertyInfo.ValidateAsync(Object value, ValidateContext context, CancellationToken cancellationToken)\n         at Microsoft.AspNetCore.Http.Validation.ValidatableTypeInfo.ValidateAsync(Object value, ValidateContext context, CancellationToken cancellationToken)\n         at Microsoft.AspNetCore.Http.Validation.ValidatablePropertyInfo.ValidateAsync(Object value, ValidateContext context, CancellationToken cancellationToken)\n         at Microsoft.AspNetCore.Http.Validation.ValidatableTypeInfo.ValidateAsync(Object value, ValidateContext context, CancellationToken cancellationToken)\n         at Microsoft.AspNetCore.Http.Validation.ValidatablePropertyInfo.ValidateAsync(Object value, ValidateContext context, CancellationToken cancellationToken)\n         at Microsoft.AspNetCore.Http.Validation.ValidatableTypeInfo.ValidateAsync(Object value, ValidateContext context, CancellationToken cancellationToken)\n         at Microsoft.AspNetCore.Http.Validation.ValidatablePropertyInfo.ValidateAsync(Object value, ValidateContext context, CancellationToken cancellationToken)\n         at Microsoft.AspNetCore.Http.Validation.ValidatableTypeInfo.ValidateAsync(Object value, ValidateContext context, CancellationToken cancellationToken)\n         at Microsoft.AspNetCore.Http.Validation.ValidatablePropertyInfo.ValidateAsync(Object value, ValidateContext context, CancellationToken cancellationToken)\n         at Microsoft.AspNetCore.Http.Validation.ValidatableTypeInfo.ValidateAsync(Object value, ValidateContext context, CancellationToken cancellationToken)\n         at Microsoft.AspNetCore.Http.Validation.ValidatablePropertyInfo.ValidateAsync(Object value, ValidateContext context, CancellationToken cancellationToken)\n         at Microsoft.AspNetCore.Http.Validation.ValidatableTypeInfo.ValidateAsync(Object value, ValidateContext context, CancellationToken cancellationToken)\n         at Microsoft.AspNetCore.Http.Validation.ValidatablePropertyInfo.ValidateAsync(Object value, ValidateContext context, CancellationToken cancellationToken)\n         at Microsoft.AspNetCore.Http.Validation.ValidatableTypeInfo.ValidateAsync(Object value, ValidateContext context, CancellationToken cancellationToken)\n         at Microsoft.AspNetCore.Http.Validation.ValidatablePropertyInfo.ValidateAsync(Object value, ValidateContext context, CancellationToken cancellationToken)\n         at Microsoft.AspNetCore.Http.Validation.ValidatableTypeInfo.ValidateAsync(Object value, ValidateContext context, CancellationToken cancellationToken)\n         at Microsoft.AspNetCore.Http.Validation.ValidatablePropertyInfo.ValidateAsync(Object value, ValidateContext context, CancellationToken cancellationToken)\n         at Microsoft.AspNetCore.Http.Validation.ValidatableTypeInfo.ValidateAsync(Object value, ValidateContext context, CancellationToken cancellationToken)\n         at Microsoft.AspNetCore.Http.Validation.ValidatablePropertyInfo.ValidateAsync(Object value, ValidateContext context, CancellationToken cancellationToken)\n         at Microsoft.AspNetCore.Http.Validation.ValidatableTypeInfo.ValidateAsync(Object value, ValidateContext context, CancellationToken cancellationToken)\n         at Microsoft.AspNetCore.Http.Validation.ValidatablePropertyInfo.ValidateAsync(Object value, ValidateContext context, CancellationToken cancellationToken)\n         at Microsoft.AspNetCore.Http.Validation.ValidatableTypeInfo.ValidateAsync(Object value, ValidateContext context, CancellationToken cancellationToken)\n         at Microsoft.AspNetCore.Http.Validation.ValidatablePropertyInfo.ValidateAsync(Object value, ValidateContext context, CancellationToken cancellationToken)\n         at Microsoft.AspNetCore.Http.Validation.ValidatableTypeInfo.ValidateAsync(Object value, ValidateContext context, CancellationToken cancellationToken)\n         at Microsoft.AspNetCore.Http.Validation.ValidatableParameterInfo.ValidateAsync(Object value, ValidateContext context, CancellationToken cancellationToken)\n         at Microsoft.AspNetCore.Http.Validation.ValidationEndpointFilterFactory.<>c__DisplayClass0_0.<<Create>b__0>d.MoveNext()\n      --- End of stack trace from previous location ---\n         at Microsoft.AspNetCore.Http.RequestDelegateFactory.<ExecuteValueTaskOfObject>g__ExecuteAwaited|129_0(ValueTask`1 valueTask, HttpContext httpContext, JsonTypeInfo`1 jsonTypeInfo)\n         at Microsoft.AspNetCore.Http.RequestDelegateFactory.<>c__DisplayClass102_2.<<HandleRequestBodyAndCompileRequestDelegateForJson>b__2>d.MoveNext()\n      --- End of stack trace from previous location ---\n         at Microsoft.AspNetCore.Diagnostics.DeveloperExceptionPageMiddlewareImpl.Invoke(HttpContext context)\n.NET Version\n10.0.100-preview.3.25201.16\nAnything else?\nDateTime which has a similar shape works",
      "createdAt": "2025-04-19T08:27:42Z",
      "number": 61558,
      "labels": {
        "nodes": [
          {
            "name": "area-minimal"
          },
          {
            "name": "feature-validation"
          }
        ]
      },
      "author": {
        "login": "ctyar"
      }
    },
    {
      "title": "Perf regression: json, kestrel-hostheader-mismatch",
      "url": "https://github.com/dotnet/aspnetcore/issues/61556",
      "bodyText": "Scenario\nEnvironment\nDate\nOld RPS\nNew RPS\nChange\nDeviation\nStDev\nDependencies\n\n\n\n\njson\nJson IIS InProc 1- Trends Intel Windows\n04/17/2025 21:18:56\n314,223\n309,651\n-1.46 % (-4,572)  ðŸ‘Ž\n-2.21 Ïƒ\n2,071.87\n    Changes     NameVersionDiff            Microsoft.Extensions.Caching.Abstractions.dll            10.0.0-preview.4.25211.17 -> 10.0.0-preview.4.25211.19            dotnet/runtime@850b0ba...464e5fe            Microsoft.AspNetCore.App            10.0.0-preview.4.25212.2 -> 10.0.0-preview.4.25215.10            d9c0bed...a94ba4b            Microsoft.NETCore.App            10.0.0-preview.4.25211.19 -> 10.0.0-preview.4.25215.12            dotnet/runtime@464e5fe...d06c2f6\n\n\nkestrel-hostheader-mismatch\nKestrel Linux: Host Header Mismatch 4- Trends Amd Linux\n04/17/2025 23:12:15\n312\n311\n-0.24 % (-1)  ðŸ‘Ž\n-2.05 Ïƒ\n0.36\n    Changes     NameVersionDiff            Microsoft.Extensions.Caching.Abstractions.dll            10.0.0-preview.4.25211.17 -> 10.0.0-preview.4.25211.19            dotnet/runtime@850b0ba...464e5fe            Microsoft.AspNetCore.App            10.0.0-preview.4.25212.2 -> 10.0.0-preview.4.25215.10            d9c0bed...a94ba4b            Microsoft.NETCore.App            10.0.0-preview.4.25211.19 -> 10.0.0-preview.4.25215.12            dotnet/runtime@464e5fe...d06c2f6\n\n\n\nPowerBI Dashboard\n@sebastienros",
      "createdAt": "2025-04-19T07:23:25Z",
      "number": 61556,
      "labels": {
        "nodes": [
          {
            "name": "Perf"
          },
          {
            "name": "area-commandlinetools"
          },
          {
            "name": "perf-regression"
          }
        ]
      },
      "author": {
        "login": "pr-benchmarks"
      }
    },
    {
      "title": "Perf regression: json_middleware",
      "url": "https://github.com/dotnet/aspnetcore/issues/61553",
      "bodyText": "Scenario\nEnvironment\nDate\nOld RPS\nNew RPS\nChange\nDeviation\nStDev\nDependencies\n\n\n\n\njson_middleware\nJson 400k 1- Trends Intel Windows\n04/17/2025 09:28:10\n10,952\n10,739\n-1.94 % (-213)  ðŸ‘Ž\n-3.72 Ïƒ\n57.29\n    Changes     NameVersionDiff            Microsoft.Extensions.Caching.Abstractions.dll            10.0.0-preview.4.25211.17 -> 10.0.0-preview.4.25211.19            dotnet/runtime@850b0ba...464e5fe            Microsoft.AspNetCore.App            10.0.0-preview.4.25212.2 -> 10.0.0-preview.4.25215.10            d9c0bed...a94ba4b            Microsoft.NETCore.App            10.0.0-preview.4.25211.19 -> 10.0.0-preview.4.25215.12            dotnet/runtime@464e5fe...d06c2f6\n\n\n\nPowerBI Dashboard\n@sebastienros",
      "createdAt": "2025-04-18T19:27:58Z",
      "number": 61553,
      "labels": {
        "nodes": [
          {
            "name": "Perf"
          },
          {
            "name": "perf-regression"
          },
          {
            "name": "area-perf"
          }
        ]
      },
      "author": {
        "login": "pr-benchmarks"
      }
    },
    {
      "title": "How to pass the EnvironmentName on publish of an ASP.NET Core app with Angular 2022",
      "url": "https://github.com/dotnet/aspnetcore/issues/61550",
      "bodyText": "Is there an existing issue for this?\n\n I have searched the existing issues\n\nIs your feature request related to a problem? Please describe the problem.\nI created a project based on the tutorial and ran into a problem\nhttps://learn.microsoft.com/en-us/visualstudio/javascript/tutorial-asp-net-core-with-angular?view=vs-2022\nhow to pass the EnvironmentName specified in the .pubxml file (in project Server)\n<EnvironmentName>Test<EnvironmentName/>\nin the Server project to the client project .esproj\nto influence the BuildCommand and replace npm run build with your custom one\nEnvironmentName on the client is empty\n<Project Sdk=\"Microsoft.VisualStudio.JavaScript.Sdk/1.0.2797697\">\n  <PropertyGroup>\n    <StartupCommand>npm start</StartupCommand>\n    <JavaScriptTestFramework>Jasmine</JavaScriptTestFramework>\n    <!-- Allows the build (or compile) script located on package.json to run on Build -->\n    <ShouldRunBuildScript>false</ShouldRunBuildScript>\n    <!-- Folder where production build objects will be placed -->\n    <BuildOutputFolder>$(MSBuildProjectDirectory)\\dist\\angularwithasp.client\\</BuildOutputFolder>\n    <BuildCommand Condition=\"'$(EnvironmentName)' == 'Test'\">npm run build:Test</BuildCommand>\n    <BuildCommand Condition=\"'$(BuildCommand)' == ''\">npm run build</BuildCommand>\n  </PropertyGroup>\n</Project>\nDescribe the solution you'd like\nI would like to influence the client's npm run build script when publishing the server\nthe idea of â€‹â€‹this template is that when publishing a server, the client part BuildCommand is launched, and the build result is placed in wwwroot, I would like to customize this and influence the BuildCommand called on the client when publishing a server project\nAdditional context\nNo response",
      "createdAt": "2025-04-18T16:50:25Z",
      "number": 61550,
      "labels": {
        "nodes": [
          {
            "name": "area-mvc"
          }
        ]
      },
      "author": {
        "login": "UseMuse"
      }
    }
  ],
  "mono/mono": [
    {
      "title": "Website is not up-to-date",
      "url": "https://github.com/mono/mono/issues/21833",
      "bodyText": "Dear @mono team,\nThe website is not up-to-date, it is possible to solve it?\n\nhttps://www.mono-project.com/\nhttps://www.mono-project.com/download/stable/\n\nThanks in advance.\nLinked to:\n\nmono/website#652",
      "createdAt": "2025-03-08T17:48:46Z",
      "number": 21833,
      "labels": {
        "nodes": []
      },
      "author": {
        "login": "Neustradamus"
      }
    },
    {
      "title": "How to open this repository in IDE",
      "url": "https://github.com/mono/mono/issues/21830",
      "bodyText": "I did not find main *.sln file.\nThere are many *.sln files, which using IDE does not open projects",
      "createdAt": "2025-02-05T09:11:01Z",
      "number": 21830,
      "labels": {
        "nodes": []
      },
      "author": {
        "login": "Rombersoft"
      }
    },
    {
      "title": "jitmap when embedding mono",
      "url": "https://github.com/mono/mono/issues/21829",
      "bodyText": "When embedding mono in another application, it's not possible to enable --jitmap, since that option is only parsed by mono_main. Ideally, there would be a way to supply a callback instead of mono_emit_jit_tramp so that mono's JIT map could coexist with other maps generated by the host application. However, even the existing behavior would be useful (if it could be enabled through mono_jit_parse_options or an environmental variable).\nOn a related note, --profiler is also unavailable except via mono_main.",
      "createdAt": "2025-02-04T19:32:28Z",
      "number": 21829,
      "labels": {
        "nodes": []
      },
      "author": {
        "login": "sean-anderson-seco"
      }
    },
    {
      "title": "MacOS installer not compatible with arm64?",
      "url": "https://github.com/mono/mono/issues/21825",
      "bodyText": "Heya :) I need Mono to run some code on macos with arm64 architecture (M1 silicone chip). The installer defaults to amd64, ultimately leading to OSError & RuntimeError. Is there a fix? Or is mono not compatible with arm64 for macos?\nAppreciate any help. thx\n~ uname -m\narm64\n~ mono -V\nMono JIT compiler version 6.12.0.206 (2020-02/0cbf0e290c3 Tue Feb 13 17:04:08 EST 2024)\nCopyright (C) 2002-2014 Novell, Inc, Xamarin Inc and Contributors. www.mono-project.com\n\tTLS:           \n\tSIGSEGV:       altstack\n\tNotification:  kqueue\n\tArchitecture:  amd64\n\tDisabled:      none\n\tMisc:          softdebug \n\tInterpreter:   yes\n\tLLVM:          yes(610)\n\tSuspend:       hybrid\n\tGC:            sgen (concurrent by default)\n\nERROR MESSAGEs:\nOSError: cannot load library '/Library/Frameworks/Mono.framework/Versions/Current/lib/libmonosgen-2.0.dylib': dlopen(/Library/Frameworks/Mono.framework/Versions/Current/lib/libmonosgen-2.0.dylib, 0x000A): tried: '/Library/Frameworks/Mono.framework/Versions/Current/lib/libmonosgen-2.0.dylib' (fat file, but missing compatible architecture (have 'i386,x86_64', need 'arm64e' or 'arm64')), '/System/Volumes/Preboot/Cryptexes/OS/Library/Frameworks/Mono.framework/Versions/Current/lib/libmonosgen-2.0.dylib' (no such file), '/Library/Frameworks/Mono.framework/Versions/Current/lib/libmonosgen-2.0.dylib' (fat file, but missing compatible architecture (have 'i386,x86_64', need 'arm64e' or 'arm64')), '/Library/Frameworks/Mono.framework/Versions/6.12.0/lib/libmonosgen-2.0.1.dylib' (fat file, but missing compatible architecture (have 'i386,x86_64', need 'arm64e' or 'arm64')), '/System/Volumes/Preboot/Cryptexes/OS/Library/Frameworks/Mono.framework/Versions/6.12.0/lib/libmonosgen-2.0.1.dylib' (no such file), '/Library/Frameworks/Mono.framework/Versions/6.12.0/lib/libmonosgen-2.0.1.dylib' (fat file, but missing compatible architecture (have 'i386,x86_64', need 'arm64e' or 'arm64')).  Additionally, ctypes.util.find_library() did not manage to locate a library called '/Library/Frameworks/Mono.framework/Versions/Current/lib/libmonosgen-2.0.dylib'\n\nRuntimeError: Failed to create a default .NET runtime, which would\n                    have been \"mono\" on this system. Either install a\n                    compatible runtime or configure it explicitly via\n                    `set_runtime` or the `PYTHONNET_*` environment variables\n                    (see set_runtime_from_env).",
      "createdAt": "2025-01-15T16:24:36Z",
      "number": 21825,
      "labels": {
        "nodes": []
      },
      "author": {
        "login": "Begbo95"
      }
    },
    {
      "title": "Does Mono work with file-scoped namespaces in DotNetFramework?",
      "url": "https://github.com/mono/mono/issues/21824",
      "bodyText": "Hi team -\nI'm tinkering with Mono for a project with really old DotNetFramework code, and I notice that all of this code was written with file-scoped namespaces, e.g. this:\nnamespace MyProject.MyLibrary;\nWhen I compile this using Mono, I get an error telling me that curly braces are expected.  I looked around for an option within csc that would allow me to enable namespaces, but it's possible maybe this functionality just doesn't exist.  Unfortunately, googling \"mono dotnet file-scoped namespaces\" doesn't produce lots of useful results.\nSteps to Reproduce\n\nCreate a file with these contents:\n\nusing System;\n\nnamespace MyHelloWorldApp;\n\npublic class HelloWorld\n{\n    public static void Main(string[] args)\n    {\n        Console.WriteLine (\"Hello Mono World\");\n    }\n}\n\nCompile using csc hello.cs\n\nCurrent Behavior\n$ csc hello.cs \nMicrosoft (R) Visual C# Compiler version 3.9.0-6.21124.20 (db94f4cc)\nCopyright (C) Microsoft Corporation. All rights reserved.\n\nhello.cs(3,26): error CS1514: { expected\nhello.cs(11,2): error CS1513: } expected\n\nExpected Behavior\nIdeally, this would compile.  Is it possible I'm just missing a compiler flag to tell it to recognize file-scoped namespaces?\nOn which platforms did you notice this\n[x] macOS\n[ ] Linux\n[ ] Windows\nVersion Used:\nMono JIT compiler version 6.12.0.182 (2020-02/6051b710727 Tue Jun 14 15:01:21 EDT 2022)\nStacktrace\nn/a",
      "createdAt": "2025-01-13T00:09:45Z",
      "number": 21824,
      "labels": {
        "nodes": []
      },
      "author": {
        "login": "tspence"
      }
    }
  ],
  "aspnetboilerplate/aspnetboilerplate": [
    {
      "title": "Angular 18 Compatibility",
      "url": "https://github.com/aspnetboilerplate/aspnetboilerplate/issues/7131",
      "bodyText": "I'm new here, and this might not be the best place to ask this, but is ABP-ng2 compatible with Angular 18?",
      "createdAt": "2025-04-07T20:51:45Z",
      "number": 7131,
      "labels": {
        "nodes": []
      },
      "author": {
        "login": "LuisAnibalVasquez"
      }
    },
    {
      "title": "Publishing Web and Migrator Project takes too much time",
      "url": "https://github.com/aspnetboilerplate/aspnetboilerplate/issues/7130",
      "bodyText": "We have asp.net zero mvc core project and we are using github workflow actions to publish the Web and Migrator projects. When publishing it takes almost 3 hours.\nHow to reduce this time and why it takes this much longer?",
      "createdAt": "2025-03-23T19:32:01Z",
      "number": 7130,
      "labels": {
        "nodes": []
      },
      "author": {
        "login": "hardipsinhkd"
      }
    },
    {
      "title": "Help - PrimeNg - integration",
      "url": "https://github.com/aspnetboilerplate/aspnetboilerplate/issues/7129",
      "bodyText": "#I am trying to integrate PrimeNG https://primeng.org/\nUsing npm\nnpm install primeng @primeng/themes\nin app.module.ts\nimport { provideAnimationsAsync } from '@angular/platform-browser/animations/async';\nimport { providePrimeNG } from 'primeng/config';\nimport Aura from '@primeng/themes/aura';\nimport { ButtonModule } from 'primeng/button';\n@NgModule({\ndeclarations: [\nAppComponent\n],\nimports: [\nBrowserModule,\nAppRoutingModule,\nFormsModule,\nHttpClientModule,\nButtonModule\n],\nproviders: [provideAnimationsAsync(),\nprovidePrimeNG({\ntheme: {\npreset: Aura\n}\n})],\n})\nin ButtonDemo.Component.html\n \n    \n\nThis gives an error\n./node_modules/primeng/fesm2022/primeng-config.mjs:312:22-43 - Error: export 'provideAppInitializer' (imported as 'provideAppInitializer') was not found in '@angular/core' (possible exports: ANIMATION_MODULE_TYPE, APP_BOOTSTRAP_LISTENER, APP_ID, APP_INITIALIZER, AfterRenderPhase, ApplicationInitStatus, ApplicationModule, ApplicationRef, Attribute, COMPILER_OPTIONS, CSP_NONCE, CUSTOM_ELEMENTS_SCHEMA, ChangeDetectionStrategy, ChangeDetectorRef, Compiler, CompilerFactory, Component, ComponentFactory, ComponentFactoryResolver, ComponentRef, ContentChild, ContentChildren, DEFAULT_CURRENCY_CODE, DebugElement, DebugEventListener, DebugNode, DefaultIterableDiffer, DestroyRef, Directive, ENVIRONMENT_INITIALIZER, ElementRef, EmbeddedViewRef, EnvironmentInjector, ErrorHandler, EventEmitter, ExperimentalPendingTasks, HOST_TAG_NAME, Host, HostAttributeToken, HostBinding, HostListener, INJECTOR, Inject, InjectFlags, Injectable, InjectionToken, Injector, Input, IterableDiffers, KeyValueDiffers, LOCALE_ID, MissingTranslationStrategy, ModuleWithComponentFactories, NO_ERRORS_SCHEMA, NgModule, NgModuleFactory, NgModuleRef, NgProbeToken, NgZone, Optional, Output, OutputEmitterRef, PACKAGE_ROOT_URL, PLATFORM_ID, PLATFORM_INITIALIZER, Pipe, PlatformRef, Query, QueryList, Renderer2, RendererFactory2, RendererStyleFlags2, Sanitizer, SecurityContext, Self, SimpleChange, SkipSelf, TRANSLATIONS, TRANSLATIONS_FORMAT, TemplateRef, Testability, TestabilityRegistry, TransferState, Type, VERSION, Version, ViewChild, ViewChildren, ViewContainerRef, ViewEncapsulation, ViewRef, afterNextRender, afterRender, asNativeElements, assertInInjectionContext, assertNotInReactiveContext, assertPlatform, booleanAttribute, computed, contentChild, contentChildren, createComponent, createEnvironmentInjector, createNgModule, createNgModuleRef, createPlatform, createPlatformFactory, defineInjectable, destroyPlatform, effect, enableProdMode, forwardRef, getDebugNode, getModuleFactory, getNgModuleById, getPlatform, importProvidersFrom, inject, input, isDevMode, isSignal, isStandalone, makeEnvironmentProviders, makeStateKey, mergeApplicationConfig, model, numberAttribute, output, platformCore, provideExperimentalCheckNoChangesForDebug, provideExperimentalZonelessChangeDetection, provideZoneChangeDetection, reflectComponentType, resolveForwardRef, runInInjectionContext, setTestabilityGetter, signal, untracked, viewChild, viewChildren, ÉµALLOW_MULTIPLE_PLATFORMS, ÉµAfterRenderManager, ÉµCONTAINER_HEADER_OFFSET, ÉµChangeDetectionScheduler, ÉµChangeDetectionSchedulerImpl, ÉµComponentFactory, ÉµConsole, ÉµDEFAULT_LOCALE_ID, ÉµDEFER_BLOCK_CONFIG, ÉµDEFER_BLOCK_DEPENDENCY_INTERCEPTOR, ÉµDeferBlockBehavior, ÉµDeferBlockState, ÉµEffectScheduler, ÉµIMAGE_CONFIG, ÉµIMAGE_CONFIG_DEFAULTS, ÉµINJECTOR_SCOPE, ÉµINPUT_SIGNAL_BRAND_WRITE_TYPE, ÉµINTERNAL_APPLICATION_ERROR_HANDLER, ÉµIS_HYDRATION_DOM_REUSE_ENABLED, ÉµJSACTION_EVENT_CONTRACT, ÉµLContext, ÉµLifecycleHooksFeature, ÉµLocaleDataIndex, ÉµNG_COMP_DEF, ÉµNG_DIR_DEF, ÉµNG_ELEMENT_ID, ÉµNG_INJ_DEF, ÉµNG_MOD_DEF, ÉµNG_PIPE_DEF, ÉµNG_PROV_DEF, ÉµNOT_FOUND_CHECK_ONLY_ELEMENT_INJECTOR, ÉµNO_CHANGE, ÉµNgModuleFactory, ÉµNoopNgZone, ÉµPROVIDED_NG_ZONE, ÉµPendingTasks, ÉµReflectionCapabilities, ÉµRender3ComponentFactory, ÉµRender3ComponentRef, ÉµRender3NgModuleRef, ÉµRuntimeError, ÉµSIGNAL, ÉµSSR_CONTENT_INTEGRITY_MARKER, ÉµTESTABILITY, ÉµTESTABILITY_GETTER, ÉµUSE_RUNTIME_DEPS_TRACKER_FOR_JIT, ÉµViewRef, ÉµXSS_SECURITY_URL, ÉµZONELESS_ENABLED, Éµ_sanitizeHtml, Éµ_sanitizeUrl, ÉµallowSanitizationBypassAndThrow, ÉµannotateForHydration, ÉµbypassSanitizationTrustHtml, ÉµbypassSanitizationTrustResourceUrl, ÉµbypassSanitizationTrustScript, ÉµbypassSanitizationTrustStyle, ÉµbypassSanitizationTrustUrl, ÉµclearResolutionOfComponentResourcesQueue, ÉµcompileComponent, ÉµcompileDirective, ÉµcompileNgModule, ÉµcompileNgModuleDefs, ÉµcompileNgModuleFactory, ÉµcompilePipe, ÉµconvertToBitFlags, ÉµcreateInjector, ÉµdefaultIterableDiffers, ÉµdefaultKeyValueDiffers, ÉµdepsTracker, ÉµdetectChangesInViewIfRequired, ÉµdevModeEqual, ÉµfindLocaleData, ÉµflushModuleScopingQueueAsMuchAsPossible, ÉµformatRuntimeError, ÉµgenerateStandaloneInDeclarationsError, ÉµgetAsyncClassMetadataFn, ÉµgetDebugNode, ÉµgetDeferBlocks, ÉµgetDirectives, ÉµgetHostElement, ÉµgetInjectableDef, ÉµgetLContext, ÉµgetLocaleCurrencyCode, ÉµgetLocalePluralCase, ÉµgetOutputDestroyRef, ÉµgetSanitizationBypassType, ÉµgetUnknownElementStrictMode, ÉµgetUnknownPropertyStrictMode, Éµglobal, ÉµinjectChangeDetectorRef, ÉµinternalCreateApplication, ÉµinternalProvideZoneChangeDetection, ÉµisBoundToModule, ÉµisComponentDefPendingResolution, ÉµisEnvironmentProviders, ÉµisInjectable, ÉµisNgModule, ÉµisPromise, ÉµisSubscribable, ÉµnoSideEffects, ÉµpatchComponentDefWithScope, ÉµperformanceMarkFeature, ÉµreadHydrationInfo, ÉµregisterLocaleData, ÉµrenderDeferBlockState, ÉµresetCompiledComponents, ÉµresetJitOptions, ÉµresolveComponentResources, ÉµrestoreComponentResolutionQueue, ÉµsetAllowDuplicateNgModuleIdsForTest, ÉµsetAlternateWeakRefImpl, ÉµsetClassDebugInfo, ÉµsetClassMetadata, ÉµsetClassMetadataAsync, ÉµsetCurrentInjector, ÉµsetDocument, ÉµsetInjectorProfilerContext, ÉµsetLocaleId, ÉµsetUnknownElementStrictMode, ÉµsetUnknownPropertyStrictMode, Éµstore, Éµstringify, ÉµtransitiveScopesFor, ÉµtriggerResourceLoading, ÉµtruncateMiddle, ÉµunregisterLocaleData, ÉµunwrapSafeValue, ÉµunwrapWritableSignal, ÉµwhenStable, ÉµwithDomHydration, ÉµwithEventReplay, ÉµwithI18nSupport, ÉµÉµCopyDefinitionFeature, ÉµÉµFactoryTarget, ÉµÉµHostDirectivesFeature, ÉµÉµInheritDefinitionFeature, ÉµÉµInputTransformsFeature, ÉµÉµNgOnChangesFeature, ÉµÉµProvidersFeature, ÉµÉµStandaloneFeature, ÉµÉµadvance, ÉµÉµattribute, ÉµÉµattributeInterpolate1, ÉµÉµattributeInterpolate2, ÉµÉµattributeInterpolate3, ÉµÉµattributeInterpolate4, ÉµÉµattributeInterpolate5, ÉµÉµattributeInterpolate6, ÉµÉµattributeInterpolate7, ÉµÉµattributeInterpolate8, ÉµÉµattributeInterpolateV, ÉµÉµclassMap, ÉµÉµclassMapInterpolate1, ÉµÉµclassMapInterpolate2, ÉµÉµclassMapInterpolate3, ÉµÉµclassMapInterpolate4, ÉµÉµclassMapInterpolate5, ÉµÉµclassMapInterpolate6, ÉµÉµclassMapInterpolate7, ÉµÉµclassMapInterpolate8, ÉµÉµclassMapInterpolateV, ÉµÉµclassProp, ÉµÉµcomponentInstance, ÉµÉµconditional, ÉµÉµcontentQuery, ÉµÉµcontentQuerySignal, ÉµÉµdeclareLet, ÉµÉµdefer, ÉµÉµdeferEnableTimerScheduling, ÉµÉµdeferOnHover, ÉµÉµdeferOnIdle, ÉµÉµdeferOnImmediate, ÉµÉµdeferOnInteraction, ÉµÉµdeferOnTimer, ÉµÉµdeferOnViewport, ÉµÉµdeferPrefetchOnHover, ÉµÉµdeferPrefetchOnIdle, ÉµÉµdeferPrefetchOnImmediate, ÉµÉµdeferPrefetchOnInteraction, ÉµÉµdeferPrefetchOnTimer, ÉµÉµdeferPrefetchOnViewport, ÉµÉµdeferPrefetchWhen, ÉµÉµdeferWhen, ÉµÉµdefineComponent, ÉµÉµdefineDirective, ÉµÉµdefineInjectable, ÉµÉµdefineInjector, ÉµÉµdefineNgModule, ÉµÉµdefinePipe, ÉµÉµdirectiveInject, ÉµÉµdisableBindings, ÉµÉµelement, ÉµÉµelementContainer, ÉµÉµelementContainerEnd, ÉµÉµelementContainerStart, ÉµÉµelementEnd, ÉµÉµelementStart, ÉµÉµenableBindings, ÉµÉµgetComponentDepsFactory, ÉµÉµgetCurrentView, ÉµÉµgetInheritedFactory, ÉµÉµhostProperty, ÉµÉµi18n, ÉµÉµi18nApply, ÉµÉµi18nAttributes, ÉµÉµi18nEnd, ÉµÉµi18nExp, ÉµÉµi18nPostprocess, ÉµÉµi18nStart, ÉµÉµinject, ÉµÉµinjectAttribute, ÉµÉµinvalidFactory, ÉµÉµinvalidFactoryDep, ÉµÉµlistener, ÉµÉµloadQuery, ÉµÉµnamespaceHTML, ÉµÉµnamespaceMathML, ÉµÉµnamespaceSVG, ÉµÉµnextContext, ÉµÉµngDeclareClassMetadata, ÉµÉµngDeclareClassMetadataAsync, ÉµÉµngDeclareComponent, ÉµÉµngDeclareDirective, ÉµÉµngDeclareFactory, ÉµÉµngDeclareInjectable, ÉµÉµngDeclareInjector, ÉµÉµngDeclareNgModule, ÉµÉµngDeclarePipe, ÉµÉµpipe, ÉµÉµpipeBind1, ÉµÉµpipeBind2, ÉµÉµpipeBind3, ÉµÉµpipeBind4, ÉµÉµpipeBindV, ÉµÉµprojection, ÉµÉµprojectionDef, ÉµÉµproperty, ÉµÉµpropertyInterpolate, ÉµÉµpropertyInterpolate1, ÉµÉµpropertyInterpolate2, ÉµÉµpropertyInterpolate3, ÉµÉµpropertyInterpolate4, ÉµÉµpropertyInterpolate5, ÉµÉµpropertyInterpolate6, ÉµÉµpropertyInterpolate7, ÉµÉµpropertyInterpolate8, ÉµÉµpropertyInterpolateV, ÉµÉµpureFunction0, ÉµÉµpureFunction1, ÉµÉµpureFunction2, ÉµÉµpureFunction3, ÉµÉµpureFunction4, ÉµÉµpureFunction5, ÉµÉµpureFunction6, ÉµÉµpureFunction7, ÉµÉµpureFunction8, ÉµÉµpureFunctionV, ÉµÉµqueryAdvance, ÉµÉµqueryRefresh, ÉµÉµreadContextLet, ÉµÉµreference, ÉµÉµregisterNgModuleType, ÉµÉµrepeater, ÉµÉµrepeaterCreate, ÉµÉµrepeaterTrackByIdentity, ÉµÉµrepeaterTrackByIndex, ÉµÉµresetView, ÉµÉµresolveBody, ÉµÉµresolveDocument, ÉµÉµresolveWindow, ÉµÉµrestoreView, ÉµÉµsanitizeHtml, ÉµÉµsanitizeResourceUrl, ÉµÉµsanitizeScript, ÉµÉµsanitizeStyle, ÉµÉµsanitizeUrl, ÉµÉµsanitizeUrlOrResourceUrl, ÉµÉµsetComponentScope, ÉµÉµsetNgModuleScope, ÉµÉµstoreLet, ÉµÉµstyleMap, ÉµÉµstyleMapInterpolate1, ÉµÉµstyleMapInterpolate2, ÉµÉµstyleMapInterpolate3, ÉµÉµstyleMapInterpolate4, ÉµÉµstyleMapInterpolate5, ÉµÉµstyleMapInterpolate6, ÉµÉµstyleMapInterpolate7, ÉµÉµstyleMapInterpolate8, ÉµÉµstyleMapInterpolateV, ÉµÉµstyleProp, ÉµÉµstylePropInterpolate1, ÉµÉµstylePropInterpolate2, ÉµÉµstylePropInterpolate3, ÉµÉµstylePropInterpolate4, ÉµÉµstylePropInterpolate5, ÉµÉµstylePropInterpolate6, ÉµÉµstylePropInterpolate7, ÉµÉµstylePropInterpolate8, ÉµÉµstylePropInterpolateV, ÉµÉµsyntheticHostListener, ÉµÉµsyntheticHostProperty, ÉµÉµtemplate, ÉµÉµtemplateRefExtractor, ÉµÉµtext, ÉµÉµtextInterpolate, ÉµÉµtextInterpolate1, ÉµÉµtextInterpolate2, ÉµÉµtextInterpolate3, ÉµÉµtextInterpolate4, ÉµÉµtextInterpolate5, ÉµÉµtextInterpolate6, ÉµÉµtextInterpolate7, ÉµÉµtextInterpolate8, ÉµÉµtextInterpolateV, ÉµÉµtrustConstantHtml, ÉµÉµtrustConstantResourceUrl, ÉµÉµtwoWayBindingSet, ÉµÉµtwoWayListener, ÉµÉµtwoWayProperty, ÉµÉµvalidateIframeAttribute, ÉµÉµviewQuery, ÉµÉµviewQuerySignal)",
      "createdAt": "2025-03-14T05:23:37Z",
      "number": 7129,
      "labels": {
        "nodes": []
      },
      "author": {
        "login": "vikramtamboli"
      }
    },
    {
      "title": "Migrate lint setup to ESLint and update the configuration",
      "url": "https://github.com/aspnetboilerplate/aspnetboilerplate/issues/7128",
      "bodyText": "Change the Lint structure to the current ESlint structure. At the same time, the Prettier package can be added to the project.",
      "createdAt": "2025-03-12T14:59:47Z",
      "number": 7128,
      "labels": {
        "nodes": [
          {
            "name": "module-zero-core-template"
          },
          {
            "name": "effort-xs"
          }
        ]
      },
      "author": {
        "login": "oguzhanagir"
      }
    },
    {
      "title": "How to rollback the database transaction when there is exception?",
      "url": "https://github.com/aspnetboilerplate/aspnetboilerplate/issues/7127",
      "bodyText": "In my onPostAsync():\ntry {\n\nCall _appService.UpdateAsync()\n2. _appService.UpdateAsync do the validation check (using Check.Positive, etc) before calling the _repository.UpdateAsync (no try catch inside)\n\n}\ncatch (Exception ex) {\n//set notification message\nnotificationmessage = \"Fail to update\";\n}\nreturn RedirectToPage();\nThe Check.Positive() throw an exception which goes to my catch Exception, set my notificationmessage and redirect to my page. But the database is still being updated instead of rolling back.\nI read from here: https://abp.io/docs/latest/framework/architecture/domain-driven-design/unit-of-work\nif it does not throw exception, it will commit the transaction. But now that it hit my catch Exception and I am trying to return the error with my own notification, it still commit the transaction.\nI try commented out the _repository.UpdateAsync() and it still can update the database (?).\nI also try to disable the unit of work with this\nConfigure<AbpUnitOfWorkDefaultOptions>(options =>\n{\n    options.TransactionBehavior = UnitOfWorkTransactionBehavior.Disabled;\n});\n\nbut it still does not work.\nHow do I make it follow my steps (eg. like if i commented out the _repository.UpdateAsync(), it should not do any update to database) and disable this current behaviour? Thanks.",
      "createdAt": "2025-03-12T03:56:34Z",
      "number": 7127,
      "labels": {
        "nodes": []
      },
      "author": {
        "login": "raine93"
      }
    }
  ],
  "ShareX/ShareX": [
    {
      "title": "[Suggestion] Add PNG lower bit depth option",
      "url": "https://github.com/ShareX/ShareX/issues/7893",
      "bodyText": "The PNG Bit depth 24bit is still too much. Can add the 8 bit depth (256 color) or even lower to make the PNG even smaller?",
      "createdAt": "2025-04-17T19:52:56Z",
      "number": 7893,
      "labels": {
        "nodes": []
      },
      "author": {
        "login": "wongcc2012"
      }
    },
    {
      "title": "[BUG]ShareX crashing windows explorer",
      "url": "https://github.com/ShareX/ShareX/issues/7892",
      "bodyText": "If you have a task to take a screenshot and then open the editor, it seems this is limited to 6 editors open at once. Taking additional screenshots will not open another editor window, but closing one of the existing ones will then open any pending ones in order of you taking the screenshots.\nHowever often this results in crashing the entire windows UI(explorer.exe) it seems, and have to wait a good 15-30 seconds for it to relaunch. It does not happen every time but is intermittent, haven't figured out how to consistently trigger the behavior.",
      "createdAt": "2025-04-17T18:37:59Z",
      "number": 7892,
      "labels": {
        "nodes": []
      },
      "author": {
        "login": "NotZircom"
      }
    },
    {
      "title": "[Feature Request] An ability to change the keybind for capturing regions",
      "url": "https://github.com/ShareX/ShareX/issues/7890",
      "bodyText": "If multi region mode is enabled, regions can be captured with either double clicking the LMB or pressing Enter. This is a bit frustrating, since making a left double click can result in you accidentally moving the mouse a few millimetres and hence moving the region, and pressing Enter with your right hand on a mouse is just uncomfortable.\nI was surprised to find out that you cannot change this bind. In the capture settings, there is even a menu dedicated to assigning mouse buttons to different actions, yet there is no \"Capture regions\" action.\n\nSo, I would like to propose such feature, so it would be possible to bind this action to either one of the mouse buttons or any key on the keyboard.",
      "createdAt": "2025-04-17T10:14:23Z",
      "number": 7890,
      "labels": {
        "nodes": []
      },
      "author": {
        "login": "sdzkHelince"
      }
    },
    {
      "title": "Exception has been thrown by the target of an invocation",
      "url": "https://github.com/ShareX/ShareX/issues/7889",
      "bodyText": "Help please. I have sent a bug report also. I have pated the log file also\nOn trying load ShareX I am getting the following: Help please.\nSystem.Reflection.TargetInvocationException: Exception has been thrown by the target of an invocation. ---> System.BadImageFormatException: Could not load file or assembly 'ShareX.ScreenCaptureLib, Version=17.0.0.0, Culture=neutral, PublicKeyToken=null' or one of its dependencies. The module was expected to contain an assembly manifest.\nat ShareX.TaskSettingsCapture..ctor()\nat ShareX.TaskSettings..ctor()\nat ShareX.ApplicationConfig..ctor()\n--- End of inner exception stack trace ---\nat System.RuntimeTypeHandle.CreateInstance(RuntimeType type, Boolean publicOnly, Boolean noCheck, Boolean& canBeCached, RuntimeMethodHandleInternal& ctor, Boolean& bNeedSecurityCheck)\nat System.RuntimeType.CreateInstanceSlow(Boolean publicOnly, Boolean skipCheckThis, Boolean fillCache, StackCrawlMark& stackMark)\nat System.Activator.CreateInstanceT\nat ShareX.HelpersLib.SettingsBase1.LoadInternal(String filePath, List1 fallbackFilePaths)\nat ShareX.HelpersLib.SettingsBase`1.Load(String filePath, String backupFolder, Boolean fallbackSupport)\nat ShareX.SettingManager.LoadApplicationConfig(Boolean fallbackSupport)\nat ShareX.SettingManager.LoadInitialSettings()\nat ShareX.Program.Run()\nat ShareX.Program.Main(String[] args)\nShareX 17.0\nLog file\nShareX-Log-2025-04.txt",
      "createdAt": "2025-04-17T06:28:44Z",
      "number": 7889,
      "labels": {
        "nodes": []
      },
      "author": {
        "login": "jossmer"
      }
    },
    {
      "title": "Some must have defaults",
      "url": "https://github.com/ShareX/ShareX/issues/7888",
      "bodyText": "ShareX can have better defaults.\nThis aligns with other programs. (sort of a convention)\nThe Paths\nPersonal Folders:\n%ApplicationData%\\ShareX\nScreenshots Folder\n%MyPictures%\\Screenshots\nFile Naming for better sorting\nCapture or Clipboard upload\n%d.%mo.%y %h.%mi.%s\nWindow Capture\n%d.%mo.%y %h.%mi.%s %pn",
      "createdAt": "2025-04-17T02:36:32Z",
      "number": 7888,
      "labels": {
        "nodes": []
      },
      "author": {
        "login": "TheByteSmith"
      }
    }
  ],
  "Unity-Technologies/UnityCsReference": [],
  "facebook/react-native": [
    {
      "title": "npm run android stuck at \"Evaluating settings...\" â€” Gradle Daemon hangs during build on first run",
      "url": "https://github.com/facebook/react-native/issues/50814",
      "bodyText": "First of all, thank you for all the amazing work you're doing on React Native.\nI ran into an issue while trying to launch the project using npm run android:\nreact-native info\ninfo Fetching system and libraries information...\nSystem:\nOS: Windows 11 10.0.22631\nCPU: (8) x64 Intel(R) Core(TM) i5-8265U CPU @ 1.60GHz\nMemory: 1001.46 MB / 7.75 GB\nBinaries:\nNode:\nversion: 20.17.0\npath: C:\\Program Files\\nodejs\\node.EXE\nYarn: Not Found\nnpm:\nversion: 10.8.2\npath: C:\\Program Files\\nodejs\\npm.CMD\nWatchman:\nversion: 20240603.014635.0\npath: C:\\Users\\USER\\AppData\\Local\\watchman-v2024.06.03.00-windows\\bin\\watchman.EXE\nSDKs:\nAndroid SDK:\nAPI Levels:\n- \"33\"\n- \"34\"\n- \"35\"\n- \"36\"\nBuild Tools:\n- 35.0.0\nSystem Images:\n- android-33 | Google Play Intel x86_64 Atom\n- android-35 | Google Play Intel x86_64 Atom\nAndroid NDK: 27.0.12077973\nWindows SDK: Not Found\nIDEs:\nAndroid Studio: AI-231.9392.1.2311.11076708\nVisual Studio: Not Found\nLanguages:\nJava:\nversion: 17.0.9\npath: /c/Program Files/Common Files/Oracle/Java/javapath/javac\nRuby: Not Found\nnpmPackages:\n\"@react-native-community/cli\":\ninstalled: 15.0.1\nwanted: 15.0.1\nreact:\ninstalled: 19.0.0\nwanted: 19.0.0\nreact-native:\ninstalled: 0.78.2\nwanted: 0.78.2\nreact-native-windows: Not Found\nnpmGlobalPackages:\n\"react-native\": Not Found\nAndroid:\nhermesEnabled: true\nnewArchEnabled: false\niOS:\nhermesEnabled: Not found\nnewArchEnabled: Not found\ninfo React Native v0.79.1 is now available (your project is running on v0.78.2).\ninfo Changelog: https://github.com/facebook/react-native/releases/tag/v0.79.1\ninfo Diff: https://react-native-community.github.io/upgrade-helper/?from=0.78.2&to=0.79.1\ninfo For more info, check out \"https://reactnative.dev/docs/upgrading?os=windows\".\n\nI've tried cleaning the build and restarting the Metro server, but the issue persists. Please let me know if there's any other information I can provide to help debug this.",
      "createdAt": "2025-04-19T04:42:39Z",
      "number": 50814,
      "labels": {
        "nodes": [
          {
            "name": "Needs: Author Feedback"
          },
          {
            "name": "Needs: Repro"
          }
        ]
      },
      "author": {
        "login": "mauseoluwasegun"
      }
    },
    {
      "title": "npm run android error",
      "url": "https://github.com/facebook/react-native/issues/50804",
      "bodyText": "Description\nnpm run android  error\nSteps to reproduce\nnpm run android\nReact Native Version\n0.79.0\nAffected Platforms\nRuntime - Android\nOutput of npx @react-native-community/cli info\nSystem:\n  OS: macOS 15.3.2\n  CPU: (8) arm64 Apple M1\n  Memory: 181.61 MB / 16.00 GB\n  Shell:\n    version: \"5.9\"\n    path: /bin/zsh\nBinaries:\n  Node:\n    version: 20.5.0\n    path: /usr/local/bin/node\n  Yarn:\n    version: 1.22.11\n    path: /usr/local/bin/yarn\n  npm:\n    version: 9.8.0\n    path: /usr/local/bin/npm\n  Watchman:\n    version: 2025.03.10.00\n    path: /opt/homebrew/bin/watchman\nManagers:\n  CocoaPods:\n    version: 1.16.2\n    path: /opt/homebrew/bin/pod\nSDKs:\n  iOS SDK:\n    Platforms:\n      - DriverKit 24.2\n      - iOS 18.2\n      - macOS 15.2\n      - tvOS 18.2\n      - visionOS 2.2\n      - watchOS 11.2\n  Android SDK:\n    API Levels:\n      - \"35\"\n    Build Tools:\n      - 35.0.0\n      - 35.0.1\n      - 36.0.0\n    System Images:\n      - android-35 | Google APIs ARM 64 v8a\n    Android NDK: Not Found\nIDEs:\n  Android Studio: 2024.3 AI-243.24978.46.2431.13208083\n  Xcode:\n    version: 16.2/16C5032a\n    path: /usr/bin/xcodebuild\nLanguages:\n  Java:\n    version: 17.0.15\n    path: /usr/bin/javac\n  Ruby:\n    version: 3.2.2\n    path: /Users/zhaoxm/.rbenv/shims/ruby\nnpmPackages:\n  \"@react-native-community/cli\": Not Found\n  react: Not Found\n  react-native: Not Found\n  react-native-macos: Not Found\nnpmGlobalPackages:\n  \"*react-native*\": Not Found\nAndroid:\n  hermesEnabled: Not found\n  newArchEnabled: Not found\niOS:\n  hermesEnabled: Not found\n  newArchEnabled: Not found\n\nStacktrace or Logs\n> Task :app:buildCMakeDebug[arm64-v8a]\nC/C++: ninja: Entering directory `/Users/zhaoxm/Documents/workspace/etrust_app/etrust_rn/android/app/.cxx/Debug/4t3t3h58/arm64-v8a'\nC/C++: /Users/zhaoxm/Library/Android/sdk/ndk/27.1.12297006/toolchains/llvm/prebuilt/darwin-x86_64/bin/clang++ --target=aarch64-none-linux-android24 --sysroot=/Users/zhaoxm/Library/Android/sdk/ndk/27.1.12297006/toolchains/llvm/prebuilt/darwin-x86_64/sysroot -Dappmodules_EXPORTS -I/Users/zhaoxm/Documents/workspace/etrust_app/etrust_rn/node_modules/react-native/ReactAndroid/cmake-utils/default-app-setup -I/Users/zhaoxm/Documents/workspace/etrust_app/etrust_rn/android/app/build/generated/autolinking/src/main/jni -I/Users/zhaoxm/Documents/workspace/etrust_app/etrust_rn/android/app/build/generated/source/codegen/jni/. -I/Users/zhaoxm/Documents/workspace/etrust_app/etrust_rn/android/app/build/generated/source/codegen/jni/react/renderer/components/AppSpec -isystem /Users/zhaoxm/.gradle/caches/8.13/transforms/72cde7dc85b5006383f56c98fcfedfa5/transformed/fbjni-0.7.0/prefab/modules/fbjni/include -isystem /Users/zhaoxm/.gradle/caches/8.13/transforms/bb95dd3f95b706eb5968c7bca5dffada/transformed/react-android-0.79.0-debug/prefab/modules/jsi/include -isystem /Users/zhaoxm/.gradle/caches/8.13/transforms/bb95dd3f95b706eb5968c7bca5dffada/transformed/react-android-0.79.0-debug/prefab/modules/reactnative/include -g -DANDROID -fdata-sections -ffunction-sections -funwind-tables -fstack-protector-strong -no-canonical-prefixes -D__BIONIC_NO_PAGE_SIZE_MACRO -D_FORTIFY_SOURCE=2 -Wformat -Werror=format-security   -fno-limit-debug-info  -fPIC -Wall -Werror -Wno-error=cpp -fexceptions -frtti -std=c++20 -DLOG_TAG=\\\"ReactNative\\\" -DFOLLY_NO_CONFIG=1 -DREACT_NATIVE_APP_CODEGEN_HEADER=\\\"AppSpec.h\\\" -DREACT_NATIVE_APP_COMPONENT_DESCRIPTORS_HEADER=\\\"react/renderer/components/AppSpec/ComponentDescriptors.h\\\" -DREACT_NATIVE_APP_COMPONENT_REGISTRATION=AppSpec_registerComponentDescriptorsFromCodegen -DREACT_NATIVE_APP_MODULE_PROVIDER=AppSpec_ModuleProvider -DFOLLY_HAVE_CLOCK_GETTIME=1 -DFOLLY_USE_LIBCPP=1 -DFOLLY_CFG_NO_COROUTINES=1 -DFOLLY_MOBILE=1 -DFOLLY_HAVE_RECVMMSG=1 -DFOLLY_HAVE_PTHREAD=1 -DFOLLY_HAVE_XSI_STRERROR_R=1 -MD -MT CMakeFiles/appmodules.dir/OnLoad.cpp.o -MF CMakeFiles/appmodules.dir/OnLoad.cpp.o.d -o CMakeFiles/appmodules.dir/OnLoad.cpp.o -c /Users/zhaoxm/Documents/workspace/etrust_app/etrust_rn/node_modules/react-native/ReactAndroid/cmake-utils/default-app-setup/OnLoad.cpp\nC/C++: In file included from /Users/zhaoxm/Documents/workspace/etrust_app/etrust_rn/node_modules/react-native/ReactAndroid/cmake-utils/default-app-setup/OnLoad.cpp:38:\nC/C++: /Users/zhaoxm/Documents/workspace/etrust_app/etrust_rn/android/app/build/generated/source/codegen/jni/./AppSpec.h:22:18: error: redefinition of 'NativeAccessibilityInfoSpecJSI'\nC/C++:    22 | class JSI_EXPORT NativeAccessibilityInfoSpecJSI : public JavaTurboModule {\nC/C++:       |                  ^\nC/C++: /Users/zhaoxm/.gradle/caches/8.13/transforms/bb95dd3f95b706eb5968c7bca5dffada/transformed/react-android-0.79.0-debug/prefab/modules/reactnative/include/rncore.h:22:18: note: previous definition is here\nC/C++:    22 | class JSI_EXPORT NativeAccessibilityInfoSpecJSI : public JavaTurboModule {\nC/C++:       |                  ^\nC/C++: In file included from /Users/zhaoxm/Documents/workspace/etrust_app/etrust_rn/node_modules/react-native/ReactAndroid/cmake-utils/default-app-setup/OnLoad.cpp:38:\nC/C++: /Users/zhaoxm/Documents/workspace/etrust_app/etrust_rn/android/app/build/generated/source/codegen/jni/./AppSpec.h:30:18: error: redefinition of 'NativeAccessibilityManagerSpecJSI'\nC/C++:    30 | class JSI_EXPORT NativeAccessibilityManagerSpecJSI : public JavaTurboModule {\nC/C++:       |                  ^\nC/C++: /Users/zhaoxm/.gradle/caches/8.13/transforms/bb95dd3f95b706eb5968c7bca5dffada/transformed/react-android-0.79.0-debug/prefab/modules/reactnative/include/rncore.h:30:18: note: previous definition is here\nC/C++:    30 | class JSI_EXPORT NativeAccessibilityManagerSpecJSI : public JavaTurboModule {\nC/C++:       |                  ^\nC/C++: In file included from /Users/zhaoxm/Documents/workspace/etrust_app/etrust_rn/node_modules/react-native/ReactAndroid/cmake-utils/default-app-setup/OnLoad.cpp:38:\nC/C++: /Users/zhaoxm/Documents/workspace/etrust_app/etrust_rn/android/app/build/generated/source/codegen/jni/./AppSpec.h:38:18: error: redefinition of 'NativeActionSheetManagerSpecJSI'\nC/C++:    38 | class JSI_EXPORT NativeActionSheetManagerSpecJSI : public JavaTurboModule {\nC/C++:       |                  ^\nC/C++: /Users/zhaoxm/.gradle/caches/8.13/transforms/bb95dd3f95b706eb5968c7bca5dffada/transformed/react-android-0.79.0-debug/prefab/modules/reactnative/include/rncore.h:38:18: note: previous definition is here\nC/C++:    38 | class JSI_EXPORT NativeActionSheetManagerSpecJSI : public JavaTurboModule {\nC/C++:       |                  ^\nC/C++: In file included from /Users/zhaoxm/Documents/workspace/etrust_app/etrust_rn/node_modules/react-native/ReactAndroid/cmake-utils/default-app-setup/OnLoad.cpp:38:\nC/C++: /Users/zhaoxm/Documents/workspace/etrust_app/etrust_rn/android/app/build/generated/source/codegen/jni/./AppSpec.h:46:18: error: redefinition of 'NativeAlertManagerSpecJSI'\nC/C++:    46 | class JSI_EXPORT NativeAlertManagerSpecJSI : public JavaTurboModule {\nC/C++:       |                  ^\nC/C++: /Users/zhaoxm/.gradle/caches/8.13/transforms/bb95dd3f95b706eb5968c7bca5dffada/transformed/react-android-0.79.0-debug/prefab/modules/reactnative/include/rncore.h:46:18: note: previous definition is here\nC/C++:    46 | class JSI_EXPORT NativeAlertManagerSpecJSI : public JavaTurboModule {\nC/C++:       |                  ^\nC/C++: In file included from /Users/zhaoxm/Documents/workspace/etrust_app/etrust_rn/node_modules/react-native/ReactAndroid/cmake-utils/default-app-setup/OnLoad.cpp:38:\nC/C++: /Users/zhaoxm/Documents/workspace/etrust_app/etrust_rn/android/app/build/generated/source/codegen/jni/./AppSpec.h:54:18: error: redefinition of 'NativeAnimatedModuleSpecJSI'\nC/C++:    54 | class JSI_EXPORT NativeAnimatedModuleSpecJSI : public JavaTurboModule {\nC/C++:       |                  ^\nC/C++: /Users/zhaoxm/.gradle/caches/8.13/transforms/bb95dd3f95b706eb5968c7bca5dffada/transformed/react-android-0.79.0-debug/prefab/modules/reactnative/include/rncore.h:54:18: note: previous definition is here\nC/C++:    54 | class JSI_EXPORT NativeAnimatedModuleSpecJSI : public JavaTurboModule {\nC/C++:       |                  ^\nC/C++: In file included from /Users/zhaoxm/Documents/workspace/etrust_app/etrust_rn/node_modules/react-native/ReactAndroid/cmake-utils/default-app-setup/OnLoad.cpp:38:\nC/C++: /Users/zhaoxm/Documents/workspace/etrust_app/etrust_rn/android/app/build/generated/source/codegen/jni/./AppSpec.h:62:18: error: redefinition of 'NativeAnimatedTurboModuleSpecJSI'\nC/C++:    62 | class JSI_EXPORT NativeAnimatedTurboModuleSpecJSI : public JavaTurboModule {\nC/C++:       |                  ^\nC/C++: /Users/zhaoxm/.gradle/caches/8.13/transforms/bb95dd3f95b706eb5968c7bca5dffada/transformed/react-android-0.79.0-debug/prefab/modules/reactnative/include/rncore.h:62:18: note: previous definition is here\nC/C++:    62 | class JSI_EXPORT NativeAnimatedTurboModuleSpecJSI : public JavaTurboModule {\nC/C++:       |                  ^\nC/C++: In file included from /Users/zhaoxm/Documents/workspace/etrust_app/etrust_rn/node_modules/react-native/ReactAndroid/cmake-utils/default-app-setup/OnLoad.cpp:38:\nC/C++: /Users/zhaoxm/Documents/workspace/etrust_app/etrust_rn/android/app/build/generated/source/codegen/jni/./AppSpec.h:70:18: error: redefinition of 'NativeAppStateSpecJSI'\nC/C++:    70 | class JSI_EXPORT NativeAppStateSpecJSI : public JavaTurboModule {\nC/C++:       |                  ^\nC/C++: /Users/zhaoxm/.gradle/caches/8.13/transforms/bb95dd3f95b706eb5968c7bca5dffada/transformed/react-android-0.79.0-debug/prefab/modules/reactnative/include/rncore.h:70:18: note: previous definition is here\nC/C++:    70 | class JSI_EXPORT NativeAppStateSpecJSI : public JavaTurboModule {\nC/C++:       |                  ^\nC/C++: In file included from /Users/zhaoxm/Documents/workspace/etrust_app/etrust_rn/node_modules/react-native/ReactAndroid/cmake-utils/default-app-setup/OnLoad.cpp:38:\nC/C++: /Users/zhaoxm/Documents/workspace/etrust_app/etrust_rn/android/app/build/generated/source/codegen/jni/./AppSpec.h:78:18: error: redefinition of 'NativeAppearanceSpecJSI'\nC/C++:    78 | class JSI_EXPORT NativeAppearanceSpecJSI : public JavaTurboModule {\nC/C++:       |                  ^\nC/C++: /Users/zhaoxm/.gradle/caches/8.13/transforms/bb95dd3f95b706eb5968c7bca5dffada/transformed/react-android-0.79.0-debug/prefab/modules/reactnative/include/rncore.h:78:18: note: previous definition is here\nC/C++:    78 | class JSI_EXPORT NativeAppearanceSpecJSI : public JavaTurboModule {\nC/C++:       |                  ^\nC/C++: In file included from /Users/zhaoxm/Documents/workspace/etrust_app/etrust_rn/node_modules/react-native/ReactAndroid/cmake-utils/default-app-setup/OnLoad.cpp:38:\nC/C++: /Users/zhaoxm/Documents/workspace/etrust_app/etrust_rn/android/app/build/generated/source/codegen/jni/./AppSpec.h:94:18: error: redefinition of 'NativeBlobModuleSpecJSI'\nC/C++:    94 | class JSI_EXPORT NativeBlobModuleSpecJSI : public JavaTurboModule {\nC/C++:       |                  ^\nC/C++: /Users/zhaoxm/.gradle/caches/8.13/transforms/bb95dd3f95b706eb5968c7bca5dffada/transformed/react-android-0.79.0-debug/prefab/modules/reactnative/include/rncore.h:86:18: note: previous definition is here\nC/C++:    86 | class JSI_EXPORT NativeBlobModuleSpecJSI : public JavaTurboModule {\nC/C++:       |                  ^\nC/C++: In file included from /Users/zhaoxm/Documents/workspace/etrust_app/etrust_rn/node_modules/react-native/ReactAndroid/cmake-utils/default-app-setup/OnLoad.cpp:38:\nC/C++: /Users/zhaoxm/Documents/workspace/etrust_app/etrust_rn/android/app/build/generated/source/codegen/jni/./AppSpec.h:102:18: error: redefinition of 'NativeBugReportingSpecJSI'\nC/C++:   102 | class JSI_EXPORT NativeBugReportingSpecJSI : public JavaTurboModule {\nC/C++:       |                  ^\nC/C++: /Users/zhaoxm/.gradle/caches/8.13/transforms/bb95dd3f95b706eb5968c7bca5dffada/transformed/react-android-0.79.0-debug/prefab/modules/reactnative/include/rncore.h:94:18: note: previous definition is here\nC/C++:    94 | class JSI_EXPORT NativeBugReportingSpecJSI : public JavaTurboModule {\nC/C++:       |                  ^\nC/C++: In file included from /Users/zhaoxm/Documents/workspace/etrust_app/etrust_rn/node_modules/react-native/ReactAndroid/cmake-utils/default-app-setup/OnLoad.cpp:38:\nC/C++: /Users/zhaoxm/Documents/workspace/etrust_app/etrust_rn/android/app/build/generated/source/codegen/jni/./AppSpec.h:110:18: error: redefinition of 'NativeClipboardSpecJSI'\nC/C++:   110 | class JSI_EXPORT NativeClipboardSpecJSI : public JavaTurboModule {\nC/C++:       |                  ^\nC/C++: /Users/zhaoxm/.gradle/caches/8.13/transforms/bb95dd3f95b706eb5968c7bca5dffada/transformed/react-android-0.79.0-debug/prefab/modules/reactnative/include/rncore.h:102:18: note: previous definition is here\nC/C++:   102 | class JSI_EXPORT NativeClipboardSpecJSI : public JavaTurboModule {\nC/C++:       |                  ^\nC/C++: In file included from /Users/zhaoxm/Documents/workspace/etrust_app/etrust_rn/node_modules/react-native/ReactAndroid/cmake-utils/default-app-setup/OnLoad.cpp:38:\nC/C++: /Users/zhaoxm/Documents/workspace/etrust_app/etrust_rn/android/app/build/generated/source/codegen/jni/./AppSpec.h:118:18: error: redefinition of 'NativeDevLoadingViewSpecJSI'\nC/C++:   118 | class JSI_EXPORT NativeDevLoadingViewSpecJSI : public JavaTurboModule {\nC/C++:       |                  ^\nC/C++: /Users/zhaoxm/.gradle/caches/8.13/transforms/bb95dd3f95b706eb5968c7bca5dffada/transformed/react-android-0.79.0-debug/prefab/modules/reactnative/include/rncore.h:110:18: note: previous definition is here\nC/C++:   110 | class JSI_EXPORT NativeDevLoadingViewSpecJSI : public JavaTurboModule {\nC/C++:       |                  ^\nC/C++: In file included from /Users/zhaoxm/Documents/workspace/etrust_app/etrust_rn/node_modules/react-native/ReactAndroid/cmake-utils/default-app-setup/OnLoad.cpp:38:\nC/C++: /Users/zhaoxm/Documents/workspace/etrust_app/etrust_rn/android/app/build/generated/source/codegen/jni/./AppSpec.h:126:18: error: redefinition of 'NativeDevMenuSpecJSI'\nC/C++:   126 | class JSI_EXPORT NativeDevMenuSpecJSI : public JavaTurboModule {\nC/C++:       |                  ^\nC/C++: /Users/zhaoxm/.gradle/caches/8.13/transforms/bb95dd3f95b706eb5968c7bca5dffada/transformed/react-android-0.79.0-debug/prefab/modules/reactnative/include/rncore.h:118:18: note: previous definition is here\nC/C++:   118 | class JSI_EXPORT NativeDevMenuSpecJSI : public JavaTurboModule {\nC/C++:       |                  ^\nC/C++: In file included from /Users/zhaoxm/Documents/workspace/etrust_app/etrust_rn/node_modules/react-native/ReactAndroid/cmake-utils/default-app-setup/OnLoad.cpp:38:\nC/C++: /Users/zhaoxm/Documents/workspace/etrust_app/etrust_rn/android/app/build/generated/source/codegen/jni/./AppSpec.h:134:18: error: redefinition of 'NativeDevSettingsSpecJSI'\nC/C++:   134 | class JSI_EXPORT NativeDevSettingsSpecJSI : public JavaTurboModule {\nC/C++:       |                  ^\nC/C++: /Users/zhaoxm/.gradle/caches/8.13/transforms/bb95dd3f95b706eb5968c7bca5dffada/transformed/react-android-0.79.0-debug/prefab/modules/reactnative/include/rncore.h:126:18: note: previous definition is here\nC/C++:   126 | class JSI_EXPORT NativeDevSettingsSpecJSI : public JavaTurboModule {\nC/C++:       |                  ^\nC/C++: In file included from /Users/zhaoxm/Documents/workspace/etrust_app/etrust_rn/node_modules/react-native/ReactAndroid/cmake-utils/default-app-setup/OnLoad.cpp:38:\nC/C++: /Users/zhaoxm/Documents/workspace/etrust_app/etrust_rn/android/app/build/generated/source/codegen/jni/./AppSpec.h:142:18: error: redefinition of 'NativeDeviceEventManagerSpecJSI'\nC/C++:   142 | class JSI_EXPORT NativeDeviceEventManagerSpecJSI : public JavaTurboModule {\nC/C++:       |                  ^\nC/C++: /Users/zhaoxm/.gradle/caches/8.13/transforms/bb95dd3f95b706eb5968c7bca5dffada/transformed/react-android-0.79.0-debug/prefab/modules/reactnative/include/rncore.h:134:18: note: previous definition is here\nC/C++:   134 | class JSI_EXPORT NativeDeviceEventManagerSpecJSI : public JavaTurboModule {\nC/C++:       |                  ^\nC/C++: In file included from /Users/zhaoxm/Documents/workspace/etrust_app/etrust_rn/node_modules/react-native/ReactAndroid/cmake-utils/default-app-setup/OnLoad.cpp:38:\nC/C++: /Users/zhaoxm/Documents/workspace/etrust_app/etrust_rn/android/app/build/generated/source/codegen/jni/./AppSpec.h:150:18: error: redefinition of 'NativeDeviceInfoSpecJSI'\nC/C++:   150 | class JSI_EXPORT NativeDeviceInfoSpecJSI : public JavaTurboModule {\nC/C++:       |                  ^\nC/C++: /Users/zhaoxm/.gradle/caches/8.13/transforms/bb95dd3f95b706eb5968c7bca5dffada/transformed/react-android-0.79.0-debug/prefab/modules/reactnative/include/rncore.h:142:18: note: previous definition is here\nC/C++:   142 | class JSI_EXPORT NativeDeviceInfoSpecJSI : public JavaTurboModule {\nC/C++:       |                  ^\nC/C++: In file included from /Users/zhaoxm/Documents/workspace/etrust_app/etrust_rn/node_modules/react-native/ReactAndroid/cmake-utils/default-app-setup/OnLoad.cpp:38:\nC/C++: /Users/zhaoxm/Documents/workspace/etrust_app/etrust_rn/android/app/build/generated/source/codegen/jni/./AppSpec.h:158:18: error: redefinition of 'NativeDialogManagerAndroidSpecJSI'\nC/C++:   158 | class JSI_EXPORT NativeDialogManagerAndroidSpecJSI : public JavaTurboModule {\nC/C++:       |                  ^\nC/C++: /Users/zhaoxm/.gradle/caches/8.13/transforms/bb95dd3f95b706eb5968c7bca5dffada/transformed/react-android-0.79.0-debug/prefab/modules/reactnative/include/rncore.h:150:18: note: previous definition is here\nC/C++:   150 | class JSI_EXPORT NativeDialogManagerAndroidSpecJSI : public JavaTurboModule {\nC/C++:       |                  ^\nC/C++: In file included from /Users/zhaoxm/Documents/workspace/etrust_app/etrust_rn/node_modules/react-native/ReactAndroid/cmake-utils/default-app-setup/OnLoad.cpp:38:\nC/C++: /Users/zhaoxm/Documents/workspace/etrust_app/etrust_rn/android/app/build/generated/source/codegen/jni/./AppSpec.h:166:18: error: redefinition of 'NativeExceptionsManagerSpecJSI'\nC/C++:   166 | class JSI_EXPORT NativeExceptionsManagerSpecJSI : public JavaTurboModule {\nC/C++:       |                  ^\nC/C++: /Users/zhaoxm/.gradle/caches/8.13/transforms/bb95dd3f95b706eb5968c7bca5dffada/transformed/react-android-0.79.0-debug/prefab/modules/reactnative/include/rncore.h:158:18: note: previous definition is here\nC/C++:   158 | class JSI_EXPORT NativeExceptionsManagerSpecJSI : public JavaTurboModule {\nC/C++:       |                  ^\nC/C++: In file included from /Users/zhaoxm/Documents/workspace/etrust_app/etrust_rn/node_modules/react-native/ReactAndroid/cmake-utils/default-app-setup/OnLoad.cpp:38:\nC/C++: /Users/zhaoxm/Documents/workspace/etrust_app/etrust_rn/android/app/build/generated/source/codegen/jni/./AppSpec.h:174:18: error: redefinition of 'NativeFileReaderModuleSpecJSI'\nC/C++:   174 | class JSI_EXPORT NativeFileReaderModuleSpecJSI : public JavaTurboModule {\nC/C++:       |                  ^\nC/C++: /Users/zhaoxm/.gradle/caches/8.13/transforms/bb95dd3f95b706eb5968c7bca5dffada/transformed/react-android-0.79.0-debug/prefab/modules/reactnative/include/rncore.h:166:18: note: previous definition is here\nC/C++:   166 | class JSI_EXPORT NativeFileReaderModuleSpecJSI : public JavaTurboModule {\nC/C++:       |                  ^\nC/C++: fatal error: too many errors emitted, stopping now [-ferror-limit=]\nC/C++: 20 errors generated.\n\n> Task :app:buildCMakeDebug[arm64-v8a] FAILED\n\n[Incubating] Problems report is available at: file:///Users/zhaoxm/Documents/workspace/etrust_app/etrust_rn/android/build/reports/problems/problems-report.html\n\nDeprecated Gradle features were used in this build, making it incompatible with Gradle 9.0.\n\nYou can use '--warning-mode all' to show the individual deprecation warnings and determine if they come from your own scripts or plugins.\n\nFor more on this, please refer to https://docs.gradle.org/8.13/userguide/command_line_interface.html#sec:command_line_warnings in the Gradle documentation.\n39 actionable tasks: 5 executed, 34 up-to-date\n\ninfo ðŸ’¡ Tip: Make sure that you have set up your development environment correctly, by running npx react-native doctor. To read more about doctor command visit: https://github.com/react-native-community/cli/blob/main/packages/cli-doctor/README.md#doctor \n\n\nFAILURE: Build failed with an exception.\n\n* What went wrong:\nExecution failed for task ':app:buildCMakeDebug[arm64-v8a]'.\n> com.android.ide.common.process.ProcessException: ninja: Entering directory `/Users/zhaoxm/Documents/workspace/etrust_app/etrust_rn/android/app/.cxx/Debug/4t3t3h58/arm64-v8a'\n  [0/2] Re-checking globbed directories...\n  [1/9] Building CXX object codegen_app_build/CMakeFiles/react_codegen_AppSpec.dir/react/renderer/components/AppSpec/States.cpp.o\n  [2/9] Building CXX object CMakeFiles/appmodules.dir/OnLoad.cpp.o\n  FAILED: CMakeFiles/appmodules.dir/OnLoad.cpp.o \n  /Users/zhaoxm/Library/Android/sdk/ndk/27.1.12297006/toolchains/llvm/prebuilt/darwin-x86_64/bin/clang++ --target=aarch64-none-linux-android24 --sysroot=/Users/zhaoxm/Library/Android/sdk/ndk/27.1.12297006/toolchains/llvm/prebuilt/darwin-x86_64/sysroot -Dappmodules_EXPORTS -I/Users/zhaoxm/Documents/workspace/etrust_app/etrust_rn/node_modules/react-native/ReactAndroid/cmake-utils/default-app-setup -I/Users/zhaoxm/Documents/workspace/etrust_app/etrust_rn/android/app/build/generated/autolinking/src/main/jni -I/Users/zhaoxm/Documents/workspace/etrust_app/etrust_rn/android/app/build/generated/source/codegen/jni/. -I/Users/zhaoxm/Documents/workspace/etrust_app/etrust_rn/android/app/build/generated/source/codegen/jni/react/renderer/components/AppSpec -isystem /Users/zhaoxm/.gradle/caches/8.13/transforms/72cde7dc85b5006383f56c98fcfedfa5/transformed/fbjni-0.7.0/prefab/modules/fbjni/include -isystem /Users/zhaoxm/.gradle/caches/8.13/transforms/bb95dd3f95b706eb5968c7bca5dffada/transformed/react-android-0.79.0-debug/prefab/modules/jsi/include -isystem /Users/zhaoxm/.gradle/caches/8.13/transforms/bb95dd3f95b706eb5968c7bca5dffada/transformed/react-android-0.79.0-debug/prefab/modules/reactnative/include -g -DANDROID -fdata-sections -ffunction-sections -funwind-tables -fstack-protector-strong -no-canonical-prefixes -D__BIONIC_NO_PAGE_SIZE_MACRO -D_FORTIFY_SOURCE=2 -Wformat -Werror=format-security   -fno-limit-debug-info  -fPIC -Wall -Werror -Wno-error=cpp -fexceptions -frtti -std=c++20 -DLOG_TAG=\\\"ReactNative\\\" -DFOLLY_NO_CONFIG=1 -DREACT_NATIVE_APP_CODEGEN_HEADER=\\\"AppSpec.h\\\" -DREACT_NATIVE_APP_COMPONENT_DESCRIPTORS_HEADER=\\\"react/renderer/components/AppSpec/ComponentDescriptors.h\\\" -DREACT_NATIVE_APP_COMPONENT_REGISTRATION=AppSpec_registerComponentDescriptorsFromCodegen -DREACT_NATIVE_APP_MODULE_PROVIDER=AppSpec_ModuleProvider -DFOLLY_HAVE_CLOCK_GETTIME=1 -DFOLLY_USE_LIBCPP=1 -DFOLLY_CFG_NO_COROUTINES=1 -DFOLLY_MOBILE=1 -DFOLLY_HAVE_RECVMMSG=1 -DFOLLY_HAVE_PTHREAD=1 -DFOLLY_HAVE_XSI_STRERROR_R=1 -MD -MT CMakeFiles/appmodules.dir/OnLoad.cpp.o -MF CMakeFiles/appmodules.dir/OnLoad.cpp.o.d -o CMakeFiles/appmodules.dir/OnLoad.cpp.o -c /Users/zhaoxm/Documents/workspace/etrust_app/etrust_rn/node_modules/react-native/ReactAndroid/cmake-utils/default-app-setup/OnLoad.cpp\n  In file included from /Users/zhaoxm/Documents/workspace/etrust_app/etrust_rn/node_modules/react-native/ReactAndroid/cmake-utils/default-app-setup/OnLoad.cpp:38:\n  /Users/zhaoxm/Documents/workspace/etrust_app/etrust_rn/android/app/build/generated/source/codegen/jni/./AppSpec.h:22:18: error: redefinition of 'NativeAccessibilityInfoSpecJSI'\n     22 | class JSI_EXPORT NativeAccessibilityInfoSpecJSI : public JavaTurboModule {\n        |                  ^\n  /Users/zhaoxm/.gradle/caches/8.13/transforms/bb95dd3f95b706eb5968c7bca5dffada/transformed/react-android-0.79.0-debug/prefab/modules/reactnative/include/rncore.h:22:18: note: previous definition is here\n     22 | class JSI_EXPORT NativeAccessibilityInfoSpecJSI : public JavaTurboModule {\n        |                  ^\n  In file included from /Users/zhaoxm/Documents/workspace/etrust_app/etrust_rn/node_modules/react-native/ReactAndroid/cmake-utils/default-app-setup/OnLoad.cpp:38:\n  /Users/zhaoxm/Documents/workspace/etrust_app/etrust_rn/android/app/build/generated/source/codegen/jni/./AppSpec.h:30:18: error: redefinition of 'NativeAccessibilityManagerSpecJSI'\n     30 | class JSI_EXPORT NativeAccessibilityManagerSpecJSI : public JavaTurboModule {\n        |                  ^\n  /Users/zhaoxm/.gradle/caches/8.13/transforms/bb95dd3f95b706eb5968c7bca5dffada/transformed/react-android-0.79.0-debug/prefab/modules/reactnative/include/rncore.h:30:18: note: previous definition is here\n     30 | class JSI_EXPORT NativeAccessibilityManagerSpecJSI : public JavaTurboModule {\n        |                  ^\n  In file included from /Users/zhaoxm/Documents/workspace/etrust_app/etrust_rn/node_modules/react-native/ReactAndroid/cmake-utils/default-app-setup/OnLoad.cpp:38:\n  /Users/zhaoxm/Documents/workspace/etrust_app/etrust_rn/android/app/build/generated/source/codegen/jni/./AppSpec.h:38:18: error: redefinition of 'NativeActionSheetManagerSpecJSI'\n     38 | class JSI_EXPORT NativeActionSheetManagerSpecJSI : public JavaTurboModule {\n        |                  ^\n  /Users/zhaoxm/.gradle/caches/8.13/transforms/bb95dd3f95b706eb5968c7bca5dffada/transformed/react-android-0.79.0-debug/prefab/modules/reactnative/include/rncore.h:38:18: note: previous definition is here\n     38 | class JSI_EXPORT NativeActionSheetManagerSpecJSI : public JavaTurboModule {\n        |                  ^\n  In file included from /Users/zhaoxm/Documents/workspace/etrust_app/etrust_rn/node_modules/react-native/ReactAndroid/cmake-utils/default-app-setup/OnLoad.cpp:38:\n  /Users/zhaoxm/Documents/workspace/etrust_app/etrust_rn/android/app/build/generated/source/codegen/jni/./AppSpec.h:46:18: error: redefinition of 'NativeAlertManagerSpecJSI'\n     46 | class JSI_EXPORT NativeAlertManagerSpecJSI : public JavaTurboModule {\n        |                  ^\n  /Users/zhaoxm/.gradle/caches/8.13/transforms/bb95dd3f95b706eb5968c7bca5dffada/transformed/react-android-0.79.0-debug/prefab/modules/reactnative/include/rncore.h:46:18: note: previous definition is here\n     46 | class JSI_EXPORT NativeAlertManagerSpecJSI : public JavaTurboModule {\n        |                  ^\n  In file included from /Users/zhaoxm/Documents/workspace/etrust_app/etrust_rn/node_modules/react-native/ReactAndroid/cmake-utils/default-app-setup/OnLoad.cpp:38:\n  /Users/zhaoxm/Documents/workspace/etrust_app/etrust_rn/android/app/build/generated/source/codegen/jni/./AppSpec.h:54:18: error: redefinition of 'NativeAnimatedModuleSpecJSI'\n     54 | class JSI_EXPORT NativeAnimatedModuleSpecJSI : public JavaTurboModule {\n        |                  ^\n  /Users/zhaoxm/.gradle/caches/8.13/transforms/bb95dd3f95b706eb5968c7bca5dffada/transformed/react-android-0.79.0-debug/prefab/modules/reactnative/include/rncore.h:54:18: note: previous definition is here\n     54 | class JSI_EXPORT NativeAnimatedModuleSpecJSI : public JavaTurboModule {\n        |                  ^\n  In file included from /Users/zhaoxm/Documents/workspace/etrust_app/etrust_rn/node_modules/react-native/ReactAndroid/cmake-utils/default-app-setup/OnLoad.cpp:38:\n  /Users/zhaoxm/Documents/workspace/etrust_app/etrust_rn/android/app/build/generated/source/codegen/jni/./AppSpec.h:62:18: error: redefinition of 'NativeAnimatedTurboModuleSpecJSI'\n     62 | class JSI_EXPORT NativeAnimatedTurboModuleSpecJSI : public JavaTurboModule {\n        |                  ^\n  /Users/zhaoxm/.gradle/caches/8.13/transforms/bb95dd3f95b706eb5968c7bca5dffada/transformed/react-android-0.79.0-debug/prefab/modules/reactnative/include/rncore.h:62:18: note: previous definition is here\n     62 | class JSI_EXPORT NativeAnimatedTurboModuleSpecJSI : public JavaTurboModule {\n        |                  ^\n  In file included from /Users/zhaoxm/Documents/workspace/etrust_app/etrust_rn/node_modules/react-native/ReactAndroid/cmake-utils/default-app-setup/OnLoad.cpp:38:\n  /Users/zhaoxm/Documents/workspace/etrust_app/etrust_rn/android/app/build/generated/source/codegen/jni/./AppSpec.h:70:18: error: redefinition of 'NativeAppStateSpecJSI'\n     70 | class JSI_EXPORT NativeAppStateSpecJSI : public JavaTurboModule {\n        |                  ^\n  /Users/zhaoxm/.gradle/caches/8.13/transforms/bb95dd3f95b706eb5968c7bca5dffada/transformed/react-android-0.79.0-debug/prefab/modules/reactnative/include/rncore.h:70:18: note: previous definition is here\n     70 | class JSI_EXPORT NativeAppStateSpecJSI : public JavaTurboModule {\n        |                  ^\n  In file included from /Users/zhaoxm/Documents/workspace/etrust_app/etrust_rn/node_modules/react-native/ReactAndroid/cmake-utils/default-app-setup/OnLoad.cpp:38:\n  /Users/zhaoxm/Documents/workspace/etrust_app/etrust_rn/android/app/build/generated/source/codegen/jni/./AppSpec.h:78:18: error: redefinition of 'NativeAppearanceSpecJSI'\n     78 | class JSI_EXPORT NativeAppearanceSpecJSI : public JavaTurboModule {\n        |                  ^\n  /Users/zhaoxm/.gradle/caches/8.13/transforms/bb95dd3f95b706eb5968c7bca5dffada/transformed/react-android-0.79.0-debug/prefab/modules/reactnative/include/rncore.h:78:18: note: previous definition is here\n     78 | class JSI_EXPORT NativeAppearanceSpecJSI : public JavaTurboModule {\n        |                  ^\n  In file included from /Users/zhaoxm/Documents/workspace/etrust_app/etrust_rn/node_modules/react-native/ReactAndroid/cmake-utils/default-app-setup/OnLoad.cpp:38:\n  /Users/zhaoxm/Documents/workspace/etrust_app/etrust_rn/android/app/build/generated/source/codegen/jni/./AppSpec.h:94:18: error: redefinition of 'NativeBlobModuleSpecJSI'\n     94 | class JSI_EXPORT NativeBlobModuleSpecJSI : public JavaTurboModule {\n        |                  ^\n  /Users/zhaoxm/.gradle/caches/8.13/transforms/bb95dd3f95b706eb5968c7bca5dffada/transformed/react-android-0.79.0-debug/prefab/modules/reactnative/include/rncore.h:86:18: note: previous definition is here\n     86 | class JSI_EXPORT NativeBlobModuleSpecJSI : public JavaTurboModule {\n        |                  ^\n  In file included from /Users/zhaoxm/Documents/workspace/etrust_app/etrust_rn/node_modules/react-native/ReactAndroid/cmake-utils/default-app-setup/OnLoad.cpp:38:\n  /Users/zhaoxm/Documents/workspace/etrust_app/etrust_rn/android/app/build/generated/source/codegen/jni/./AppSpec.h:102:18: error: redefinition of 'NativeBugReportingSpecJSI'\n    102 | class JSI_EXPORT NativeBugReportingSpecJSI : public JavaTurboModule {\n        |                  ^\n  /Users/zhaoxm/.gradle/caches/8.13/transforms/bb95dd3f95b706eb5968c7bca5dffada/transformed/react-android-0.79.0-debug/prefab/modules/reactnative/include/rncore.h:94:18: note: previous definition is here\n     94 | class JSI_EXPORT NativeBugReportingSpecJSI : public JavaTurboModule {\n        |                  ^\n  In file included from /Users/zhaoxm/Documents/workspace/etrust_app/etrust_rn/node_modules/react-native/ReactAndroid/cmake-utils/default-app-setup/OnLoad.cpp:38:\n  /Users/zhaoxm/Documents/workspace/etrust_app/etrust_rn/android/app/build/generated/source/codegen/jni/./AppSpec.h:110:18: error: redefinition of 'NativeClipboardSpecJSI'\n    110 | class JSI_EXPORT NativeClipboardSpecJSI : public JavaTurboModule {\n        |                  ^\n  /Users/zhaoxm/.gradle/caches/8.13/transforms/bb95dd3f95b706eb5968c7bca5dffada/transformed/react-android-0.79.0-debug/prefab/modules/reactnative/include/rncore.h:102:18: note: previous definition is here\n    102 | class JSI_EXPORT NativeClipboardSpecJSI : public JavaTurboModule {\n        |                  ^\n  In file included from /Users/zhaoxm/Documents/workspace/etrust_app/etrust_rn/node_modules/react-native/ReactAndroid/cmake-utils/default-app-setup/OnLoad.cpp:38:\n  /Users/zhaoxm/Documents/workspace/etrust_app/etrust_rn/android/app/build/generated/source/codegen/jni/./AppSpec.h:118:18: error: redefinition of 'NativeDevLoadingViewSpecJSI'\n    118 | class JSI_EXPORT NativeDevLoadingViewSpecJSI : public JavaTurboModule {\n        |                  ^\n  /Users/zhaoxm/.gradle/caches/8.13/transforms/bb95dd3f95b706eb5968c7bca5dffada/transformed/react-android-0.79.0-debug/prefab/modules/reactnative/include/rncore.h:110:18: note: previous definition is here\n    110 | class JSI_EXPORT NativeDevLoadingViewSpecJSI : public JavaTurboModule {\n        |                  ^\n  In file included from /Users/zhaoxm/Documents/workspace/etrust_app/etrust_rn/node_modules/react-native/ReactAndroid/cmake-utils/default-app-setup/OnLoad.cpp:38:\n  /Users/zhaoxm/Documents/workspace/etrust_app/etrust_rn/android/app/build/generated/source/codegen/jni/./AppSpec.h:126:18: error: redefinition of 'NativeDevMenuSpecJSI'\n    126 | class JSI_EXPORT NativeDevMenuSpecJSI : public JavaTurboModule {\n        |                  ^\n  /Users/zhaoxm/.gradle/caches/8.13/transforms/bb95dd3f95b706eb5968c7bca5dffada/transformed/react-android-0.79.0-debug/prefab/modules/reactnative/include/rncore.h:118:18: note: previous definition is here\n    118 | class JSI_EXPORT NativeDevMenuSpecJSI : public JavaTurboModule {\n        |                  ^\n  In file included from /Users/zhaoxm/Documents/workspace/etrust_app/etrust_rn/node_modules/react-native/ReactAndroid/cmake-utils/default-app-setup/OnLoad.cpp:38:\n  /Users/zhaoxm/Documents/workspace/etrust_app/etrust_rn/android/app/build/generated/source/codegen/jni/./AppSpec.h:134:18: error: redefinition of 'NativeDevSettingsSpecJSI'\n    134 | class JSI_EXPORT NativeDevSettingsSpecJSI : public JavaTurboModule {\n        |                  ^\n  /Users/zhaoxm/.gradle/caches/8.13/transforms/bb95dd3f95b706eb5968c7bca5dffada/transformed/react-android-0.79.0-debug/prefab/modules/reactnative/include/rncore.h:126:18: note: previous definition is here\n    126 | class JSI_EXPORT NativeDevSettingsSpecJSI : public JavaTurboModule {\n        |                  ^\n  In file included from /Users/zhaoxm/Documents/workspace/etrust_app/etrust_rn/node_modules/react-native/ReactAndroid/cmake-utils/default-app-setup/OnLoad.cpp:38:\n  /Users/zhaoxm/Documents/workspace/etrust_app/etrust_rn/android/app/build/generated/source/codegen/jni/./AppSpec.h:142:18: error: redefinition of 'NativeDeviceEventManagerSpecJSI'\n    142 | class JSI_EXPORT NativeDeviceEventManagerSpecJSI : public JavaTurboModule {\n        |                  ^\n  /Users/zhaoxm/.gradle/caches/8.13/transforms/bb95dd3f95b706eb5968c7bca5dffada/transformed/react-android-0.79.0-debug/prefab/modules/reactnative/include/rncore.h:134:18: note: previous definition is here\n    134 | class JSI_EXPORT NativeDeviceEventManagerSpecJSI : public JavaTurboModule {\n        |                  ^\n  In file included from /Users/zhaoxm/Documents/workspace/etrust_app/etrust_rn/node_modules/react-native/ReactAndroid/cmake-utils/default-app-setup/OnLoad.cpp:38:\n  /Users/zhaoxm/Documents/workspace/etrust_app/etrust_rn/android/app/build/generated/source/codegen/jni/./AppSpec.h:150:18: error: redefinition of 'NativeDeviceInfoSpecJSI'\n    150 | class JSI_EXPORT NativeDeviceInfoSpecJSI : public JavaTurboModule {\n        |                  ^\n  /Users/zhaoxm/.gradle/caches/8.13/transforms/bb95dd3f95b706eb5968c7bca5dffada/transformed/react-android-0.79.0-debug/prefab/modules/reactnative/include/rncore.h:142:18: note: previous definition is here\n    142 | class JSI_EXPORT NativeDeviceInfoSpecJSI : public JavaTurboModule {\n        |                  ^\n  In file included from /Users/zhaoxm/Documents/workspace/etrust_app/etrust_rn/node_modules/react-native/ReactAndroid/cmake-utils/default-app-setup/OnLoad.cpp:38:\n  /Users/zhaoxm/Documents/workspace/etrust_app/etrust_rn/android/app/build/generated/source/codegen/jni/./AppSpec.h:158:18: error: redefinition of 'NativeDialogManagerAndroidSpecJSI'\n    158 | class JSI_EXPORT NativeDialogManagerAndroidSpecJSI : public JavaTurboModule {\n        |                  ^\n  /Users/zhaoxm/.gradle/caches/8.13/transforms/bb95dd3f95b706eb5968c7bca5dffada/transformed/react-android-0.79.0-debug/prefab/modules/reactnative/include/rncore.h:150:18: note: previous definition is here\n    150 | class JSI_EXPORT NativeDialogManagerAndroidSpecJSI : public JavaTurboModule {\n        |                  ^\n  In file included from /Users/zhaoxm/Documents/workspace/etrust_app/etrust_rn/node_modules/react-native/ReactAndroid/cmake-utils/default-app-setup/OnLoad.cpp:38:\n  /Users/zhaoxm/Documents/workspace/etrust_app/etrust_rn/android/app/build/generated/source/codegen/jni/./AppSpec.h:166:18: error: redefinition of 'NativeExceptionsManagerSpecJSI'\n    166 | class JSI_EXPORT NativeExceptionsManagerSpecJSI : public JavaTurboModule {\n        |                  ^\n  /Users/zhaoxm/.gradle/caches/8.13/transforms/bb95dd3f95b706eb5968c7bca5dffada/transformed/react-android-0.79.0-debug/prefab/modules/reactnative/include/rncore.h:158:18: note: previous definition is here\n    158 | class JSI_EXPORT NativeExceptionsManagerSpecJSI : public JavaTurboModule {\n        |                  ^\n  In file included from /Users/zhaoxm/Documents/workspace/etrust_app/etrust_rn/node_modules/react-native/ReactAndroid/cmake-utils/default-app-setup/OnLoad.cpp:38:\n  /Users/zhaoxm/Documents/workspace/etrust_app/etrust_rn/android/app/build/generated/source/codegen/jni/./AppSpec.h:174:18: error: redefinition of 'NativeFileReaderModuleSpecJSI'\n    174 | class JSI_EXPORT NativeFileReaderModuleSpecJSI : public JavaTurboModule {\n        |                  ^\n  /Users/zhaoxm/.gradle/caches/8.13/transforms/bb95dd3f95b706eb5968c7bca5dffada/transformed/react-android-0.79.0-debug/prefab/modules/reactnative/include/rncore.h:166:18: note: previous definition is here\n    166 | class JSI_EXPORT NativeFileReaderModuleSpecJSI : public JavaTurboModule {\n        |                  ^\n  fatal error: too many errors emitted, stopping now [-ferror-limit=]\n  20 errors generated.\n  [3/9] Building CXX object codegen_app_build/CMakeFiles/react_codegen_AppSpec.dir/react/renderer/components/AppSpec/ShadowNodes.cpp.o\n  [4/9] Building CXX object codegen_app_build/CMakeFiles/react_codegen_AppSpec.dir/react/renderer/components/AppSpec/AppSpecJSI-generated.cpp.o\n  [5/9] Building CXX object codegen_app_build/CMakeFiles/react_codegen_AppSpec.dir/AppSpec-generated.cpp.o\n  [6/9] Building CXX object codegen_app_build/CMakeFiles/react_codegen_AppSpec.dir/react/renderer/components/AppSpec/Props.cpp.o\n  [7/9] Building CXX object codegen_app_build/CMakeFiles/react_codegen_AppSpec.dir/react/renderer/components/AppSpec/EventEmitters.cpp.o\n  [8/9] Building CXX object codegen_app_build/CMakeFiles/react_codegen_AppSpec.dir/react/renderer/components/AppSpec/ComponentDescriptors.cpp.o\n  ninja: build stopped: subcommand failed.\n  \n  C++ build system [build] failed while executing:\n      /Users/zhaoxm/Library/Android/sdk/cmake/3.22.1/bin/ninja \\\n        -C \\\n        /Users/zhaoxm/Documents/workspace/etrust_app/etrust_rn/android/app/.cxx/Debug/4t3t3h58/arm64-v8a \\\n        appmodules\n    from /Users/zhaoxm/Documents/workspace/etrust_app/etrust_rn/android/app\n\n* Try:\n> Run with --stacktrace option to get the stack trace.\n> Run with --info or --debug option to get more log output.\n> Run with --scan to get full insights.\n> Get more help at https://help.gradle.org.\n\nBUILD FAILED in 11s\nerror Failed to install the app. Command failed with exit code 1: ./gradlew app:installDebug -PreactNativeDevServerPort=8081 FAILURE: Build failed with an exception. * What went wrong:\nExecution failed for task ':app:buildCMakeDebug[arm64-v8a]'.\n> com.android.ide.common.process.ProcessException: ninja: Entering directory `/Users/zhaoxm/Documents/workspace/etrust_app/etrust_rn/android/app/.cxx/Debug/4t3t3h58/arm64-v8a' [0/2] Re-checking globbed directories... [1/9] Building CXX object codegen_app_build/CMakeFiles/react_codegen_AppSpec.dir/react/renderer/components/AppSpec/States.cpp.o [2/9] Building CXX object CMakeFiles/appmodules.dir/OnLoad.cpp.o FAILED: CMakeFiles/appmodules.dir/OnLoad.cpp.o /Users/zhaoxm/Library/Android/sdk/ndk/27.1.12297006/toolchains/llvm/prebuilt/darwin-x86_64/bin/clang++ --target=aarch64-none-linux-android24 --sysroot=/Users/zhaoxm/Library/Android/sdk/ndk/27.1.12297006/toolchains/llvm/prebuilt/darwin-x86_64/sysroot -Dappmodules_EXPORTS -I/Users/zhaoxm/Documents/workspace/etrust_app/etrust_rn/node_modules/react-native/ReactAndroid/cmake-utils/default-app-setup -I/Users/zhaoxm/Documents/workspace/etrust_app/etrust_rn/android/app/build/generated/autolinking/src/main/jni -I/Users/zhaoxm/Documents/workspace/etrust_app/etrust_rn/android/app/build/generated/source/codegen/jni/. -I/Users/zhaoxm/Documents/workspace/etrust_app/etrust_rn/android/app/build/generated/source/codegen/jni/react/renderer/components/AppSpec -isystem /Users/zhaoxm/.gradle/caches/8.13/transforms/72cde7dc85b5006383f56c98fcfedfa5/transformed/fbjni-0.7.0/prefab/modules/fbjni/include -isystem /Users/zhaoxm/.gradle/caches/8.13/transforms/bb95dd3f95b706eb5968c7bca5dffada/transformed/react-android-0.79.0-debug/prefab/modules/jsi/include -isystem /Users/zhaoxm/.gradle/caches/8.13/transforms/bb95dd3f95b706eb5968c7bca5dffada/transformed/react-android-0.79.0-debug/prefab/modules/reactnative/include -g -DANDROID -fdata-sections -ffunction-sections -funwind-tables -fstack-protector-strong -no-canonical-prefixes -D__BIONIC_NO_PAGE_SIZE_MACRO -D_FORTIFY_SOURCE=2 -Wformat -Werror=format-security -fno-limit-debug-info -fPIC -Wall -Werror -Wno-error=cpp -fexceptions -frtti -std=c++20 -DLOG_TAG=\\\"ReactNative\\\" -DFOLLY_NO_CONFIG=1 -DREACT_NATIVE_APP_CODEGEN_HEADER=\\\"AppSpec.h\\\" -DREACT_NATIVE_APP_COMPONENT_DESCRIPTORS_HEADER=\\\"react/renderer/components/AppSpec/ComponentDescriptors.h\\\" -DREACT_NATIVE_APP_COMPONENT_REGISTRATION=AppSpec_registerComponentDescriptorsFromCodegen -DREACT_NATIVE_APP_MODULE_PROVIDER=AppSpec_ModuleProvider -DFOLLY_HAVE_CLOCK_GETTIME=1 -DFOLLY_USE_LIBCPP=1 -DFOLLY_CFG_NO_COROUTINES=1 -DFOLLY_MOBILE=1 -DFOLLY_HAVE_RECVMMSG=1 -DFOLLY_HAVE_PTHREAD=1 -DFOLLY_HAVE_XSI_STRERROR_R=1 -MD -MT CMakeFiles/appmodules.dir/OnLoad.cpp.o -MF CMakeFiles/appmodules.dir/OnLoad.cpp.o.d -o CMakeFiles/appmodules.dir/OnLoad.cpp.o -c /Users/zhaoxm/Documents/workspace/etrust_app/etrust_rn/node_modules/react-native/ReactAndroid/cmake-utils/default-app-setup/OnLoad.cpp In file included from /Users/zhaoxm/Documents/workspace/etrust_app/etrust_rn/node_modules/react-native/ReactAndroid/cmake-utils/default-app-setup/OnLoad.cpp:38: /Users/zhaoxm/Documents/workspace/etrust_app/etrust_rn/android/app/build/generated/source/codegen/jni/./AppSpec.h:22:18: error: redefinition of 'NativeAccessibilityInfoSpecJSI' 22 | class JSI_EXPORT NativeAccessibilityInfoSpecJSI : public JavaTurboModule { | ^ /Users/zhaoxm/.gradle/caches/8.13/transforms/bb95dd3f95b706eb5968c7bca5dffada/transformed/react-android-0.79.0-debug/prefab/modules/reactnative/include/rncore.h:22:18: note: previous definition is here 22 | class JSI_EXPORT NativeAccessibilityInfoSpecJSI : public JavaTurboModule { | ^ In file included from /Users/zhaoxm/Documents/workspace/etrust_app/etrust_rn/node_modules/react-native/ReactAndroid/cmake-utils/default-app-setup/OnLoad.cpp:38: /Users/zhaoxm/Documents/workspace/etrust_app/etrust_rn/android/app/build/generated/source/codegen/jni/./AppSpec.h:30:18: error: redefinition of 'NativeAccessibilityManagerSpecJSI' 30 | class JSI_EXPORT NativeAccessibilityManagerSpecJSI : public JavaTurboModule { | ^ /Users/zhaoxm/.gradle/caches/8.13/transforms/bb95dd3f95b706eb5968c7bca5dffada/transformed/react-android-0.79.0-debug/prefab/modules/reactnative/include/rncore.h:30:18: note: previous definition is here 30 | class JSI_EXPORT NativeAccessibilityManagerSpecJSI : public JavaTurboModule { | ^ In file included from /Users/zhaoxm/Documents/workspace/etrust_app/etrust_rn/node_modules/react-native/ReactAndroid/cmake-utils/default-app-setup/OnLoad.cpp:38: /Users/zhaoxm/Documents/workspace/etrust_app/etrust_rn/android/app/build/generated/source/codegen/jni/./AppSpec.h:38:18: error: redefinition of 'NativeActionSheetManagerSpecJSI' 38 | class JSI_EXPORT NativeActionSheetManagerSpecJSI : public JavaTurboModule { | ^ /Users/zhaoxm/.gradle/caches/8.13/transforms/bb95dd3f95b706eb5968c7bca5dffada/transformed/react-android-0.79.0-debug/prefab/modules/reactnative/include/rncore.h:38:18: note: previous definition is here 38 | class JSI_EXPORT NativeActionSheetManagerSpecJSI : public JavaTurboModule { | ^ In file included from /Users/zhaoxm/Documents/workspace/etrust_app/etrust_rn/node_modules/react-native/ReactAndroid/cmake-utils/default-app-setup/OnLoad.cpp:38: /Users/zhaoxm/Documents/workspace/etrust_app/etrust_rn/android/app/build/generated/source/codegen/jni/./AppSpec.h:46:18: error: redefinition of 'NativeAlertManagerSpecJSI' 46 | class JSI_EXPORT NativeAlertManagerSpecJSI : public JavaTurboModule { | ^ /Users/zhaoxm/.gradle/caches/8.13/transforms/bb95dd3f95b706eb5968c7bca5dffada/transformed/react-android-0.79.0-debug/prefab/modules/reactnative/include/rncore.h:46:18: note: previous definition is here 46 | class JSI_EXPORT NativeAlertManagerSpecJSI : public JavaTurboModule { | ^ In file included from /Users/zhaoxm/Documents/workspace/etrust_app/etrust_rn/node_modules/react-native/ReactAndroid/cmake-utils/default-app-setup/OnLoad.cpp:38: /Users/zhaoxm/Documents/workspace/etrust_app/etrust_rn/android/app/build/generated/source/codegen/jni/./AppSpec.h:54:18: error: redefinition of 'NativeAnimatedModuleSpecJSI' 54 | class JSI_EXPORT NativeAnimatedModuleSpecJSI : public JavaTurboModule { | ^ /Users/zhaoxm/.gradle/caches/8.13/transforms/bb95dd3f95b706eb5968c7bca5dffada/transformed/react-android-0.79.0-debug/prefab/modules/reactnative/include/rncore.h:54:18: note: previous definition is here 54 | class JSI_EXPORT NativeAnimatedModuleSpecJSI : public JavaTurboModule { | ^ In file included from /Users/zhaoxm/Documents/workspace/etrust_app/etrust_rn/node_modules/react-native/ReactAndroid/cmake-utils/default-app-setup/OnLoad.cpp:38: /Users/zhaoxm/Documents/workspace/etrust_app/etrust_rn/android/app/build/generated/source/codegen/jni/./AppSpec.h:62:18: error: redefinition of 'NativeAnimatedTurboModuleSpecJSI' 62 | class JSI_EXPORT NativeAnimatedTurboModuleSpecJSI : public JavaTurboModule { | ^ /Users/zhaoxm/.gradle/caches/8.13/transforms/bb95dd3f95b706eb5968c7bca5dffada/transformed/react-android-0.79.0-debug/prefab/modules/reactnative/include/rncore.h:62:18: note: previous definition is here 62 | class JSI_EXPORT NativeAnimatedTurboModuleSpecJSI : public JavaTurboModule { | ^ In file included from /Users/zhaoxm/Documents/workspace/etrust_app/etrust_rn/node_modules/react-native/ReactAndroid/cmake-utils/default-app-setup/OnLoad.cpp:38: /Users/zhaoxm/Documents/workspace/etrust_app/etrust_rn/android/app/build/generated/source/codegen/jni/./AppSpec.h:70:18: error: redefinition of 'NativeAppStateSpecJSI' 70 | class JSI_EXPORT NativeAppStateSpecJSI : public JavaTurboModule { | ^ /Users/zhaoxm/.gradle/caches/8.13/transforms/bb95dd3f95b706eb5968c7bca5dffada/transformed/react-android-0.79.0-debug/prefab/modules/reactnative/include/rncore.h:70:18: note: previous definition is here 70 | class JSI_EXPORT NativeAppStateSpecJSI : public JavaTurboModule { | ^ In file included from /Users/zhaoxm/Documents/workspace/etrust_app/etrust_rn/node_modules/react-native/ReactAndroid/cmake-utils/default-app-setup/OnLoad.cpp:38: /Users/zhaoxm/Documents/workspace/etrust_app/etrust_rn/android/app/build/generated/source/codegen/jni/./AppSpec.h:78:18: error: redefinition of 'NativeAppearanceSpecJSI' 78 | class JSI_EXPORT NativeAppearanceSpecJSI : public JavaTurboModule { | ^ /Users/zhaoxm/.gradle/caches/8.13/transforms/bb95dd3f95b706eb5968c7bca5dffada/transformed/react-android-0.79.0-debug/prefab/modules/reactnative/include/rncore.h:78:18: note: previous definition is here 78 | class JSI_EXPORT NativeAppearanceSpecJSI : public JavaTurboModule { | ^ In file included from /Users/zhaoxm/Documents/workspace/etrust_app/etrust_rn/node_modules/react-native/ReactAndroid/cmake-utils/default-app-setup/OnLoad.cpp:38: /Users/zhaoxm/Documents/workspace/etrust_app/etrust_rn/android/app/build/generated/source/codegen/jni/./AppSpec.h:94:18: error: redefinition of 'NativeBlobModuleSpecJSI' 94 | class JSI_EXPORT NativeBlobModuleSpecJSI : public JavaTurboModule { | ^ /Users/zhaoxm/.gradle/caches/8.13/transforms/bb95dd3f95b706eb5968c7bca5dffada/transformed/react-android-0.79.0-debug/prefab/modules/reactnative/include/rncore.h:86:18: note: previous definition is here 86 | class JSI_EXPORT NativeBlobModuleSpecJSI : public JavaTurboModule { | ^ In file included from /Users/zhaoxm/Documents/workspace/etrust_app/etrust_rn/node_modules/react-native/ReactAndroid/cmake-utils/default-app-setup/OnLoad.cpp:38: /Users/zhaoxm/Documents/workspace/etrust_app/etrust_rn/android/app/build/generated/source/codegen/jni/./AppSpec.h:102:18: error: redefinition of 'NativeBugReportingSpecJSI' 102 | class JSI_EXPORT NativeBugReportingSpecJSI : public JavaTurboModule { | ^ /Users/zhaoxm/.gradle/caches/8.13/transforms/bb95dd3f95b706eb5968c7bca5dffada/transformed/react-android-0.79.0-debug/prefab/modules/reactnative/include/rncore.h:94:18: note: previous definition is here 94 | class JSI_EXPORT NativeBugReportingSpecJSI : public JavaTurboModule { | ^ In file included from /Users/zhaoxm/Documents/workspace/etrust_app/etrust_rn/node_modules/react-native/ReactAndroid/cmake-utils/default-app-setup/OnLoad.cpp:38: /Users/zhaoxm/Documents/workspace/etrust_app/etrust_rn/android/app/build/generated/source/codegen/jni/./AppSpec.h:110:18: error: redefinition of 'NativeClipboardSpecJSI' 110 | class JSI_EXPORT NativeClipboardSpecJSI : public JavaTurboModule { | ^ /Users/zhaoxm/.gradle/caches/8.13/transforms/bb95dd3f95b706eb5968c7bca5dffada/transformed/react-android-0.79.0-debug/prefab/modules/reactnative/include/rncore.h:102:18: note: previous definition is here 102 | class JSI_EXPORT NativeClipboardSpecJSI : public JavaTurboModule { | ^ In file included from /Users/zhaoxm/Documents/workspace/etrust_app/etrust_rn/node_modules/react-native/ReactAndroid/cmake-utils/default-app-setup/OnLoad.cpp:38: /Users/zhaoxm/Documents/workspace/etrust_app/etrust_rn/android/app/build/generated/source/codegen/jni/./AppSpec.h:118:18: error: redefinition of 'NativeDevLoadingViewSpecJSI' 118 | class JSI_EXPORT NativeDevLoadingViewSpecJSI : public JavaTurboModule { | ^ /Users/zhaoxm/.gradle/caches/8.13/transforms/bb95dd3f95b706eb5968c7bca5dffada/transformed/react-android-0.79.0-debug/prefab/modules/reactnative/include/rncore.h:110:18: note: previous definition is here 110 | class JSI_EXPORT NativeDevLoadingViewSpecJSI : public JavaTurboModule { | ^ In file included from /Users/zhaoxm/Documents/workspace/etrust_app/etrust_rn/node_modules/react-native/ReactAndroid/cmake-utils/default-app-setup/OnLoad.cpp:38: /Users/zhaoxm/Documents/workspace/etrust_app/etrust_rn/android/app/build/generated/source/codegen/jni/./AppSpec.h:126:18: error: redefinition of 'NativeDevMenuSpecJSI' 126 | class JSI_EXPORT NativeDevMenuSpecJSI : public JavaTurboModule { | ^ /Users/zhaoxm/.gradle/caches/8.13/transforms/bb95dd3f95b706eb5968c7bca5dffada/transformed/react-android-0.79.0-debug/prefab/modules/reactnative/include/rncore.h:118:18: note: previous definition is here 118 | class JSI_EXPORT NativeDevMenuSpecJSI : public JavaTurboModule { | ^ In file included from /Users/zhaoxm/Documents/workspace/etrust_app/etrust_rn/node_modules/react-native/ReactAndroid/cmake-utils/default-app-setup/OnLoad.cpp:38: /Users/zhaoxm/Documents/workspace/etrust_app/etrust_rn/android/app/build/generated/source/codegen/jni/./AppSpec.h:134:18: error: redefinition of 'NativeDevSettingsSpecJSI' 134 | class JSI_EXPORT NativeDevSettingsSpecJSI : public JavaTurboModule { | ^ /Users/zhaoxm/.gradle/caches/8.13/transforms/bb95dd3f95b706eb5968c7bca5dffada/transformed/react-android-0.79.0-debug/prefab/modules/reactnative/include/rncore.h:126:18: note: previous definition is here 126 | class JSI_EXPORT NativeDevSettingsSpecJSI : public JavaTurboModule { | ^ In file included from /Users/zhaoxm/Documents/workspace/etrust_app/etrust_rn/node_modules/react-native/ReactAndroid/cmake-utils/default-app-setup/OnLoad.cpp:38: /Users/zhaoxm/Documents/workspace/etrust_app/etrust_rn/android/app/build/generated/source/codegen/jni/./AppSpec.h:142:18: error: redefinition of 'NativeDeviceEventManagerSpecJSI' 142 | class JSI_EXPORT NativeDeviceEventManagerSpecJSI : public JavaTurboModule { | ^ /Users/zhaoxm/.gradle/caches/8.13/transforms/bb95dd3f95b706eb5968c7bca5dffada/transformed/react-android-0.79.0-debug/prefab/modules/reactnative/include/rncore.h:134:18: note: previous definition is here 134 | class JSI_EXPORT NativeDeviceEventManagerSpecJSI : public JavaTurboModule { | ^ In file included from /Users/zhaoxm/Documents/workspace/etrust_app/etrust_rn/node_modules/react-native/ReactAndroid/cmake-utils/default-app-setup/OnLoad.cpp:38: /Users/zhaoxm/Documents/workspace/etrust_app/etrust_rn/android/app/build/generated/source/codegen/jni/./AppSpec.h:150:18: error: redefinition of 'NativeDeviceInfoSpecJSI' 150 | class JSI_EXPORT NativeDeviceInfoSpecJSI : public JavaTurboModule { | ^ /Users/zhaoxm/.gradle/caches/8.13/transforms/bb95dd3f95b706eb5968c7bca5dffada/transformed/react-android-0.79.0-debug/prefab/modules/reactnative/include/rncore.h:142:18: note: previous definition is here 142 | class JSI_EXPORT NativeDeviceInfoSpecJSI : public JavaTurboModule { | ^ In file included from /Users/zhaoxm/Documents/workspace/etrust_app/etrust_rn/node_modules/react-native/ReactAndroid/cmake-utils/default-app-setup/OnLoad.cpp:38: /Users/zhaoxm/Documents/workspace/etrust_app/etrust_rn/android/app/build/generated/source/codegen/jni/./AppSpec.h:158:18: error: redefinition of 'NativeDialogManagerAndroidSpecJSI' 158 | class JSI_EXPORT NativeDialogManagerAndroidSpecJSI : public JavaTurboModule { | ^ /Users/zhaoxm/.gradle/caches/8.13/transforms/bb95dd3f95b706eb5968c7bca5dffada/transformed/react-android-0.79.0-debug/prefab/modules/reactnative/include/rncore.h:150:18: note: previous definition is here 150 | class JSI_EXPORT NativeDialogManagerAndroidSpecJSI : public JavaTurboModule { | ^ In file included from /Users/zhaoxm/Documents/workspace/etrust_app/etrust_rn/node_modules/react-native/ReactAndroid/cmake-utils/default-app-setup/OnLoad.cpp:38: /Users/zhaoxm/Documents/workspace/etrust_app/etrust_rn/android/app/build/generated/source/codegen/jni/./AppSpec.h:166:18: error: redefinition of 'NativeExceptionsManagerSpecJSI' 166 | class JSI_EXPORT NativeExceptionsManagerSpecJSI : public JavaTurboModule { | ^ /Users/zhaoxm/.gradle/caches/8.13/transforms/bb95dd3f95b706eb5968c7bca5dffada/transformed/react-android-0.79.0-debug/prefab/modules/reactnative/include/rncore.h:158:18: note: previous definition is here 158 | class JSI_EXPORT NativeExceptionsManagerSpecJSI : public JavaTurboModule { | ^ In file included from /Users/zhaoxm/Documents/workspace/etrust_app/etrust_rn/node_modules/react-native/ReactAndroid/cmake-utils/default-app-setup/OnLoad.cpp:38: /Users/zhaoxm/Documents/workspace/etrust_app/etrust_rn/android/app/build/generated/source/codegen/jni/./AppSpec.h:174:18: error: redefinition of 'NativeFileReaderModuleSpecJSI' 174 | class JSI_EXPORT NativeFileReaderModuleSpecJSI : public JavaTurboModule { | ^ /Users/zhaoxm/.gradle/caches/8.13/transforms/bb95dd3f95b706eb5968c7bca5dffada/transformed/react-android-0.79.0-debug/prefab/modules/reactnative/include/rncore.h:166:18: note: previous definition is here 166 | class JSI_EXPORT NativeFileReaderModuleSpecJSI : public JavaTurboModule { | ^ fatal error: too many errors emitted, stopping now [-ferror-limit=] 20 errors generated. [3/9] Building CXX object codegen_app_build/CMakeFiles/react_codegen_AppSpec.dir/react/renderer/components/AppSpec/ShadowNodes.cpp.o [4/9] Building CXX object codegen_app_build/CMakeFiles/react_codegen_AppSpec.dir/react/renderer/components/AppSpec/AppSpecJSI-generated.cpp.o [5/9] Building CXX object codegen_app_build/CMakeFiles/react_codegen_AppSpec.dir/AppSpec-generated.cpp.o [6/9] Building CXX object codegen_app_build/CMakeFiles/react_codegen_AppSpec.dir/react/renderer/components/AppSpec/Props.cpp.o [7/9] Building CXX object codegen_app_build/CMakeFiles/react_codegen_AppSpec.dir/react/renderer/components/AppSpec/EventEmitters.cpp.o [8/9] Building CXX object codegen_app_build/CMakeFiles/react_codegen_AppSpec.dir/react/renderer/components/AppSpec/ComponentDescriptors.cpp.o ninja: build stopped: subcommand failed. C++ build system [build] failed while executing: /Users/zhaoxm/Library/Android/sdk/cmake/3.22.1/bin/ninja \\ -C \\ /Users/zhaoxm/Documents/workspace/etrust_app/etrust_rn/android/app/.cxx/Debug/4t3t3h58/arm64-v8a \\ appmodules from /Users/zhaoxm/Documents/workspace/etrust_app/etrust_rn/android/app * Try:\n> Run with --stacktrace option to get the stack trace.\n> Run with --info or --debug option to get more log output.\n> Run with --scan to get full insights.\n> Get more help at https://help.gradle.org. BUILD FAILED in 11s.\ninfo Run CLI with --verbose flag for more details.\n\nReproducer\nhttps://github.com/facebook/react-native/issues?q=is%3Aissue&page=3\nScreenshots and Videos\nNo response",
      "createdAt": "2025-04-18T15:54:15Z",
      "number": 50804,
      "labels": {
        "nodes": [
          {
            "name": "Platform: Android"
          },
          {
            "name": "Needs: Repro"
          },
          {
            "name": "Newer Patch Available"
          },
          {
            "name": "Needs: Attention"
          }
        ]
      },
      "author": {
        "login": "zhaoxm2016"
      }
    },
    {
      "title": "Can't access View from reactTag on iOS (New Architecture)",
      "url": "https://github.com/facebook/react-native/issues/50800",
      "bodyText": "Description\nI'm migrating to the New Architecture and I'm trying to access a native view instance by its reactTag on iOS. On Android, this is straightforward:\nval uiManager = UIManagerHelper.getUIManager(getContext(), UIManagerType.FABRIC)\nval view = uiManager?.resolveView(tag)\nOn iOS (Old Architecture), I used to do:\nself.bridge?.uiManager.view(forReactTag: tag)\nBut now, with the New Architecture (Bridgeless/Fabric enabled), I can't figure out how to access the view from a reactTag. I can't find any documentation or relevant API for this on iOS.\nSteps to reproduce\n\nCreate a Native Module for iOS in a React Native app with the New Architecture (Fabric/Bridgeless) enabled.\nAttempt to access a native view instance by its reactTag inside your native code (Swift/Objective-C).\nExample (Old Way):\nself.bridge?.uiManager.view(forReactTag: tag)\nNotice that the above method does not work with the New Architecture. View cannot be find.\n\nReact Native Version\n0.78.2\nAffected Platforms\nRuntime - iOS\nAreas\nTurboModule - The New Native Module System\nOutput of npx @react-native-community/cli info\nSystem:\n  OS: macOS 15.3.2\n  CPU: (8) arm64 Apple M1 Pro\n  Memory: 142.91 MB / 32.00 GB\n  Shell:\n    version: \"5.9\"\n    path: /bin/zsh\nBinaries:\n  Node:\n    version: 22.12.0\n    path: ~/.nvm/versions/node/v22.12.0/bin/node\n  Yarn:\n    version: 3.6.1\n    path: ~/.nvm/versions/node/v22.12.0/bin/yarn\n  npm:\n    version: 10.9.0\n    path: ~/.nvm/versions/node/v22.12.0/bin/npm\n  Watchman:\n    version: 2024.09.23.00\n    path: /opt/homebrew/bin/watchman\nManagers:\n  CocoaPods:\n    version: 1.15.2\n    path: /opt/homebrew/bin/pod\nSDKs:\n  iOS SDK:\n    Platforms:\n      - DriverKit 24.2\n      - iOS 18.2\n      - macOS 15.2\n      - tvOS 18.2\n      - visionOS 2.2\n      - watchOS 11.2\n  Android SDK:\n    API Levels:\n      - \"30\"\n      - \"31\"\n      - \"33\"\n      - \"34\"\n      - \"35\"\n    Build Tools:\n      - 29.0.2\n      - 30.0.2\n      - 30.0.3\n      - 31.0.0\n      - 33.0.0\n      - 33.0.1\n      - 34.0.0\n      - 35.0.0\n    System Images:\n      - android-29 | ARM 64 v8a\n      - android-29 | Google APIs ARM 64 v8a\n      - android-31 | Google Play ARM 64 v8a\n      - android-32 | Google Play ARM 64 v8a\n      - android-33 | ARM 64 v8a\n      - android-33 | Google APIs ARM 64 v8a\n      - android-34 | Google APIs ARM 64 v8a\n      - android-35 | ARM 64 v8a\n      - android-Tiramisu | Google APIs ARM 64 v8a\n    Android NDK: Not Found\nIDEs:\n  Android Studio: 2024.2 AI-242.21829.142.2421.12409432\n  Xcode:\n    version: 16.2/16C5032a\n    path: /usr/bin/xcodebuild\nLanguages:\n  Java:\n    version: 17.0.3\n    path: /usr/bin/javac\n  Ruby:\n    version: 3.3.5\n    path: /opt/homebrew/opt/ruby/bin/ruby\nnpmPackages:\n  \"@react-native-community/cli\":\n    installed: 15.0.1\n    wanted: 15.0.1\n  react:\n    installed: 19.0.0\n    wanted: 19.0.0\n  react-native:\n    installed: 0.78.2\n    wanted: 0.78.2\n  react-native-macos: Not Found\nnpmGlobalPackages:\n  \"*react-native*\": Not Found\nAndroid:\n  hermesEnabled: false\n  newArchEnabled: false\niOS:\n  hermesEnabled: Not found\n  newArchEnabled: Not found\n\nStacktrace or Logs\nN/A\n\nReproducer\nhttps://github.com/DorianMazur/ui-manager-ios-not-working\nScreenshots and Videos",
      "createdAt": "2025-04-18T09:10:17Z",
      "number": 50800,
      "labels": {
        "nodes": [
          {
            "name": "Platform: iOS"
          },
          {
            "name": "Needs: Triage :mag:"
          },
          {
            "name": "Newer Patch Available"
          },
          {
            "name": "Type: New Architecture"
          }
        ]
      },
      "author": {
        "login": "DorianMazur"
      }
    },
    {
      "title": "scale 0 touchable is clickable, inherits dimensions from random views",
      "url": "https://github.com/facebook/react-native/issues/50797",
      "bodyText": "Description\nIf a transform scaleY: 0 is applied to a view with e.g. TouchableWithoutFeedback inside, the clicks are still registered as if TouchableWithoutFeedback had some height.\nThe height matches height of another TouchableWithoutFeedback in the hierarchy.\nSteps to reproduce\n\nConnect an Android device.\ngit clone https://github.com/vanaigr/react-native-scale-0-bug and cd into the directory\nnpm i\nnpm run android\nWait until the app is started on the device\nFrom Metro, open DevTools\nOn the phone, change Scale: input to 0.5\nClick within 50% from the center of the green rectangle. Observe message 1 clicked appears in console.\nClick outide 50% from the center of the green rectangle. Observe no additional messages are printed.\nChange Scale: input to 0.9\nClick outide 50%, but within 90% from the center of the green rectangle. Observe message 1 clicked printed in console.\nChange Scale: input to 0\nClick near the middle of the blue rectangle. Observe message 2 clicked printed in console.\n\nReact Native Version\n0.79.0\nAffected Platforms\nRuntime - Android\nOutput of npx @react-native-community/cli info\nSystem:\n  OS: Windows 10 10.0.19045\n  CPU: \"(12) x64 AMD Ryzen 5 4500 6-Core Processor              \"\n  Memory: 5.91 GB / 15.87 GB\nBinaries:\n  Node:\n    version: 20.16.0\n    path: C:\\Program Files\\nodejs\\node.EXE\n  Yarn: Not Found\n  npm:\n    version: 10.8.2\n    path: C:\\Program Files\\nodejs\\npm.CMD\n  Watchman: Not Found\nSDKs:\n  Android SDK: Not Found\n  Windows SDK: Not Found\nIDEs:\n  Android Studio: Not Found\n  Visual Studio:\n    - 17.9.34723.18 (Visual Studio Community 2022)\nLanguages:\n  Java: 17.0.13\n  Ruby: Not Found\nnpmPackages:\n  \"@react-native-community/cli\":\n    installed: 18.0.0\n    wanted: 18.0.0\n  react:\n    installed: 19.0.0\n    wanted: 19.0.0\n  react-native:\n    installed: 0.79.0\n    wanted: 0.79.0\n  react-native-windows: Not Found\nnpmGlobalPackages:\n  \"*react-native*\": Not Found\nAndroid:\n  hermesEnabled: true\n  newArchEnabled: true\niOS:\n  hermesEnabled: Not found\n  newArchEnabled: Not found\n\nStacktrace or Logs\nN/A\n\nReproducer\nhttps://github.com/vanaigr/react-native-scale-0-bug\nScreenshots and Videos\n\n  \n    \n    \n\n    2025-04-18.00-04-30.mp4",
      "createdAt": "2025-04-18T05:24:37Z",
      "number": 50797,
      "labels": {
        "nodes": [
          {
            "name": "API: Dimensions"
          },
          {
            "name": "Needs: Triage :mag:"
          },
          {
            "name": "Newer Patch Available"
          }
        ]
      },
      "author": {
        "login": "vanaigr"
      }
    },
    {
      "title": "Some kinda of Sync issue only with 0.79.1",
      "url": "https://github.com/facebook/react-native/issues/50790",
      "bodyText": "Description\nto regenerate just go with this lib and see.\nSteps to reproduce\nhttps://www.npmjs.com/package/react-native-select-dropdown\nit was working fine with 0.78.2\nReact Native Version\n0.79.1\nAffected Platforms\nRuntime - iOS\nOutput of npx @react-native-community/cli info\nSystem:\n  OS: macOS 15.4\n  CPU: (8) arm64 Apple M2\n  Memory: 181.58 MB / 16.00 GB\n  Shell:\n    version: \"5.9\"\n    path: /bin/zsh\nBinaries:\n  Node:\n    version: 22.13.1\n    path: ~/.nvm/versions/node/v22.13.1/bin/node\n  Yarn:\n    version: 1.22.22\n    path: /opt/homebrew/bin/yarn\n  npm:\n    version: 11.1.0\n    path: ~/.nvm/versions/node/v22.13.1/bin/npm\n  Watchman:\n    version: 2024.12.02.00\n    path: /opt/homebrew/bin/watchman\nManagers:\n  CocoaPods:\n    version: 1.16.2\n    path: /opt/homebrew/bin/pod\nSDKs:\n  iOS SDK:\n    Platforms:\n      - DriverKit 24.4\n      - iOS 18.4\n      - macOS 15.4\n      - tvOS 18.4\n      - visionOS 2.4\n      - watchOS 11.4\n  Android SDK: Not Found\nIDEs:\n  Android Studio: 2024.3 AI-243.24978.46.2431.13208083\n  Xcode:\n    version: 16.3/16E140\n    path: /usr/bin/xcodebuild\nLanguages:\n  Java:\n    version: 22.0.2\n    path: /Library/Java/JavaVirtualMachines/jdk-22.jdk/Contents/Home/bin/javac\n  Ruby:\n    version: 3.3.0\n    path: /Users/m2/.rbenv/shims/ruby\nnpmPackages:\n  \"@react-native-community/cli\":\n    installed: 18.0.0\n    wanted: ^18.0.0\n  react:\n    installed: 19.0.0\n    wanted: 19.0.0\n  react-native:\n    installed: 0.79.1\n    wanted: ^0.79.1\n  react-native-macos: Not Found\nnpmGlobalPackages:\n  \"*react-native*\": Not Found\nAndroid:\n  hermesEnabled: true\n  newArchEnabled: false\niOS:\n  hermesEnabled: true\n  newArchEnabled: true\n\nStacktrace or Logs\n--\n\nReproducer\nnothingtoshow.com\nScreenshots and Videos\ni am using\nhttps://www.npmjs.com/package/react-native-select-dropdown\nit was working smooth with previous version 0.79.1 and now its been stop. i also reported to this lib communicators. please look in to and provide some helpful reply.",
      "createdAt": "2025-04-17T18:06:36Z",
      "number": 50790,
      "labels": {
        "nodes": [
          {
            "name": "Needs: Author Feedback"
          },
          {
            "name": "Needs: Repro"
          }
        ]
      },
      "author": {
        "login": "MoamberRaza"
      }
    }
  ],
  "expo/expo": [
    {
      "title": "[audio][web] Uncaught exception if playing without interaction from the user",
      "url": "https://github.com/expo/expo/issues/36264",
      "bodyText": "Minimal reproducible example\nnot available\nWhat platform(s) does this occur on?\nWeb\nWhere did you reproduce the issue?\non web\nSummary\nAt \n  \n    \n      expo/packages/expo-audio/src/AudioModule.web.ts\n    \n    \n         Line 181\n      in\n      39bb3d7\n    \n  \n  \n    \n\n        \n          \n           this.media.play(); \n        \n    \n  \n\n, AudioContext.play() method return a Promise that's not being handled, so if executing useAudioPlayer().play() without previous user interaction, app will throw an Uncaught Exception error\nEnvironment\nexpo-env-info 1.2.2 environment info:\n    System:\n      OS: Linux 6.8 Ubuntu 24.04.2 LTS 24.04.2 LTS (Noble Numbat)\n      Shell: 5.2.21 - /bin/bash\n    Binaries:\n      Node: 23.11.0 - /usr/bin/node\n      Yarn: 1.22.19 - /usr/bin/yarn\n      npm: 10.9.2 - /usr/bin/npm\n    npmPackages:\n      expo: ~52.0.43 => 52.0.44 \n      expo-router: ~4.0.20 => 4.0.20 \n      react: 18.3.1 => 18.3.1 \n      react-dom: 18.3.1 => 18.3.1 \n      react-native: 0.76.9 => 0.76.9 \n      react-native-web: ~0.19.13 => 0.19.13 \n    Expo Workflow: bare\n\nExpo Doctor Diagnostics\n12/15 checks passed. 3 checks failed. Possible issues detected:\nUse the --verbose flag to see more details about passed checks.\n\nâœ– Check for app config fields that may not be synced in a non-CNG project\n  This project contains native project folders but also has native configuration properties in app.json, indicating it is configured to use Prebuild. When the android/ios folders are present, EAS Build will not sync the following properties: orientation, icon, scheme, userInterfaceStyle, ios, android, plugins, androidStatusBar. \n  \n  Advice: Add '/android' and '/ios' to your .gitignore file if you intend to use CNG / Prebuild. Learn more.\n\nâœ– Validate packages against React Native Directory package metadata\n  The following issues were found when validating your dependencies against React Native Directory:\n  No metadata available: @teppeis/multimaps, assert\n  Advice: \n  - Update React Native Directory to include metadata for unknown packages. Alternatively, set expo.doctor.reactNativeDirectoryCheck.listUnknownPackages in package.json to false to skip warnings about packages with no metadata, if the warning is not relevant.\n\nâœ– Check that packages match versions required by installed Expo SDK\n  The following packages should be updated for best compatibility with the installed expo version:\n    expo@52.0.44 - expected version: ~52.0.46\n    expo-audio@0.4.2 - expected version: ~0.3.5\n    expo-splash-screen@0.29.22 - expected version: ~0.29.24\n  Your project may not work correctly until you install the expected versions of the packages.\n  Found outdated dependencies\n  Advice: Use 'npx expo install --check' to review and upgrade your dependencies.\n\n3 checks failed, indicating possible issues with the project.",
      "createdAt": "2025-04-18T23:31:17Z",
      "number": 36264,
      "labels": {
        "nodes": [
          {
            "name": "Issue accepted"
          }
        ]
      },
      "author": {
        "login": "piranna"
      }
    },
    {
      "title": "iOS Location tracking starts on it's own whilst app is terminated/killed.",
      "url": "https://github.com/expo/expo/issues/36259",
      "bodyText": "Minimal reproducible example\nhttps://github.com/Zaid772/location-tracking.git\nWhat platform(s) does this occur on?\niOS\nWhere did you reproduce the issue?\nin a development build\nSummary\nThis app is for tracking user location. It should work like every other GPS app, where tracking only occurs whilst the app is in the foreground and background. Then once terminated (swipe up) location tracking stops.\nThis works completely fine in my app. However, the problem is that location tracking starts on its own (without opening up the app) when I begin travelling in a car. After a few minutes of travelling the blue location icon appears in the iPhone status bar. I suspect this occurs due to the reason it states in the Expo Location documentation:\n\nBackground location will stop if the user terminates the app.\nBackground location resumes if the user restarts the app.\n- [IOS]: The system will restart the terminated app when a new geofence event occurs.\n\n\nCan't find a way to stop this from occurring. I am using startLocationUpdatesAsync(BACKGROUND_LOCATION_TASK\nEnvironment\nexpo-env-info 1.2.2 environment info:\n    System:\n      OS: Windows 10 10.0.19045\n    Binaries:\n      Node: 22.11.0 - C:\\Program Files\\nodejs\\node.EXE\n      Yarn: 1.22.22 - ~\\AppData\\Roaming\\npm\\yarn.CMD\n      npm: 11.1.0 - C:\\Program Files\\nodejs\\npm.CMD\n    IDEs:\n      Android Studio: AI-242.23726.103.2422.12816248\n    npmPackages:\n      expo: ~52.0.46 => 52.0.46\n      expo-router: ~4.0.20 => 4.0.20\n      react: 18.3.1 => 18.3.1\n      react-dom: 18.3.1 => 18.3.1\n      react-native: 0.76.9 => 0.76.9\n      react-native-web: ~0.19.13 => 0.19.13\n    Expo Workflow: managed\n\nExpo Doctor Diagnostics\n15/15 checks passed. No issues detected!",
      "createdAt": "2025-04-18T18:53:50Z",
      "number": 36259,
      "labels": {
        "nodes": [
          {
            "name": "needs review"
          }
        ]
      },
      "author": {
        "login": "Zaid772"
      }
    },
    {
      "title": "[SDK 53] iOS crash when using Xcode custom build configuration",
      "url": "https://github.com/expo/expo/issues/36246",
      "bodyText": "Minimal reproducible example\nhttps://github.com/quocluongha/bare-rn-with-expo-53\nWhat platform(s) does this occur on?\niOS\nWhere did you reproduce the issue?\nin a development build\nSummary\nI am running bare a React Native + Expo Modules project. After upgrading to Expo SDK 53 via this diff, the app crash when I tried to build with a custom Xcode build configuration. In this case it is Dev.Debug which is dupplicated drom the default Debug configuration.\nThis happened when both react-native-reanimated and react-native-gesture-handler are installed at the same time.\nI have already added a Dev.Debug configuration to the reproducible repo. You can edit the scheme to try out the different configuration where the issue only occured on Dev.Debug.\n\nEnvironment\nexpo-env-info 1.2.2 environment info:\n    System:\n      OS: macOS 15.4.1\n      Shell: 5.9 - /bin/zsh\n    Binaries:\n      Node: 22.12.0 - ~/.nvm/versions/node/v22.12.0/bin/node\n      Yarn: 1.22.21 - ~/.nvm/versions/node/v22.12.0/bin/yarn\n      npm: 10.9.0 - ~/.nvm/versions/node/v22.12.0/bin/npm\n      Watchman: 2024.12.02.00 - /opt/homebrew/bin/watchman\n    Managers:\n      CocoaPods: 1.16.1 - /Users/luong/.rbenv/shims/pod\n    SDKs:\n      iOS SDK:\n        Platforms: DriverKit 24.4, iOS 18.4, macOS 15.4, tvOS 18.4, visionOS 2.4, watchOS 11.4\n    IDEs:\n      Android Studio: 2024.3 AI-243.24978.46.2431.13208083\n      Xcode: 16.3/16E140 - /usr/bin/xcodebuild\n    npmPackages:\n      expo: ^53.0.0-preview.7 => 53.0.0-preview.7 \n      react: 19.0.0 => 19.0.0 \n      react-native: 0.79.1 => 0.79.1 \n    Expo Workflow: bare\n\nExpo Doctor Diagnostics\n15/15 checks passed. No issues detected!",
      "createdAt": "2025-04-18T08:45:37Z",
      "number": 36246,
      "labels": {
        "nodes": [
          {
            "name": "needs review"
          }
        ]
      },
      "author": {
        "login": "quocluongha"
      }
    },
    {
      "title": "[EXPO SDK53] extraMavenRepos not applied on gradle subprojects",
      "url": "https://github.com/expo/expo/issues/36229",
      "bodyText": "Minimal reproducible example\nhttps://github.com/janwiebe-jump/sdk-53-extramavenrepos\nWhat platform(s) does this occur on?\nAndroid\nWhere did you reproduce the issue?\nin a development build\nSummary\nSince SDK 53 the extraMavenRepos property of expo-build-properties is not added to the non-root gradle project.\nIn our case, react-native-reanimated is installed, and the notifee maven repo is not added to this gradle project\nCheckout the repo, install dependencies and try run npx expo run:android\n(base) janwiebe@MB-JW-2 test-53 % npx expo run:android  \nâœ” Created native directory\nâœ” Updated package.json | no changes\nÂ» android: EDGE_TO_EDGE_PLUGIN: No configuration found for `edgeToEdgeEnabled` field in the project app config, falling back to false. In Android 16+ (targetSdkVersion 36) it will no longer be possible to disable edge-to-edge. Learn more: https://expo.fyi/edge-to-edge-rollout\nâœ” Finished prebuild\nâ€º Building app...\nTo honour the JVM settings for this build a single-use Daemon process will be forked. For more on this, please refer to https://docs.gradle.org/8.13/userguide/gradle_daemon.html#sec:disabling_the_daemon in the Gradle documentation.\nDaemon will be stopped at the end of the build \nConfiguration on demand is an incubating feature.\n\n> Configure project :\nAdding extra maven repository: ../../node_modules/@notifee/react-native/android/libs\n[ExpoRootProject] Using the following versions:\n  - buildTools:  35.0.0\n  - minSdk:      24\n  - compileSdk:  35\n  - targetSdk:   35\n  - ndk:         27.1.12297006\n  - kotlin:      2.0.21\n  - ksp:         2.0.21-1.0.28\n\n> Configure project :notifee_react-native\n:notifee_react-native @notifee/react-native found at /Users/janwiebe/projects/Temp/test-53/node_modules/@notifee/react-native\n:notifee_react-native package.json found at /Users/janwiebe/projects/Temp/test-53/node_modules/@notifee/react-native/package.json\n:notifee_react-native:version set from package.json: 9.1.8 (9,1,8 - 9001008)\n:notifee_react-native:android.compileSdk using custom value: 35\n:notifee_react-native:android.targetSdk using custom value: 35\n:notifee_react-native:android.minSdk using custom value: 24\n:notifee_react-native:reactNativeAndroidDir /Users/janwiebe/projects/Temp/test-53/node_modules/react-native/android\n\n> Configure project :expo\n\nUsing expo modules\n  - expo-constants (17.1.2)\n  - expo-modules-core (2.3.5)\n  - [ðŸ“¦] expo-asset (11.1.2)\n  - [ðŸ“¦] expo-file-system (18.1.4)\n  - [ðŸ“¦] expo-font (13.1.2)\n  - [ðŸ“¦] expo-keep-awake (14.1.2)\n\n\n> Configure project :react-native-reanimated\nAndroid gradle plugin: 8.8.2\nGradle: 8.13\n\n[Incubating] Problems report is available at: file:///Users/janwiebe/projects/Temp/test-53/android/build/reports/problems/problems-report.html\n\nFAILURE: Build failed with an exception.\n\n* What went wrong:\nCould not determine the dependencies of task ':app:processDebugResources'.\n> Could not resolve all dependencies for configuration ':app:debugRuntimeClasspath'.\n   > Could not find any matches for app.notifee:core:+ as no versions of app.notifee:core are available.\n     Searched in the following locations:\n       - file:/Users/janwiebe/projects/Temp/test-53/node_modules/react-native/android/app/notifee/core/maven-metadata.xml\n       - https://dl.google.com/dl/android/maven2/app/notifee/core/maven-metadata.xml\n       - https://repo.maven.apache.org/maven2/app/notifee/core/maven-metadata.xml\n       - https://www.jitpack.io/app/notifee/core/maven-metadata.xml\n       - https://oss.sonatype.org/content/repositories/snapshots/app/notifee/core/maven-metadata.xml\n     Required by:\n         project :app > project :notifee_react-native\n\n* Try:\n> Run with --stacktrace option to get the stack trace.\n> Run with --info or --debug option to get more log output.\n> Run with --scan to get full insights.\n> Get more help at https://help.gradle.org.\n\nDeprecated Gradle features were used in this build, making it incompatible with Gradle 9.0.\n\nYou can use '--warning-mode all' to show the individual deprecation warnings and determine if they come from your own scripts or plugins.\n\nFor more on this, please refer to https://docs.gradle.org/8.13/userguide/command_line_interface.html#sec:command_line_warnings in the Gradle documentation.\n\nBUILD FAILED in 29s\n28 actionable tasks: 4 executed, 24 up-to-date\nError: /Users/janwiebe/projects/Temp/test-53/android/gradlew app:assembleDebug -x lint -x test --configure-on-demand --build-cache -PreactNativeDevServerPort=8081 -PreactNativeArchitectures=arm64-v8a exited with non-zero code: 1\nError: /Users/janwiebe/projects/Temp/test-53/android/gradlew app:assembleDebug -x lint -x test --configure-on-demand --build-cache -PreactNativeDevServerPort=8081 -PreactNativeArchitectures=arm64-v8a exited with non-zero code: 1\n    at ChildProcess.completionListener (/Users/janwiebe/projects/Temp/test-53/node_modules/@expo/spawn-async/src/spawnAsync.ts:67:13)\n    at Object.onceWrapper (node:events:633:26)\n    at ChildProcess.emit (node:events:518:28)\n    at maybeClose (node:internal/child_process:1101:16)\n    at Process.ChildProcess._handle.onexit (node:internal/child_process:304:5)\n    ...\n    at spawnAsync (/Users/janwiebe/projects/Temp/test-53/node_modules/@expo/spawn-async/src/spawnAsync.ts:28:21)\n    at spawnGradleAsync (/Users/janwiebe/projects/Temp/test-53/node_modules/@expo/cli/src/start/platforms/android/gradle.ts:134:28)\n    at assembleAsync (/Users/janwiebe/projects/Temp/test-53/node_modules/@expo/cli/src/start/platforms/android/gradle.ts:83:16)\n    at runAndroidAsync (/Users/janwiebe/projects/Temp/test-53/node_modules/@expo/cli/src/run/android/runAndroidAsync.ts:62:24)\n\nEnvironment\nexpo-env-info 1.2.2 environment info:\n    System:\n      OS: macOS 15.4\n      Shell: 5.9 - /bin/zsh\n    Binaries:\n      Node: 22.14.0 - ~/.nvm/versions/node/v22.14.0/bin/node\n      Yarn: 1.22.22 - ~/.yarn/bin/yarn\n      npm: 10.9.2 - ~/.nvm/versions/node/v22.14.0/bin/npm\n      Watchman: 2025.03.10.00 - /opt/homebrew/bin/watchman\n    Managers:\n      CocoaPods: 1.15.2 - /usr/local/bin/pod\n    SDKs:\n      iOS SDK:\n        Platforms: DriverKit 24.4, iOS 18.4, macOS 15.4, tvOS 18.4, visionOS 2.4, watchOS 11.4\n      Android SDK:\n        API Levels: 33, 34, 35\n        Build Tools: 30.0.3, 31.0.0, 32.0.0, 33.0.3, 34.0.0, 35.0.0\n        System Images: android-26 | Google APIs ARM 64 v8a, android-28 | Google APIs ARM 64 v8a, android-30 | Google Play ARM 64 v8a, android-31 | Google Play ARM 64 v8a, android-32 | Google Play ARM 64 v8a, android-33 | Google APIs ARM 64 v8a, android-33 | Google Play ARM 64 v8a, android-34 | Google Play ARM 64 v8a, android-35 | Google Play ARM 64 v8a\n    IDEs:\n      Android Studio: 2024.2 AI-242.21829.142.2421.12409432\n      Xcode: 16.3/16E140 - /usr/bin/xcodebuild\n    npmPackages:\n      expo: ^53.0.0-preview.7 => 53.0.0-preview.7 \n      react: 19.0.0 => 19.0.0 \n      react-dom: 19.0.0 => 19.0.0 \n      react-native: 0.79.0 => 0.79.0 \n      react-native-web: ^0.20.0 => 0.20.0 \n    npmGlobalPackages:\n      eas-cli: 16.3.0\n\nExpo Doctor Diagnostics\n15/15 checks passed. No issues detected!",
      "createdAt": "2025-04-17T13:15:51Z",
      "number": 36229,
      "labels": {
        "nodes": [
          {
            "name": "needs review"
          }
        ]
      },
      "author": {
        "login": "janwiebe-jump"
      }
    },
    {
      "title": "[expo-video] Displaying/running videos from MediaLibrary does not work.",
      "url": "https://github.com/expo/expo/issues/36218",
      "bodyText": "Minimal reproducible example\nhttps://github.com/romawu/expo-sample\nWhat platform(s) does this occur on?\niOS\nWhere did you reproduce the issue?\nin a standalone app\nSummary\nHey guys,\nI am trying to get this issue resolved for days and I am totally out of ideas what else to check/try.\nWhat I try to do is actually pretty simple:\nI just want to display and run videos from the MediaLibrary of my device.\nThe Issue:\nWith my current approach I canâ€™t see the video being displayed, but I can hear the sound of the video being played.\nI can see the video controls when hovering over the place where the video should be displayed. I can see the play/pause button, a transparent darkish background etc. but no video is being displayed.\nI reproduced it in a standalone app running on my device.\nLet me add a screenshot to show you the issue:\n\nAs you can see there are other videos in that overview, that are being displayed: Big Buck Bunny on the bottom left. The blackish 'image' right of the hovered/clicked video is a running video as well. Both which are not videos recorded from my device. The URI format itself is not different at all (see URI format below in the text).\nYou can find the actual VideoPlayer component I am using in the sample I created (Link).\nThe source URI I am passing is of the following format:\nfile:///var/mobile/Media/DCIM/100APPLE/IMG_6171.MOV.\nPrevious debugging and solution attempts\nI did try a lot of stuff to narrow down this issue, which Iâ€™d like to share in the following.\n\nI replaced the â€˜localâ€™ uri with a web based one (e.g.: https://www.w3schools.com/html/mov_bbb.mp4). This works. A video is being displayed, so it does not be the video player component, but something else âœ…\nI uploaded videos from my phones MediaLibrary to S3 and converted them from .MOV to .MP4, downloaded the result to my phone and added it back to the MediaLibrary. Displaying this video works as well âœ…\nDownloading any .MOV and/or .MP4 videos to my phone and adding it to the MediaLibrary also works when trying display the video. It is being displayed by the video component. âœ…\n\nThere also is a thread I opened on Discord, where you might find additional information and solution attempts, which all did not work (Link to Discord Thread).\nI must admit that I am totally out of ideas, since there is no error message or exception being thrown.\nDo you guys have any ideas what might be the issue on that one?\nIf you need additional information Iâ€™ll be more than happy to provide these.\nEnvironment\nexpo-env-info 1.2.2 environment info:\n    System:\n      OS: macOS 15.2\n      Shell: 5.9 - /bin/zsh\n    Binaries:\n      Node: 20.11.1 - ~/.nvm/versions/node/v20.11.1/bin/node\n      Yarn: 3.6.4 - ~/.nvm/versions/node/v20.11.1/bin/yarn\n      npm: 10.9.0 - ~/.nvm/versions/node/v20.11.1/bin/npm\n      Watchman: 2025.03.10.00 - /opt/homebrew/bin/watchman\n    Managers:\n      CocoaPods: 1.16.2 - /opt/homebrew/bin/pod\n    SDKs:\n      iOS SDK:\n        Platforms: DriverKit 24.4, iOS 18.4, macOS 15.4, tvOS 18.4, visionOS 2.4, watchOS 11.4\n    IDEs:\n      Xcode: 16.3/16E140 - /usr/bin/xcodebuild\n    npmPackages:\n      babel-preset-expo: ~12.0.0 => 12.0.11 \n      expo: ^52.0.44 => 52.0.44 \n      metro: ^0.81.0 => 0.81.4 \n      react: 18.3.1 => 18.3.1 \n      react-native: 0.76.9 => 0.76.9 \n    npmGlobalPackages:\n      eas-cli: 10.2.2\n    Expo Workflow: bare\n\nExpo Doctor Diagnostics\n15/15 checks passed. No issues detected!",
      "createdAt": "2025-04-17T07:11:45Z",
      "number": 36218,
      "labels": {
        "nodes": [
          {
            "name": "needs review"
          }
        ]
      },
      "author": {
        "login": "romawu"
      }
    }
  ],
  "jondot/awesome-react-native": [
    {
      "title": "Add Sherlo to Utils & Infra section",
      "url": "https://github.com/jondot/awesome-react-native/issues/1144",
      "bodyText": "I'd like to propose adding Sherlo to the Utils & Infra section:\n\nSherlo - Visual testing and review tool for React Native Storybook.\n\nThe tool helps React Native teams catch visual regressions and streamline design reviews. It integrates directly with React Native Storybook and is actively maintained.\nThanks for considering!",
      "createdAt": "2025-02-26T11:20:39Z",
      "number": 1144,
      "labels": {
        "nodes": []
      },
      "author": {
        "login": "dawidk92"
      }
    },
    {
      "title": "Add an Expo e-commerce complete project",
      "url": "https://github.com/jondot/awesome-react-native/issues/1135",
      "bodyText": "C-Shopping-RN APP\nThis is a complete App developed by React Native (Expo). It is a beautiful e-commerce shopping application.\nUse technology\n\nReact Native\nRedux Toolkit\nRTK Query\nExpo Router\n-NativeWind\n\nApp open source address: https://github.com/huanghanzhilian/c-shopping-rn\nFull stack open source address: https://github.com/huanghanzhilian/c-shopping",
      "createdAt": "2024-03-05T03:29:12Z",
      "number": 1135,
      "labels": {
        "nodes": []
      },
      "author": {
        "login": "huanghanzhilian"
      }
    },
    {
      "title": "Add react-native-imagemin-asset-plugin",
      "url": "https://github.com/jondot/awesome-react-native/issues/1133",
      "bodyText": "link: https://github.com/iChengbo/react-native-imagemin-asset-plugin\nDescription: Metro Asset plugin for compressing images in React Native.",
      "createdAt": "2024-01-23T03:26:17Z",
      "number": 1133,
      "labels": {
        "nodes": []
      },
      "author": {
        "login": "iChengbo"
      }
    },
    {
      "title": "Add react-native-image-marker",
      "url": "https://github.com/jondot/awesome-react-native/issues/1131",
      "bodyText": "github link: https://github.com/jimmydaddy/react-native-image-marker\nPR: #1130",
      "createdAt": "2023-10-20T05:13:26Z",
      "number": 1131,
      "labels": {
        "nodes": []
      },
      "author": {
        "login": "JimmyDaddy"
      }
    },
    {
      "title": "Add Banuba Video Editor SDK",
      "url": "https://github.com/jondot/awesome-react-native/issues/1129",
      "bodyText": "Please add Banuba Video Editor SDK - https://www.banuba.com/video-editor-sdk-best-for-developers\nPR #1128",
      "createdAt": "2023-09-20T11:53:49Z",
      "number": 1129,
      "labels": {
        "nodes": []
      },
      "author": {
        "login": "GlebPBanuba"
      }
    }
  ],
  "react-native-elements/react-native-elements": [
    {
      "title": "Docs website Drawer not showing",
      "url": "https://github.com/react-native-elements/react-native-elements/issues/3970",
      "bodyText": "Is there an existing issue for this?\n\n I have searched the existing issues\n\nExplain what you did\n\nOpen https://reactnativeelements.com/\nClick on the hamburger menu\nExpected behavior\nDrawer shows up\nDescribe the bug\nDrawer doesnâ€™t show\nSteps To Reproduce\nSee above\nScreenshots\nNo response\nYour Environment\niOS safari",
      "createdAt": "2025-03-23T20:52:03Z",
      "number": 3970,
      "labels": {
        "nodes": [
          {
            "name": "Needs Triage"
          }
        ]
      },
      "author": {
        "login": "lil5"
      }
    },
    {
      "title": "disable allow font scale doesn't work in button group",
      "url": "https://github.com/react-native-elements/react-native-elements/issues/3969",
      "bodyText": "Is there an existing issue for this?\n\n I have searched the existing issues\n\nExplain what you did\nI want to fix font size in buttonGroup. No matter I use Text with react native or react native elements. The font size can't be fixed. Please help, thanks.\n<ButtonGroup\nbuttons={[\n<Text\nkey={0}\nallowFontScaling={false}\nstyle={{ fontSize: 16 }}\n>\né¸é … 1\n,\n<Text\nkey={1}\nallowFontScaling={false}\nstyle={{ fontSize: 16 }}\n>\né¸é … 2\n,\n/>\nExpected behavior\nFont size should be fixed.\nDescribe the bug\nFont size can't be fixed.\nSteps To Reproduce\nadd text component in buttons.\nScreenshots\nNo response\nYour Environment\n\n`npx @rneui/envinfo`\n  ```\n    Output from `npx @rneui/envinfo` goes here.\n  ```",
      "createdAt": "2025-03-18T10:34:03Z",
      "number": 3969,
      "labels": {
        "nodes": [
          {
            "name": "Needs Triage"
          }
        ]
      },
      "author": {
        "login": "frankA10019"
      }
    },
    {
      "title": "React Native 0.78  ListItem.Accordion  Each child in a list should have a unique \"key\" prop.",
      "url": "https://github.com/react-native-elements/react-native-elements/issues/3968",
      "bodyText": "Is there an existing issue for this?\n\n I have searched the existing issues\n\nExplain what you did\nI directly copied the following code in React Native 0.78 version\n\nExpected behavior\n\n\nâ€œEach child in a list should have a unique \"key\" prop. Check the render method of View. It was passed a child from PadView.â€\nDescribe the bug\nI have already set the key, but this error still occurred\nâ€œEach child in a list should have a unique \"key\" prop. Check the render method of View. It was passed a child from PadView.â€\nSteps To Reproduce\n![Image](https://github.com/user-attachments/assets/16de3cf6-36af-4139-bc0c-46d39203231c)\n\n![Image](https://github.com/user-attachments/assets/1fbdbabb-42cc-4829-bbf7-8d706b11be72)\n\nâ€œEach child in a list should have a unique \"key\" prop. Check the render method of `View`. It was passed a child from PadView.â€\nScreenshots\nNo response\nYour Environment\nGlobal Dependencies:\nNo related dependency found\nLocal Dependencies:\n\n@rneui/base : ^4.0.0-rc.8\n@rneui/themed : ^4.0.0-rc.8\nreact : 18.3.1\nreact-native : 0.78.0\n@types/react : ^19",
      "createdAt": "2025-03-07T06:55:23Z",
      "number": 3968,
      "labels": {
        "nodes": [
          {
            "name": "Needs Triage"
          }
        ]
      },
      "author": {
        "login": "FTW-001"
      }
    },
    {
      "title": "Why my project can't install  react-native-safe-area-context",
      "url": "https://github.com/react-native-elements/react-native-elements/issues/3966",
      "bodyText": "Discussed in #3965\n\nOriginally posted by ChaseWindYoungs February  8, 2025\nthis is my project.json\n{\n  \"name\": \"AwesomeProject\",\n  \"version\": \"0.0.1\",\n  \"private\": true,\n  \"scripts\": {\n    \"android\": \"react-native run-android\",\n    \"ios\": \"react-native run-ios\",\n    \"lint\": \"eslint .\",\n    \"start\": \"react-native start\",\n    \"test\": \"jest\"\n  },\n  \"dependencies\": {\n    \"@react-navigation/bottom-tabs\": \"^7.2.0\",\n    \"@react-navigation/elements\": \"^2.2.5\",\n    \"@react-navigation/native\": \"^7.0.14\",\n    \"@react-navigation/native-stack\": \"^7.2.0\",\n    \"@rneui/base\": \"^4.0.0-rc.7\",\n    \"@rneui/themed\": \"^4.0.0-rc.8\",\n    \"react\": \"18.3.1\",\n    \"react-native\": \"0.76.5\",\n    \"react-native-safe-area-context\": \"4.0.0\",\n    \"react-native-screens\": \"^4.5.0\",\n    \"react-native-svg\": \"^15.11.1\",\n    \"react-native-vector-icons\": \"^10.2.0\",\n    \"react-native-webview\": \"^13.12.5\",\n    \"zustand\": \"^5.0.3\"\n  },\n  \"devDependencies\": {\n    \"@babel/core\": \"^7.25.2\",\n    \"@babel/preset-env\": \"^7.25.3\",\n    \"@babel/runtime\": \"^7.25.0\",\n    \"@react-native-community/cli\": \"15.0.1\",\n    \"@react-native-community/cli-platform-android\": \"15.0.1\",\n    \"@react-native-community/cli-platform-ios\": \"15.0.1\",\n    \"@react-native/babel-preset\": \"0.76.5\",\n    \"@react-native/eslint-config\": \"0.76.5\",\n    \"@react-native/metro-config\": \"0.76.5\",\n    \"@react-native/typescript-config\": \"0.76.5\",\n    \"@types/react\": \"^18.2.6\",\n    \"@types/react-test-renderer\": \"^18.0.0\",\n    \"babel-jest\": \"^29.6.3\",\n    \"babel-plugin-module-resolver\": \"^5.0.2\",\n    \"eslint\": \"^8.19.0\",\n    \"jest\": \"^29.6.3\",\n    \"prettier\": \"2.8.8\",\n    \"react-native-svg-transformer\": \"^1.5.0\",\n    \"react-test-renderer\": \"18.3.1\",\n    \"typescript\": \"5.0.4\"\n  },\n  \"engines\": {\n    \"node\": \">=18\"\n  }\n}\n\nwhen i run  npx react-native run-android\nsome errors in terminal\ninfo A dev server is already running for this project on port 8081.\ninfo Installing the app...\n13 actionable tasks: 3 executed, 10 up-to-date\n\ninfo ðŸ’¡ Tip: Make sure that you have set up your development environment correctly, by running npx react-native doctor. To read more about doctor command visit: https://github.com/react-native-community/cli/blob/main/packages/cli-doctor/README.md#doctor \n\n\nFAILURE: Build failed with an exception.\n\n* Where:\nBuild file 'D:\\learn\\react-native\\RN_AQ\\node_modules\\react-native-safe-area-context\\android\\build.gradle' line: 108\n\n* What went wrong:\nA problem occurred evaluating project ':react-native-safe-area-context'.\n> Project with path ':ReactAndroid' could not be found in project ':react-native-safe-area-context'.\n\n* Try:\n> Run with --stacktrace option to get the stack trace.\n> Run with --info or --debug option to get more log output.\n> Run with --scan to get full insights.\n> Get more help at https://help.gradle.org.\n\nBUILD FAILED in 6s\nerror Failed to install the app. Command failed with exit code 1: gradlew.bat app:installDebug -PreactNativeDevServerPort=8081 FAILURE: Build failed with an exception. * Where: Build file 'D:\\learn\\react-native\\RN_AQ\\node_modules\\react-native-safe-area-context\\android\\build.gradle' line: 108 * What went wrong: A problem occurred evaluating project ':react-native-safe-area-context'. > Project with path ':ReactAndroid' could not be found in project ':react-native-safe-area-context'. * Try: > Run with --stacktrace option to get the stack trace. > Run with --info or --debug option to get more log output. > Run with --scan to get full insights. > Get more help at https://help.gradle.org. BUILD FAILED in 6s.\ninfo Run CLI with --verbose flag for more details.\n\nBefore this issue occurred, the react-native-safe-area-context I installed was the latest version. However, during the installation, I was prompted that there was a version conflict with dependencies, so I had to lower the version of this dependency. But after doing so, I encountered the problem mentioned above.\nsomebody can tell me  what can i do ?",
      "createdAt": "2025-02-11T02:26:26Z",
      "number": 3966,
      "labels": {
        "nodes": []
      },
      "author": {
        "login": "ChaseWindYoungs"
      }
    },
    {
      "title": "shadow style",
      "url": "https://github.com/react-native-elements/react-native-elements/issues/3964",
      "bodyText": "Is there an existing issue for this?\n\n I have searched the existing issues\n\nExplain what you did\nhello, i got a tiny problem when i tried to import the ui component. it's not a big deal, but i hope that could be fixed in future release. thanks\nExpected behavior\nimport {Text} from '@rneui/themed'\nDescribe the bug\n\"shadow*\" style props are deprecated. Use \"boxShadow\"\nshow on console and point to the import code line\nSteps To Reproduce\njust import text and run as web. the warning will show on the console\nScreenshots\nNo response\nYour Environment\n\n`npx @rneui/envinfo`\nGlobal Dependencies:\nNo related dependency found\nLocal Dependencies:\n\n@rneui/base : ^4.0.0-rc.7\n@rneui/themed : ^4.0.0-rc.8\nexpo : ~52.0.31\nreact : 18.3.1\nreact-native : 0.76.7\n@types/react : ~18.3.12",
      "createdAt": "2025-02-07T00:48:41Z",
      "number": 3964,
      "labels": {
        "nodes": [
          {
            "name": "Needs Triage"
          }
        ]
      },
      "author": {
        "login": "tanjiarui"
      }
    }
  ],
  "infinitered/ignite": [
    {
      "title": "In practice, I want zh-CN here, but exporting zh-CN is not allowed by the syntax.",
      "url": "https://github.com/infinitered/ignite/issues/2929",
      "bodyText": "Describe the bug\nimport ko from \"./ko\"\nimport es from \"./es\"\nimport fr from \"./fr\"\nimport zh from \"./zh\"\nimport ja from \"./ja\"\nimport hi from \"./hi\"\nconst fallbackLocale = \"en-US\"\nconst systemLocales = Localization.getLocales()\nconst resources = { ar, en, ko, es, fr, ja, hi, zh }\nconst supportedTags = Object.keys(resources)\nï¼ï¼ï¼ï¼ï¼ï¼ï¼ï¼ï¼ï¼\nIn practice, I want zh-CN here, but exporting zh-CN is not allowed by the syntax.\nIgnite version\n7.15.0\nAdditional info\nIn practice, I want zh-CN here, but exporting zh-CN is not allowed by the syntax.",
      "createdAt": "2025-04-10T21:27:52Z",
      "number": 2929,
      "labels": {
        "nodes": [
          {
            "name": "bug"
          }
        ]
      },
      "author": {
        "login": "wugongxing"
      }
    },
    {
      "title": "Cli generates buggy app if app name changes",
      "url": "https://github.com/infinitered/ignite/issues/2926",
      "bodyText": "Describe the bug\nWhenever I change the name of the app from PizzaApp to anything else, the CLI generates a buggy boilerplate that does not run. It does not even contain a src/app directory like the PizzaApp does.\nI am working from WSL 2 ubuntu 20 on windows.\nIgnite version\n10.2.0\nAdditional info\nSystem\nplatform           linux\narch               x64\ncpu                24 cores     AMD Ryzen 9 5900X 12-Core Processor\ndirectory          onemind      /home/doyin/projects/cloudflare-projects/mobile/onemind\nJavaScript (and globally-installed packages)\nnode               20.18.3                                   /home/doyin/.nvm/versions/node/v20.18.3/bin/node\nnpm                10.8.2                                    /home/doyin/.nvm/versions/node/v20.18.3/bin/npm\n@expo/ngrok      4.1.3\ncorepack         0.30.0\ncursor-tools     0.5.0\nnpm              10.8.2\nopenapicmd       2.6.1\nyarn               1.22.22                                   /home/doyin/.yarn/bin/yarn\npnpm               10.6.5                                    /home/doyin/.local/share/pnpm/pnpm\n\nbun                -                                         not installed\nexpo               52.0.44                                   managed\nIgnite\nignite-cli         10.2.0       /home/doyin/.npm/_npx/e31027f3785124a8/node_modules/.bin/ignite\nignite src         build        /home/doyin/.npm/_npx/e31027f3785124a8/node_modules/ignite-cli/build\nAndroid\njava               11.0.26      /usr/bin/java\nandroid home       -            undefined\nTools\ngit                git version 2.34.1   /usr/bin/git",
      "createdAt": "2025-04-08T08:11:55Z",
      "number": 2926,
      "labels": {
        "nodes": [
          {
            "name": "bug"
          }
        ]
      },
      "author": {
        "login": "gate3"
      }
    },
    {
      "title": "Could not find a declaration file for module @react-navigation/native",
      "url": "https://github.com/infinitered/ignite/issues/2925",
      "bodyText": "Describe the bug\nHi!\nOn fresh install of Ignite, I get Could not find a declaration file for module @react-navigation/native error. And other type errors based on this.\nWhat's recommended way to fix this problem?\nIgnite version\nlatest\nAdditional info\nSystem\n  platform           darwin                                                                  \n  arch               arm64                                                                   \n  cpu                10 cores     Apple M1 Pro                                               \n  directory          app          /Users/_/Projects/_/_/app \n\nJavaScript (and globally-installed packages)\n  node               23.9.0       /opt/homebrew/bin/node           \n  npm                10.9.2       /opt/homebrew/bin/npm            \n    corepack         0.31.0                                        \n    npm              10.9.2                                        \n  yarn               -            not installed                    \n  pnpm               -            not installed                    \n  bun                1.2.7        /Users/_/.bun/bin/bun \n  expo               52.0.44      managed                          \n\nIgnite\n  ignite-cli         10.2.0       /Users/_/.npm/_npx/e31027f3785124a8/node_modules/.bin/ignite      \n  ignite src         build        /Users/_/.npm/_npx/e31027f3785124a8/node_modules/ignite-cli/build \n\nAndroid\n  java               17.0.14      /usr/bin/java \n  android home       -            undefined     \n\niOS\n  xcode              16.3       \n  cocoapods          1.16.2       /opt/homebrew/bin/pod \n\nTools\n  git                git version 2.39.5 (Apple Git-154)   /usr/bin/git",
      "createdAt": "2025-04-06T10:16:05Z",
      "number": 2925,
      "labels": {
        "nodes": [
          {
            "name": "bug"
          }
        ]
      },
      "author": {
        "login": "devalirzayev"
      }
    },
    {
      "title": "ErrorBoundary and themes",
      "url": "https://github.com/infinitered/ignite/issues/2923",
      "bodyText": "Describe the bug\nWhen we have a rendering error, ErrorBoundary kicks in. Inside, it renders an ErrorDetails component, that uses theming.\nAs the ErrorBoundary is outside the ThemeProvider, we get the following error:\nCouldn't find a theme. Is your component inside NavigationContainer or does it have a theme?\nIgnite version\n10.2.0\nAdditional info",
      "createdAt": "2025-04-01T16:06:20Z",
      "number": 2923,
      "labels": {
        "nodes": [
          {
            "name": "bug"
          }
        ]
      },
      "author": {
        "login": "fabrii"
      }
    },
    {
      "title": "App creation time out",
      "url": "https://github.com/infinitered/ignite/issues/2922",
      "bodyText": "Describe the bug\nHello, it turns out that I'm trying to create a project with Ignite and at the moment that it goes through the -Running prebuild section when it's about to finish it throws me an \"Error: App creation time out.\"\nC:\\Users\\corre\\Documents>npx ignite-cli@latest new pizza-app3 --debug\nignite command: C:\\Program Files\\nodejs\\node.exe C:\\Users\\corre\\AppData\\Local\\npm-cache_npx\\bec2839915ba8fc3\\node_modules\\ignite-cli\\bin\\ignite new pizza-app3 --debug\nâœ… What bundle identifier? Â· com.pizzaapp3\nâœ… Where do you want to start your project? Â· C:\\Users\\corre\\Documents\\pizza-app3\nâœ… How do you want to manage Native code? Â· cng\nworkflow: cng\nâœ… Do you want to initialize a git repository? (Y/n) Â· Yes\navailablePackagers: npm\nâœ… Which package manager do you want to use? Â· npm\nignitePath: C:\\Users\\corre\\AppData\\Local\\npm-cache_npx\\bec2839915ba8fc3\\node_modules\\ignite-cli\nboilerplatePath: C:\\Users\\corre\\AppData\\Local\\npm-cache_npx\\bec2839915ba8fc3\\node_modules\\ignite-cli\\boilerplate\nâœ… Do you want to install dependencies? (Y/n) Â· Yes\nexperimentalFlags:\nâœ… [Experimental] Expo Router for navigation? (This will remove the demo application) (y/N) Â· No\nâœ… Enable the New Architecture? (y/N) Â· No\nâœ… Include MobX-State-Tree for state management? (Recommended - opting out will remove the demo application) (Y/n) Â· No\nWarning: the demo application will be removed.\n\n\nIgnite version\n10.2.0\nAdditional info\nSystem\nplatform           win32\narch               x64\ncpu                2 cores      Intel(R) Celeron(R) CPU B820 @ 1.70GHz\ndirectory          pizza-app3   C:\\Users\\corre\\Documents\\pizza-app3\nC:\\Users\\corre\\AppData\\Local\\npm-cache_npx\\e31027f3785124a8\\node_modules\\gluegun\\build\\index.js:15\nthrow up;\n^\nnpm error code ENOENT\nnpm error syscall lstat\nnpm error path C:\\Users\\corre\\AppData\\Roaming\\npm\nnpm error errno -4058\nnpm error enoent ENOENT: no such file or directory, lstat 'C:\\Users\\corre\\AppData\\Roaming\\npm'\nnpm error enoent This is related to npm not being able to find a file.\nnpm error enoent\n{\n\"error\": {\n\"code\": \"ENOENT\",\n\"summary\": \"ENOENT: no such file or directory, lstat 'C:\\Users\\corre\\AppData\\Roaming\\npm'\",\n\"detail\": \"This is related to npm not being able to find a file.\"\n}\n}\nnpm error A complete log of this run can be found in: C:\\Users\\corre\\AppData\\Local\\npm-cache_logs\\2025-03-27T16_44_30_596Z-debug-0.log\n(Use node --trace-uncaught ... to show where the exception was thrown)\nNode.js v23.10.0",
      "createdAt": "2025-03-27T16:45:05Z",
      "number": 2922,
      "labels": {
        "nodes": [
          {
            "name": "bug"
          },
          {
            "name": "windows"
          }
        ]
      },
      "author": {
        "login": "naxommm"
      }
    }
  ]
}